[2026-03-26T02:49:12.812+0000] {local_task_job_runner.py:123} INFO - ::group::Pre task execution logs
[2026-03-26T02:49:13.004+0000] {taskinstance.py:2614} INFO - Dependencies all met for dep_context=non-requeueable deps ti=<TaskInstance: etl_tempo_real.extract manual__2026-03-26T02:49:07.073166+00:00 [queued]>
[2026-03-26T02:49:13.019+0000] {taskinstance.py:2614} INFO - Dependencies all met for dep_context=requeueable deps ti=<TaskInstance: etl_tempo_real.extract manual__2026-03-26T02:49:07.073166+00:00 [queued]>
[2026-03-26T02:49:13.023+0000] {taskinstance.py:2867} INFO - Starting attempt 1 of 3
[2026-03-26T02:49:13.044+0000] {taskinstance.py:2890} INFO - Executing <Task(PythonOperator): extract> on 2026-03-26 02:49:07.073166+00:00
[2026-03-26T02:49:13.057+0000] {warnings.py:112} WARNING - /home/***/.local/lib/python3.12/site-packages/***/task/task_runner/standard_task_runner.py:70: DeprecationWarning: This process (pid=1624) is multi-threaded, use of fork() may lead to deadlocks in the child.
  pid = os.fork()

[2026-03-26T02:49:13.060+0000] {standard_task_runner.py:72} INFO - Started process 1627 to run task
[2026-03-26T02:49:13.060+0000] {standard_task_runner.py:104} INFO - Running: ['***', 'tasks', 'run', 'etl_tempo_real', 'extract', 'manual__2026-03-26T02:49:07.073166+00:00', '--job-id', '45', '--raw', '--subdir', 'DAGS_FOLDER/etl_tempo_real.py', '--cfg-path', '/tmp/tmpmivx3lal']
[2026-03-26T02:49:13.062+0000] {standard_task_runner.py:105} INFO - Job 45: Subtask extract
[2026-03-26T02:49:13.143+0000] {task_command.py:467} INFO - Running <TaskInstance: etl_tempo_real.extract manual__2026-03-26T02:49:07.073166+00:00 [running]> on host 186b4d63c7f5
[2026-03-26T02:49:13.286+0000] {taskinstance.py:3134} INFO - Exporting env vars: AIRFLOW_CTX_DAG_OWNER='***' AIRFLOW_CTX_DAG_ID='etl_tempo_real' AIRFLOW_CTX_TASK_ID='extract' AIRFLOW_CTX_EXECUTION_DATE='2026-03-26T02:49:07.073166+00:00' AIRFLOW_CTX_TRY_NUMBER='1' AIRFLOW_CTX_DAG_RUN_ID='manual__2026-03-26T02:49:07.073166+00:00'
[2026-03-26T02:49:13.288+0000] {logging_mixin.py:190} INFO - Task instance is in running state
[2026-03-26T02:49:13.289+0000] {logging_mixin.py:190} INFO -  Previous state of the Task instance: queued
[2026-03-26T02:49:13.290+0000] {logging_mixin.py:190} INFO - Current task name:extract state:running start_date:2026-03-26 02:49:13.006276+00:00
[2026-03-26T02:49:13.291+0000] {logging_mixin.py:190} INFO - Dag name:etl_tempo_real and current dag run status:running
[2026-03-26T02:49:13.292+0000] {taskinstance.py:732} INFO - ::endgroup::
[2026-03-26T02:49:13.393+0000] {logger.py:11} INFO - ====== WebDriver manager ======
[2026-03-26T02:49:13.506+0000] {logger.py:11} INFO - Get LATEST geckodriver version for 140.9 firefox
[2026-03-26T02:49:14.093+0000] {logger.py:11} INFO - Get LATEST geckodriver version for 140.9 firefox
[2026-03-26T02:49:14.384+0000] {logger.py:11} INFO - Driver [/home/***/.wdm/drivers/geckodriver/linux64/v0.36.0/geckodriver] found in cache
[2026-03-26T02:49:25.628+0000] {logging_mixin.py:190} INFO - URL após submit: https://www.tjpe.jus.br/rhsso/realms/tjpeconnect/login-actions/authenticate?execution=86865601-c9df-4b14-9337-25a121f00aca&client_id=tjpereports&tab_id=baeINGu6Dyc
[2026-03-26T02:49:27.639+0000] {logging_mixin.py:190} INFO - Código TOTP gerado: 632828
[2026-03-26T02:49:30.652+0000] {logging_mixin.py:190} INFO - Campo OTP encontrado
[2026-03-26T02:49:30.689+0000] {logging_mixin.py:190} INFO - Código TOTP inserido
[2026-03-26T02:49:32.742+0000] {logging_mixin.py:190} INFO - Formulário TOTP enviado
[2026-03-26T02:49:52.808+0000] {logging_mixin.py:190} INFO - URL atual: https://www.tjpe.jus.br/tjpereports/xhtml/manterRelatorio/executarRelatorio.xhtml
[2026-03-26T02:50:41.264+0000] {logging_mixin.py:190} INFO - Aguardando download na pasta: /data_tempo_real
[2026-03-26T02:50:56.268+0000] {logging_mixin.py:190} INFO - Arquivos antes: []
[2026-03-26T02:52:26.264+0000] {logging_mixin.py:190} INFO - Arquivos depois: ['20260325235036_TJPEReports.Hz1zL4Y7.xlsx.part', '20260325235036_TJPEReports.xlsx']
[2026-03-26T02:52:26.266+0000] {logging_mixin.py:190} INFO - Novos arquivos xlsx: ['20260325235036_TJPEReports.xlsx']
[2026-03-26T02:54:26.359+0000] {connectionpool.py:868} WARNING - Retrying (Retry(total=2, connect=None, read=None, redirect=None, status=None)) after connection broken by 'ReadTimeoutError("HTTPConnectionPool(host='localhost', port=51011): Read timed out. (read timeout=120)")': /session/f0d50f43-1c88-4406-b176-fe752dd9e831
[2026-03-26T02:56:26.452+0000] {connectionpool.py:868} WARNING - Retrying (Retry(total=1, connect=None, read=None, redirect=None, status=None)) after connection broken by 'ReadTimeoutError("HTTPConnectionPool(host='localhost', port=51011): Read timed out. (read timeout=120)")': /session/f0d50f43-1c88-4406-b176-fe752dd9e831
[2026-03-26T02:58:26.517+0000] {connectionpool.py:868} WARNING - Retrying (Retry(total=0, connect=None, read=None, redirect=None, status=None)) after connection broken by 'ReadTimeoutError("HTTPConnectionPool(host='localhost', port=51011): Read timed out. (read timeout=120)")': /session/f0d50f43-1c88-4406-b176-fe752dd9e831
[2026-03-26T03:04:14.671+0000] {local_task_job_runner.py:346} WARNING - State of this instance has been externally set to restarting. Terminating instance.
[2026-03-26T03:04:14.692+0000] {local_task_job_runner.py:245} INFO - ::endgroup::
[2026-03-26T03:04:14.745+0000] {process_utils.py:132} INFO - Sending 15 to group 1627. PIDs of all processes in the group: [1649, 1652, 1718, 1730, 1735, 1819, 1821, 1845, 1868, 1919, 1627]
[2026-03-26T03:04:14.749+0000] {process_utils.py:87} INFO - Sending the signal 15 to group 1627
[2026-03-26T03:04:14.775+0000] {taskinstance.py:3094} ERROR - Received SIGTERM. Terminating subprocesses.
[2026-03-26T03:04:15.192+0000] {taskinstance.py:3095} ERROR - Stacktrace: 
  File "/home/***/.local/bin/***", line 8, in <module>
    sys.exit(main())
  File "/home/***/.local/lib/python3.12/site-packages/***/__main__.py", line 62, in main
    args.func(args)
  File "/home/***/.local/lib/python3.12/site-packages/***/cli/cli_config.py", line 49, in command
    return func(*args, **kwargs)
  File "/home/***/.local/lib/python3.12/site-packages/***/utils/cli.py", line 116, in wrapper
    return f(*args, **kwargs)
  File "/home/***/.local/lib/python3.12/site-packages/***/providers/celery/cli/celery_command.py", line 64, in wrapper
    providers_configuration_loaded(func)(*args, **kwargs)
  File "/home/***/.local/lib/python3.12/site-packages/***/utils/providers_configuration_loader.py", line 55, in wrapped_function
    return func(*args, **kwargs)
  File "/home/***/.local/lib/python3.12/site-packages/***/providers/celery/cli/celery_command.py", line 237, in worker
    _run_command_with_daemon_option(
  File "/home/***/.local/lib/python3.12/site-packages/***/providers/celery/cli/celery_command.py", line 50, in _run_command_with_daemon_option
    run_command_with_daemon_option(*args, **kwargs)
  File "/home/***/.local/lib/python3.12/site-packages/***/cli/commands/daemon_utils.py", line 86, in run_command_with_daemon_option
    callback()
  File "/home/***/.local/lib/python3.12/site-packages/***/providers/celery/cli/celery_command.py", line 230, in run_celery_worker
    celery_app.worker_main(options)
  File "/home/***/.local/lib/python3.12/site-packages/celery/app/base.py", line 391, in worker_main
    self.start(argv=argv)
  File "/home/***/.local/lib/python3.12/site-packages/celery/app/base.py", line 371, in start
    celery.main(args=argv, standalone_mode=False)
  File "/home/***/.local/lib/python3.12/site-packages/click/core.py", line 1082, in main
    rv = self.invoke(ctx)
  File "/home/***/.local/lib/python3.12/site-packages/click/core.py", line 1697, in invoke
    return _process_result(sub_ctx.command.invoke(sub_ctx))
  File "/home/***/.local/lib/python3.12/site-packages/click/core.py", line 1443, in invoke
    return ctx.invoke(self.callback, **ctx.params)
  File "/home/***/.local/lib/python3.12/site-packages/click/core.py", line 788, in invoke
    return __callback(*args, **kwargs)
  File "/home/***/.local/lib/python3.12/site-packages/click/decorators.py", line 33, in new_func
    return f(get_current_context(), *args, **kwargs)
  File "/home/***/.local/lib/python3.12/site-packages/celery/bin/base.py", line 135, in caller
    return f(ctx, *args, **kwargs)
  File "/home/***/.local/lib/python3.12/site-packages/celery/bin/worker.py", line 356, in worker
    worker.start()
  File "/home/***/.local/lib/python3.12/site-packages/celery/worker/worker.py", line 202, in start
    self.blueprint.start(self)
  File "/home/***/.local/lib/python3.12/site-packages/celery/bootsteps.py", line 116, in start
    step.start(parent)
  File "/home/***/.local/lib/python3.12/site-packages/celery/bootsteps.py", line 365, in start
    return self.obj.start()
  File "/home/***/.local/lib/python3.12/site-packages/celery/concurrency/base.py", line 130, in start
    self.on_start()
  File "/home/***/.local/lib/python3.12/site-packages/celery/concurrency/prefork.py", line 109, in on_start
    P = self._pool = Pool(processes=self.limit,
  File "/home/***/.local/lib/python3.12/site-packages/celery/concurrency/asynpool.py", line 464, in __init__
    super().__init__(processes, *args, **kwargs)
  File "/home/***/.local/lib/python3.12/site-packages/billiard/pool.py", line 1046, in __init__
    self._create_worker_process(i)
  File "/home/***/.local/lib/python3.12/site-packages/celery/concurrency/asynpool.py", line 482, in _create_worker_process
    return super()._create_worker_process(i)
  File "/home/***/.local/lib/python3.12/site-packages/billiard/pool.py", line 1158, in _create_worker_process
    w.start()
  File "/home/***/.local/lib/python3.12/site-packages/billiard/process.py", line 120, in start
    self._popen = self._Popen(self)
  File "/home/***/.local/lib/python3.12/site-packages/billiard/context.py", line 331, in _Popen
    return Popen(process_obj)
  File "/home/***/.local/lib/python3.12/site-packages/billiard/popen_fork.py", line 22, in __init__
    self._launch(process_obj)
  File "/home/***/.local/lib/python3.12/site-packages/billiard/popen_fork.py", line 77, in _launch
    code = process_obj._bootstrap()
  File "/home/***/.local/lib/python3.12/site-packages/billiard/process.py", line 323, in _bootstrap
    self.run()
  File "/home/***/.local/lib/python3.12/site-packages/billiard/process.py", line 110, in run
    self._target(*self._args, **self._kwargs)
  File "/home/***/.local/lib/python3.12/site-packages/billiard/pool.py", line 292, in __call__
    sys.exit(self.workloop(pid=pid))
  File "/home/***/.local/lib/python3.12/site-packages/billiard/pool.py", line 362, in workloop
    result = (True, prepare_result(fun(*args, **kwargs)))
  File "/home/***/.local/lib/python3.12/site-packages/celery/app/trace.py", line 651, in fast_trace_task
    R, I, T, Rstr = tasks[task].__trace__(
  File "/home/***/.local/lib/python3.12/site-packages/celery/app/trace.py", line 453, in trace_task
    R = retval = fun(*args, **kwargs)
  File "/home/***/.local/lib/python3.12/site-packages/celery/app/trace.py", line 736, in __protected_call__
    return self.run(*args, **kwargs)
  File "/home/***/.local/lib/python3.12/site-packages/***/providers/celery/executors/celery_executor_utils.py", line 139, in execute_command
    _execute_in_fork(command_to_exec, celery_task_id)
  File "/home/***/.local/lib/python3.12/site-packages/***/providers/celery/executors/celery_executor_utils.py", line 171, in _execute_in_fork
    args.func(args)
  File "/home/***/.local/lib/python3.12/site-packages/***/cli/cli_config.py", line 49, in command
    return func(*args, **kwargs)
  File "/home/***/.local/lib/python3.12/site-packages/***/utils/cli.py", line 116, in wrapper
    return f(*args, **kwargs)
  File "/home/***/.local/lib/python3.12/site-packages/***/cli/commands/task_command.py", line 483, in task_run
    task_return_code = _run_task_by_selected_method(args, _dag, ti)
  File "/home/***/.local/lib/python3.12/site-packages/***/cli/commands/task_command.py", line 254, in _run_task_by_selected_method
    return _run_task_by_local_task_job(args, ti)
  File "/home/***/.local/lib/python3.12/site-packages/***/cli/commands/task_command.py", line 322, in _run_task_by_local_task_job
    ret = run_job(job=job_runner.job, execute_callable=job_runner._execute)
  File "/home/***/.local/lib/python3.12/site-packages/***/utils/session.py", line 97, in wrapper
    return func(*args, session=session, **kwargs)
  File "/home/***/.local/lib/python3.12/site-packages/***/jobs/job.py", line 421, in run_job
    return execute_job(job, execute_callable=execute_callable)
  File "/home/***/.local/lib/python3.12/site-packages/***/jobs/job.py", line 450, in execute_job
    ret = execute_callable()
  File "/home/***/.local/lib/python3.12/site-packages/***/jobs/local_task_job_runner.py", line 171, in _execute
    self.task_runner.start()
  File "/home/***/.local/lib/python3.12/site-packages/***/task/task_runner/standard_task_runner.py", line 55, in start
    self.process = self._start_by_fork()
  File "/home/***/.local/lib/python3.12/site-packages/***/task/task_runner/standard_task_runner.py", line 117, in _start_by_fork
    ret = args.func(args, dag=self.dag)
  File "/home/***/.local/lib/python3.12/site-packages/***/cli/cli_config.py", line 49, in command
    return func(*args, **kwargs)
  File "/home/***/.local/lib/python3.12/site-packages/***/utils/cli.py", line 116, in wrapper
    return f(*args, **kwargs)
  File "/home/***/.local/lib/python3.12/site-packages/***/cli/commands/task_command.py", line 483, in task_run
    task_return_code = _run_task_by_selected_method(args, _dag, ti)
  File "/home/***/.local/lib/python3.12/site-packages/***/cli/commands/task_command.py", line 256, in _run_task_by_selected_method
    return _run_raw_task(args, ti)
  File "/home/***/.local/lib/python3.12/site-packages/***/cli/commands/task_command.py", line 341, in _run_raw_task
    return ti._run_raw_task(
  File "/home/***/.local/lib/python3.12/site-packages/***/utils/session.py", line 97, in wrapper
    return func(*args, session=session, **kwargs)
  File "/home/***/.local/lib/python3.12/site-packages/***/models/taskinstance.py", line 3006, in _run_raw_task
    return _run_raw_task(
  File "/home/***/.local/lib/python3.12/site-packages/***/models/taskinstance.py", line 274, in _run_raw_task
    TaskInstance._execute_task_with_callbacks(
  File "/home/***/.local/lib/python3.12/site-packages/***/models/taskinstance.py", line 3161, in _execute_task_with_callbacks
    result = self._execute_task(context, task_orig)
  File "/home/***/.local/lib/python3.12/site-packages/***/models/taskinstance.py", line 3185, in _execute_task
    return _execute_task(self, context, task_orig)
  File "/home/***/.local/lib/python3.12/site-packages/***/models/taskinstance.py", line 768, in _execute_task
    result = _execute_callable(context=context, **execute_callable_kwargs)
  File "/home/***/.local/lib/python3.12/site-packages/***/models/taskinstance.py", line 734, in _execute_callable
    return ExecutionCallableRunner(
  File "/home/***/.local/lib/python3.12/site-packages/***/utils/operator_helpers.py", line 252, in run
    return self.func(*args, **kwargs)
  File "/home/***/.local/lib/python3.12/site-packages/***/models/baseoperator.py", line 424, in wrapper
    return func(self, *args, **kwargs)
  File "/home/***/.local/lib/python3.12/site-packages/***/operators/python.py", line 238, in execute
    return_value = self.execute_callable()
  File "/home/***/.local/lib/python3.12/site-packages/***/operators/python.py", line 256, in execute_callable
    return runner.run(*self.op_args, **self.op_kwargs)
  File "/home/***/.local/lib/python3.12/site-packages/***/utils/operator_helpers.py", line 252, in run
    return self.func(*args, **kwargs)
  File "/opt/***/project/src/extract_tempo_real.py", line 142, in extract_report_tempo_real
    if not novos_arquivos:
  File "/home/***/.local/lib/python3.12/site-packages/selenium/webdriver/common/webdriver.py", line 42, in quit
    self.service.stop()
  File "/home/***/.local/lib/python3.12/site-packages/selenium/webdriver/common/service.py", line 157, in stop
    self.send_remote_shutdown_command()
  File "/home/***/.local/lib/python3.12/site-packages/selenium/webdriver/common/service.py", line 138, in send_remote_shutdown_command
    request.urlopen(f"{self.service_url}/shutdown")
  File "/usr/local/lib/python3.12/urllib/request.py", line 215, in urlopen
    return opener.open(url, data, timeout)
  File "/usr/local/lib/python3.12/urllib/request.py", line 515, in open
    response = self._open(req, data)
  File "/usr/local/lib/python3.12/urllib/request.py", line 532, in _open
    result = self._call_chain(self.handle_open, protocol, protocol +
  File "/usr/local/lib/python3.12/urllib/request.py", line 492, in _call_chain
    result = func(*args)
  File "/usr/local/lib/python3.12/urllib/request.py", line 1373, in http_open
    return self.do_open(http.client.HTTPConnection, req)
  File "/usr/local/lib/python3.12/urllib/request.py", line 1348, in do_open
    r = h.getresponse()
  File "/usr/local/lib/python3.12/http/client.py", line 1430, in getresponse
    response.begin()
  File "/usr/local/lib/python3.12/http/client.py", line 331, in begin
    version, status, reason = self._read_status()
  File "/usr/local/lib/python3.12/http/client.py", line 292, in _read_status
    line = str(self.fp.readline(_MAXLINE + 1), "iso-8859-1")
  File "/usr/local/lib/python3.12/socket.py", line 720, in readinto
    return self._sock.recv_into(b)
  File "/home/***/.local/lib/python3.12/site-packages/***/models/taskinstance.py", line 3095, in signal_handler
    self.log.error("Stacktrace: \n%s", "".join(traceback.format_stack()))

[2026-03-26T03:04:15.262+0000] {process_utils.py:80} INFO - Process psutil.Process(pid=1735, status='terminated', started='02:49:15') (1735) terminated with exit code None
[2026-03-26T03:04:15.265+0000] {process_utils.py:80} INFO - Process psutil.Process(pid=1730, status='terminated', started='02:49:15') (1730) terminated with exit code None
[2026-03-26T03:04:15.274+0000] {process_utils.py:80} INFO - Process psutil.Process(pid=1649, status='terminated', started='02:49:14') (1649) terminated with exit code None
[2026-03-26T03:04:15.334+0000] {process_utils.py:80} INFO - Process psutil.Process(pid=1819, status='terminated', started='02:49:17') (1819) terminated with exit code None
[2026-03-26T03:04:15.353+0000] {process_utils.py:80} INFO - Process psutil.Process(pid=1845, status='terminated', started='02:49:17') (1845) terminated with exit code None
[2026-03-26T03:04:15.357+0000] {process_utils.py:80} INFO - Process psutil.Process(pid=1868, status='terminated', started='02:49:17') (1868) terminated with exit code None
[2026-03-26T03:04:15.334+0000] {taskinstance.py:3313} ERROR - Task failed with exception
Traceback (most recent call last):
  File "/home/airflow/.local/lib/python3.12/site-packages/airflow/models/taskinstance.py", line 768, in _execute_task
    result = _execute_callable(context=context, **execute_callable_kwargs)
             ^^^^^^^^^^^^^^^^^^^^^^^^^^^^^^^^^^^^^^^^^^^^^^^^^^^^^^^^^^^^^
  File "/home/airflow/.local/lib/python3.12/site-packages/airflow/models/taskinstance.py", line 734, in _execute_callable
    return ExecutionCallableRunner(
           ^^^^^^^^^^^^^^^^^^^^^^^^
  File "/home/airflow/.local/lib/python3.12/site-packages/airflow/utils/operator_helpers.py", line 252, in run
    return self.func(*args, **kwargs)
           ^^^^^^^^^^^^^^^^^^^^^^^^^^
  File "/home/airflow/.local/lib/python3.12/site-packages/airflow/models/baseoperator.py", line 424, in wrapper
    return func(self, *args, **kwargs)
           ^^^^^^^^^^^^^^^^^^^^^^^^^^^
  File "/home/airflow/.local/lib/python3.12/site-packages/airflow/operators/python.py", line 238, in execute
    return_value = self.execute_callable()
                   ^^^^^^^^^^^^^^^^^^^^^^^
  File "/home/airflow/.local/lib/python3.12/site-packages/airflow/operators/python.py", line 256, in execute_callable
    return runner.run(*self.op_args, **self.op_kwargs)
           ^^^^^^^^^^^^^^^^^^^^^^^^^^^^^^^^^^^^^^^^^^^
  File "/home/airflow/.local/lib/python3.12/site-packages/airflow/utils/operator_helpers.py", line 252, in run
    return self.func(*args, **kwargs)
           ^^^^^^^^^^^^^^^^^^^^^^^^^^
  File "/opt/airflow/project/src/extract_tempo_real.py", line 142, in extract_report_tempo_real
    if not novos_arquivos:
    ^^^^^^^^^^^^^^^^
  File "/home/airflow/.local/lib/python3.12/site-packages/selenium/webdriver/common/webdriver.py", line 42, in quit
    self.service.stop()
  File "/home/airflow/.local/lib/python3.12/site-packages/selenium/webdriver/common/service.py", line 157, in stop
    self.send_remote_shutdown_command()
  File "/home/airflow/.local/lib/python3.12/site-packages/selenium/webdriver/common/service.py", line 138, in send_remote_shutdown_command
    request.urlopen(f"{self.service_url}/shutdown")
  File "/usr/local/lib/python3.12/urllib/request.py", line 215, in urlopen
    return opener.open(url, data, timeout)
           ^^^^^^^^^^^^^^^^^^^^^^^^^^^^^^^
  File "/usr/local/lib/python3.12/urllib/request.py", line 515, in open
    response = self._open(req, data)
               ^^^^^^^^^^^^^^^^^^^^^
  File "/usr/local/lib/python3.12/urllib/request.py", line 532, in _open
    result = self._call_chain(self.handle_open, protocol, protocol +
             ^^^^^^^^^^^^^^^^^^^^^^^^^^^^^^^^^^^^^^^^^^^^^^^^^^^^^^^
  File "/usr/local/lib/python3.12/urllib/request.py", line 492, in _call_chain
    result = func(*args)
             ^^^^^^^^^^^
  File "/usr/local/lib/python3.12/urllib/request.py", line 1373, in http_open
    return self.do_open(http.client.HTTPConnection, req)
           ^^^^^^^^^^^^^^^^^^^^^^^^^^^^^^^^^^^^^^^^^^^^^
  File "/usr/local/lib/python3.12/urllib/request.py", line 1348, in do_open
    r = h.getresponse()
        ^^^^^^^^^^^^^^^
  File "/usr/local/lib/python3.12/http/client.py", line 1430, in getresponse
    response.begin()
  File "/usr/local/lib/python3.12/http/client.py", line 331, in begin
    version, status, reason = self._read_status()
                              ^^^^^^^^^^^^^^^^^^^
  File "/usr/local/lib/python3.12/http/client.py", line 292, in _read_status
    line = str(self.fp.readline(_MAXLINE + 1), "iso-8859-1")
               ^^^^^^^^^^^^^^^^^^^^^^^^^^^^^^
  File "/usr/local/lib/python3.12/socket.py", line 720, in readinto
    return self._sock.recv_into(b)
           ^^^^^^^^^^^^^^^^^^^^^^^
  File "/home/airflow/.local/lib/python3.12/site-packages/airflow/models/taskinstance.py", line 3097, in signal_handler
    raise AirflowTaskTerminated("Task received SIGTERM signal")
airflow.exceptions.AirflowTaskTerminated: Task received SIGTERM signal
[2026-03-26T03:04:15.385+0000] {process_utils.py:80} INFO - Process psutil.Process(pid=1652, status='terminated', started='02:49:14') (1652) terminated with exit code None
[2026-03-26T03:04:15.406+0000] {process_utils.py:80} INFO - Process psutil.Process(pid=1919, status='terminated', started='02:49:19') (1919) terminated with exit code None
[2026-03-26T03:04:15.434+0000] {process_utils.py:80} INFO - Process psutil.Process(pid=1718, status='terminated', started='02:49:15') (1718) terminated with exit code None
[2026-03-26T03:04:15.473+0000] {logging_mixin.py:190} INFO - Task instance in failure state
[2026-03-26T03:04:15.518+0000] {logging_mixin.py:190} INFO - Task start:2026-03-26 02:49:13.006276+00:00 end:2026-03-26 03:04:15.414799+00:00 duration:902.408523
[2026-03-26T03:04:15.589+0000] {logging_mixin.py:190} INFO - Task:<Task(PythonOperator): extract> dag:<DAG: etl_tempo_real> dagrun:<DagRun etl_tempo_real @ 2026-03-26 02:49:07.073166+00:00: manual__2026-03-26T02:49:07.073166+00:00, state:running, queued_at: 2026-03-26 02:49:07.113681+00:00. externally triggered: True>
[2026-03-26T03:04:15.618+0000] {logging_mixin.py:190} INFO - Failure caused by Task received SIGTERM signal
[2026-03-26T03:04:15.625+0000] {taskinstance.py:1226} INFO - Marking task as UP_FOR_RETRY. dag_id=etl_tempo_real, task_id=extract, run_id=manual__2026-03-26T02:49:07.073166+00:00, execution_date=20260326T024907, start_date=20260326T024913, end_date=20260326T030415
[2026-03-26T03:04:15.803+0000] {process_utils.py:80} INFO - Process psutil.Process(pid=1821, status='terminated', started='02:49:17') (1821) terminated with exit code None
[2026-03-26T03:04:15.904+0000] {taskinstance.py:341} INFO - ::group::Post task execution logs
[2026-03-26T03:04:16.002+0000] {process_utils.py:80} INFO - Process psutil.Process(pid=1627, status='terminated', exitcode=2, started='02:49:12') (1627) terminated with exit code 2
