[2026-03-27T18:13:52.181+0000] {local_task_job_runner.py:123} INFO - ::group::Pre task execution logs
[2026-03-27T18:13:52.347+0000] {taskinstance.py:2614} INFO - Dependencies all met for dep_context=non-requeueable deps ti=<TaskInstance: etl_tempo_real.extract manual__2026-03-27T18:13:47.332219+00:00 [queued]>
[2026-03-27T18:13:52.361+0000] {taskinstance.py:2614} INFO - Dependencies all met for dep_context=requeueable deps ti=<TaskInstance: etl_tempo_real.extract manual__2026-03-27T18:13:47.332219+00:00 [queued]>
[2026-03-27T18:13:52.363+0000] {taskinstance.py:2867} INFO - Starting attempt 1 of 3
[2026-03-27T18:13:52.387+0000] {taskinstance.py:2890} INFO - Executing <Task(PythonOperator): extract> on 2026-03-27 18:13:47.332219+00:00
[2026-03-27T18:13:52.395+0000] {warnings.py:112} WARNING - /home/***/.local/lib/python3.12/site-packages/***/task/task_runner/standard_task_runner.py:70: DeprecationWarning: This process (pid=57) is multi-threaded, use of fork() may lead to deadlocks in the child.
  pid = os.fork()

[2026-03-27T18:13:52.399+0000] {standard_task_runner.py:72} INFO - Started process 60 to run task
[2026-03-27T18:13:52.400+0000] {standard_task_runner.py:104} INFO - Running: ['***', 'tasks', 'run', 'etl_tempo_real', 'extract', 'manual__2026-03-27T18:13:47.332219+00:00', '--job-id', '79', '--raw', '--subdir', 'DAGS_FOLDER/etl_tempo_real.py', '--cfg-path', '/tmp/tmp5me__zog']
[2026-03-27T18:13:52.403+0000] {standard_task_runner.py:105} INFO - Job 79: Subtask extract
[2026-03-27T18:13:52.490+0000] {task_command.py:467} INFO - Running <TaskInstance: etl_tempo_real.extract manual__2026-03-27T18:13:47.332219+00:00 [running]> on host d67a7f6b0afd
[2026-03-27T18:13:52.613+0000] {taskinstance.py:3134} INFO - Exporting env vars: AIRFLOW_CTX_DAG_OWNER='***' AIRFLOW_CTX_DAG_ID='etl_tempo_real' AIRFLOW_CTX_TASK_ID='extract' AIRFLOW_CTX_EXECUTION_DATE='2026-03-27T18:13:47.332219+00:00' AIRFLOW_CTX_TRY_NUMBER='1' AIRFLOW_CTX_DAG_RUN_ID='manual__2026-03-27T18:13:47.332219+00:00'
[2026-03-27T18:13:52.619+0000] {logging_mixin.py:190} INFO - Task instance is in running state
[2026-03-27T18:13:52.620+0000] {logging_mixin.py:190} INFO -  Previous state of the Task instance: queued
[2026-03-27T18:13:52.621+0000] {logging_mixin.py:190} INFO - Current task name:extract state:running start_date:2026-03-27 18:13:52.348595+00:00
[2026-03-27T18:13:52.621+0000] {logging_mixin.py:190} INFO - Dag name:etl_tempo_real and current dag run status:running
[2026-03-27T18:13:52.622+0000] {taskinstance.py:732} INFO - ::endgroup::
[2026-03-27T18:13:52.702+0000] {logger.py:11} INFO - ====== WebDriver manager ======
[2026-03-27T18:13:52.835+0000] {logger.py:11} INFO - Get LATEST geckodriver version for 140.9 firefox
[2026-03-27T18:13:53.205+0000] {logger.py:11} INFO - Get LATEST geckodriver version for 140.9 firefox
[2026-03-27T18:13:53.737+0000] {logger.py:11} INFO - There is no [linux64] geckodriver "v0.36.0" for browser firefox "140.9" in cache
[2026-03-27T18:13:53.740+0000] {logger.py:11} INFO - Get LATEST geckodriver version for 140.9 firefox
[2026-03-27T18:13:54.182+0000] {logger.py:11} INFO - Getting latest mozilla release info for v0.36.0
[2026-03-27T18:13:54.614+0000] {logger.py:11} INFO - About to download new driver from https://github.com/mozilla/geckodriver/releases/download/v0.36.0/geckodriver-v0.36.0-linux64.tar.gz
[2026-03-27T18:13:55.230+0000] {logger.py:11} INFO - Driver downloading response is 200
[2026-03-27T18:14:00.630+0000] {logger.py:11} INFO - Get LATEST geckodriver version for 140.9 firefox
[2026-03-27T18:14:01.019+0000] {logger.py:11} INFO - Driver has been saved in cache [/home/***/.wdm/drivers/geckodriver/linux64/v0.36.0]
[2026-03-27T18:14:09.278+0000] {logging_mixin.py:190} INFO - Página carregada: https://www.tjpe.jus.br/rhsso/realms/tjpeconnect/protocol/openid-connect/auth?response_type=code&client_id=tjpereports&redirect_uri=https%3A%2F%2Fwww.tjpe.jus.br%2Ftjpereports%2Fxhtml%2Flogin.xhtml&state=a9e44a78-de4f-4c6d-8d21-e14d84104455&login=true&scope=openid
[2026-03-27T18:14:15.156+0000] {logging_mixin.py:190} INFO - URL após submit: https://www.tjpe.jus.br/rhsso/realms/tjpeconnect/login-actions/authenticate?execution=86865601-c9df-4b14-9337-25a121f00aca&client_id=tjpereports&tab_id=6TCwmSGKqn0
[2026-03-27T18:14:17.229+0000] {logging_mixin.py:190} INFO - Código TOTP gerado: 433479
[2026-03-27T18:14:20.429+0000] {logging_mixin.py:190} INFO - Campo OTP encontrado
[2026-03-27T18:14:20.577+0000] {logging_mixin.py:190} INFO - Código TOTP inserido
[2026-03-27T18:14:22.693+0000] {logging_mixin.py:190} INFO - Formulário TOTP enviado
[2026-03-27T18:14:38.772+0000] {logging_mixin.py:190} INFO - URL atual: https://www.tjpe.jus.br/tjpereports/xhtml/manterRelatorio/executarRelatorio.xhtml
[2026-03-27T18:15:26.583+0000] {logging_mixin.py:190} INFO - Aguardando download na pasta: /data_tempo_real
[2026-03-27T18:15:41.585+0000] {logging_mixin.py:190} INFO - Arquivos antes: []
[2026-03-27T18:17:11.583+0000] {logging_mixin.py:190} INFO - Arquivos depois: ['20260327151521_TJPEReports.xlsx']
[2026-03-27T18:17:11.585+0000] {logging_mixin.py:190} INFO - Novos arquivos xlsx: ['20260327151521_TJPEReports.xlsx']
[2026-03-27T18:17:11.586+0000] {logging_mixin.py:190} INFO - Fechando navegador...
[2026-03-27T18:17:12.128+0000] {logging_mixin.py:190} INFO - Navegador fechado
[2026-03-27T18:17:12.129+0000] {logging_mixin.py:190} INFO - Download concluído: ['20260327151521_TJPEReports.xlsx']
[2026-03-27T18:17:12.130+0000] {python.py:240} INFO - Done. Returned value was: True
[2026-03-27T18:17:12.203+0000] {taskinstance.py:341} INFO - ::group::Post task execution logs
[2026-03-27T18:17:12.205+0000] {taskinstance.py:353} INFO - Marking task as SUCCESS. dag_id=etl_tempo_real, task_id=extract, run_id=manual__2026-03-27T18:13:47.332219+00:00, execution_date=20260327T181347, start_date=20260327T181352, end_date=20260327T181712
[2026-03-27T18:17:12.250+0000] {logging_mixin.py:190} INFO - Task instance in success state
[2026-03-27T18:17:12.251+0000] {logging_mixin.py:190} INFO -  Previous state of the Task instance: running
[2026-03-27T18:17:12.252+0000] {logging_mixin.py:190} INFO - Dag name:etl_tempo_real queued_at:2026-03-27 18:13:47.369673+00:00
[2026-03-27T18:17:12.253+0000] {logging_mixin.py:190} INFO - Task hostname:d67a7f6b0afd operator:PythonOperator
[2026-03-27T18:17:12.308+0000] {local_task_job_runner.py:266} INFO - Task exited with return code 0
[2026-03-27T18:17:12.385+0000] {taskinstance.py:3901} INFO - 1 downstream tasks scheduled from follow-on schedule check
[2026-03-27T18:17:12.389+0000] {local_task_job_runner.py:245} INFO - ::endgroup::
[2026-03-27T18:17:12.418+0000] {standard_task_runner.py:217} INFO - Process not found (most likely exited), stop collecting metrics
