[2026-03-27T19:25:33.290+0000] {local_task_job_runner.py:123} INFO - ::group::Pre task execution logs
[2026-03-27T19:25:33.462+0000] {taskinstance.py:2614} INFO - Dependencies all met for dep_context=non-requeueable deps ti=<TaskInstance: etl_tempo_real.extract manual__2026-03-27T19:25:29.229130+00:00 [queued]>
[2026-03-27T19:25:33.477+0000] {taskinstance.py:2614} INFO - Dependencies all met for dep_context=requeueable deps ti=<TaskInstance: etl_tempo_real.extract manual__2026-03-27T19:25:29.229130+00:00 [queued]>
[2026-03-27T19:25:33.478+0000] {taskinstance.py:2867} INFO - Starting attempt 1 of 3
[2026-03-27T19:25:33.499+0000] {taskinstance.py:2890} INFO - Executing <Task(PythonOperator): extract> on 2026-03-27 19:25:29.229130+00:00
[2026-03-27T19:25:33.510+0000] {warnings.py:112} WARNING - /home/***/.local/lib/python3.12/site-packages/***/task/task_runner/standard_task_runner.py:70: DeprecationWarning: This process (pid=474) is multi-threaded, use of fork() may lead to deadlocks in the child.
  pid = os.fork()

[2026-03-27T19:25:33.513+0000] {standard_task_runner.py:72} INFO - Started process 477 to run task
[2026-03-27T19:25:33.515+0000] {standard_task_runner.py:104} INFO - Running: ['***', 'tasks', 'run', 'etl_tempo_real', 'extract', 'manual__2026-03-27T19:25:29.229130+00:00', '--job-id', '96', '--raw', '--subdir', 'DAGS_FOLDER/etl_tempo_real.py', '--cfg-path', '/tmp/tmp3p41du3t']
[2026-03-27T19:25:33.516+0000] {standard_task_runner.py:105} INFO - Job 96: Subtask extract
[2026-03-27T19:25:33.614+0000] {task_command.py:467} INFO - Running <TaskInstance: etl_tempo_real.extract manual__2026-03-27T19:25:29.229130+00:00 [running]> on host 1abfc21eb0a8
[2026-03-27T19:25:33.752+0000] {taskinstance.py:3134} INFO - Exporting env vars: AIRFLOW_CTX_DAG_OWNER='***' AIRFLOW_CTX_DAG_ID='etl_tempo_real' AIRFLOW_CTX_TASK_ID='extract' AIRFLOW_CTX_EXECUTION_DATE='2026-03-27T19:25:29.229130+00:00' AIRFLOW_CTX_TRY_NUMBER='1' AIRFLOW_CTX_DAG_RUN_ID='manual__2026-03-27T19:25:29.229130+00:00'
[2026-03-27T19:25:33.755+0000] {logging_mixin.py:190} INFO - Task instance is in running state
[2026-03-27T19:25:33.756+0000] {logging_mixin.py:190} INFO -  Previous state of the Task instance: queued
[2026-03-27T19:25:33.756+0000] {logging_mixin.py:190} INFO - Current task name:extract state:running start_date:2026-03-27 19:25:33.464028+00:00
[2026-03-27T19:25:33.757+0000] {logging_mixin.py:190} INFO - Dag name:etl_tempo_real and current dag run status:running
[2026-03-27T19:25:33.758+0000] {taskinstance.py:732} INFO - ::endgroup::
[2026-03-27T19:25:33.898+0000] {logger.py:11} INFO - ====== WebDriver manager ======
[2026-03-27T19:25:34.032+0000] {logger.py:11} INFO - Get LATEST geckodriver version for 140.9 firefox
[2026-03-27T19:25:34.396+0000] {logger.py:11} INFO - Get LATEST geckodriver version for 140.9 firefox
[2026-03-27T19:25:34.529+0000] {logger.py:11} INFO - Driver [/home/***/.wdm/drivers/geckodriver/linux64/v0.36.0/geckodriver] found in cache
[2026-03-27T19:25:40.822+0000] {logging_mixin.py:190} INFO - Página carregada: https://www.tjpe.jus.br/rhsso/realms/tjpeconnect/protocol/openid-connect/auth?response_type=code&client_id=tjpereports&redirect_uri=https%3A%2F%2Fwww.tjpe.jus.br%2Ftjpereports%2Fxhtml%2Flogin.xhtml&state=e9ca2f80-5890-40af-9c0c-6422d5808b7b&login=true&scope=openid
[2026-03-27T19:25:46.076+0000] {logging_mixin.py:190} INFO - URL após submit: https://www.tjpe.jus.br/rhsso/realms/tjpeconnect/login-actions/authenticate?execution=86865601-c9df-4b14-9337-25a121f00aca&client_id=tjpereports&tab_id=YpJTTviSwqo
[2026-03-27T19:25:48.083+0000] {logging_mixin.py:190} INFO - Código TOTP gerado: 585665
[2026-03-27T19:25:51.093+0000] {logging_mixin.py:190} INFO - Campo OTP encontrado
[2026-03-27T19:25:51.121+0000] {logging_mixin.py:190} INFO - Código TOTP inserido
[2026-03-27T19:25:53.150+0000] {logging_mixin.py:190} INFO - Formulário TOTP enviado
[2026-03-27T19:26:04.403+0000] {logging_mixin.py:190} INFO - URL atual: https://www.tjpe.jus.br/tjpereports/xhtml/manterRelatorio/executarRelatorio.xhtml
[2026-03-27T19:26:51.283+0000] {logging_mixin.py:190} INFO - Aguardando download na pasta: /data_tempo_real
[2026-03-27T19:27:06.286+0000] {logging_mixin.py:190} INFO - Arquivos antes: []
[2026-03-27T19:28:36.278+0000] {logging_mixin.py:190} INFO - Arquivos depois: ['20260327162645_TJPEReports.xlsx']
[2026-03-27T19:28:36.279+0000] {logging_mixin.py:190} INFO - Novos arquivos xlsx: ['20260327162645_TJPEReports.xlsx']
[2026-03-27T19:28:36.280+0000] {logging_mixin.py:190} INFO - Fechando navegador...
[2026-03-27T19:28:36.877+0000] {logging_mixin.py:190} INFO - Navegador fechado
[2026-03-27T19:28:36.878+0000] {logging_mixin.py:190} INFO - Download concluído: ['20260327162645_TJPEReports.xlsx']
[2026-03-27T19:28:36.879+0000] {python.py:240} INFO - Done. Returned value was: True
[2026-03-27T19:28:36.923+0000] {taskinstance.py:341} INFO - ::group::Post task execution logs
[2026-03-27T19:28:36.924+0000] {taskinstance.py:353} INFO - Marking task as SUCCESS. dag_id=etl_tempo_real, task_id=extract, run_id=manual__2026-03-27T19:25:29.229130+00:00, execution_date=20260327T192529, start_date=20260327T192533, end_date=20260327T192836
[2026-03-27T19:28:36.957+0000] {logging_mixin.py:190} INFO - Task instance in success state
[2026-03-27T19:28:36.958+0000] {logging_mixin.py:190} INFO -  Previous state of the Task instance: running
[2026-03-27T19:28:36.959+0000] {logging_mixin.py:190} INFO - Dag name:etl_tempo_real queued_at:2026-03-27 19:25:29.257976+00:00
[2026-03-27T19:28:36.960+0000] {logging_mixin.py:190} INFO - Task hostname:1abfc21eb0a8 operator:PythonOperator
[2026-03-27T19:28:36.973+0000] {local_task_job_runner.py:266} INFO - Task exited with return code 0
[2026-03-27T19:28:37.010+0000] {taskinstance.py:3901} INFO - 1 downstream tasks scheduled from follow-on schedule check
[2026-03-27T19:28:37.014+0000] {local_task_job_runner.py:245} INFO - ::endgroup::
