[2026-03-26T02:40:23.772+0000] {local_task_job_runner.py:123} INFO - ::group::Pre task execution logs
[2026-03-26T02:40:23.805+0000] {taskinstance.py:2614} INFO - Dependencies all met for dep_context=non-requeueable deps ti=<TaskInstance: etl_tempo_real.extract manual__2026-03-26T02:28:50.030557+00:00 [queued]>
[2026-03-26T02:40:23.821+0000] {taskinstance.py:2614} INFO - Dependencies all met for dep_context=requeueable deps ti=<TaskInstance: etl_tempo_real.extract manual__2026-03-26T02:28:50.030557+00:00 [queued]>
[2026-03-26T02:40:23.822+0000] {taskinstance.py:2867} INFO - Starting attempt 3 of 3
[2026-03-26T02:40:23.849+0000] {taskinstance.py:2890} INFO - Executing <Task(PythonOperator): extract> on 2026-03-26 02:28:50.030557+00:00
[2026-03-26T02:40:23.868+0000] {warnings.py:112} WARNING - /home/***/.local/lib/python3.12/site-packages/***/task/task_runner/standard_task_runner.py:70: DeprecationWarning: This process (pid=1163) is multi-threaded, use of fork() may lead to deadlocks in the child.
  pid = os.fork()

[2026-03-26T02:40:23.872+0000] {standard_task_runner.py:72} INFO - Started process 1169 to run task
[2026-03-26T02:40:23.872+0000] {standard_task_runner.py:104} INFO - Running: ['***', 'tasks', 'run', 'etl_tempo_real', 'extract', 'manual__2026-03-26T02:28:50.030557+00:00', '--job-id', '42', '--raw', '--subdir', 'DAGS_FOLDER/etl_tempo_real.py', '--cfg-path', '/tmp/tmpt5xx4uq4']
[2026-03-26T02:40:23.875+0000] {standard_task_runner.py:105} INFO - Job 42: Subtask extract
[2026-03-26T02:40:23.961+0000] {task_command.py:467} INFO - Running <TaskInstance: etl_tempo_real.extract manual__2026-03-26T02:28:50.030557+00:00 [running]> on host 186b4d63c7f5
[2026-03-26T02:40:24.110+0000] {taskinstance.py:3134} INFO - Exporting env vars: AIRFLOW_CTX_DAG_OWNER='***' AIRFLOW_CTX_DAG_ID='etl_tempo_real' AIRFLOW_CTX_TASK_ID='extract' AIRFLOW_CTX_EXECUTION_DATE='2026-03-26T02:28:50.030557+00:00' AIRFLOW_CTX_TRY_NUMBER='3' AIRFLOW_CTX_DAG_RUN_ID='manual__2026-03-26T02:28:50.030557+00:00'
[2026-03-26T02:40:24.113+0000] {logging_mixin.py:190} INFO - Task instance is in running state
[2026-03-26T02:40:24.114+0000] {logging_mixin.py:190} INFO -  Previous state of the Task instance: queued
[2026-03-26T02:40:24.115+0000] {logging_mixin.py:190} INFO - Current task name:extract state:running start_date:2026-03-26 02:40:23.807111+00:00
[2026-03-26T02:40:24.115+0000] {logging_mixin.py:190} INFO - Dag name:etl_tempo_real and current dag run status:running
[2026-03-26T02:40:24.116+0000] {taskinstance.py:732} INFO - ::endgroup::
[2026-03-26T02:40:24.228+0000] {logger.py:11} INFO - ====== WebDriver manager ======
[2026-03-26T02:40:24.350+0000] {logger.py:11} INFO - Get LATEST geckodriver version for 140.9 firefox
[2026-03-26T02:40:25.168+0000] {logger.py:11} INFO - Get LATEST geckodriver version for 140.9 firefox
[2026-03-26T02:40:25.512+0000] {logger.py:11} INFO - Driver [/home/***/.wdm/drivers/geckodriver/linux64/v0.36.0/geckodriver] found in cache
[2026-03-26T02:40:40.245+0000] {logging_mixin.py:190} INFO - URL após submit: https://www.tjpe.jus.br/rhsso/realms/tjpeconnect/login-actions/authenticate?execution=86865601-c9df-4b14-9337-25a121f00aca&client_id=tjpereports&tab_id=YB_6gf_Ukso
[2026-03-26T02:40:42.256+0000] {logging_mixin.py:190} INFO - Código TOTP gerado: 541425
[2026-03-26T02:40:45.285+0000] {logging_mixin.py:190} INFO - Campo OTP encontrado
[2026-03-26T02:40:45.330+0000] {logging_mixin.py:190} INFO - Código TOTP inserido
[2026-03-26T02:40:47.403+0000] {logging_mixin.py:190} INFO - Formulário TOTP enviado
[2026-03-26T02:41:04.202+0000] {logging_mixin.py:190} INFO - URL atual: https://www.tjpe.jus.br/tjpereports/xhtml/manterRelatorio/executarRelatorio.xhtml
[2026-03-26T02:41:51.954+0000] {logging_mixin.py:190} INFO - Aguardando download na pasta: /data_tempo_real
[2026-03-26T02:42:06.961+0000] {logging_mixin.py:190} INFO - Arquivos antes: ['20260325233427_TJPEReports.xlsx', '20260325233539_TJPEReports.xlsx']
[2026-03-26T02:43:36.957+0000] {logging_mixin.py:190} INFO - Arquivos depois: ['20260325233427_TJPEReports.xlsx', '20260325233539_TJPEReports.xlsx', '20260325234147_TJPEReports.xlsx']
[2026-03-26T02:43:36.958+0000] {logging_mixin.py:190} INFO - Novos arquivos xlsx: ['20260325234147_TJPEReports.xlsx']
[2026-03-26T02:43:37.627+0000] {python.py:240} INFO - Done. Returned value was: None
[2026-03-26T02:43:37.665+0000] {taskinstance.py:341} INFO - ::group::Post task execution logs
[2026-03-26T02:43:37.666+0000] {taskinstance.py:353} INFO - Marking task as SUCCESS. dag_id=etl_tempo_real, task_id=extract, run_id=manual__2026-03-26T02:28:50.030557+00:00, execution_date=20260326T022850, start_date=20260326T024023, end_date=20260326T024337
[2026-03-26T02:43:37.722+0000] {logging_mixin.py:190} INFO - Task instance in success state
[2026-03-26T02:43:37.723+0000] {logging_mixin.py:190} INFO -  Previous state of the Task instance: running
[2026-03-26T02:43:37.724+0000] {logging_mixin.py:190} INFO - Dag name:etl_tempo_real queued_at:2026-03-26 02:28:50.072978+00:00
[2026-03-26T02:43:37.725+0000] {logging_mixin.py:190} INFO - Task hostname:186b4d63c7f5 operator:PythonOperator
[2026-03-26T02:43:37.756+0000] {local_task_job_runner.py:266} INFO - Task exited with return code 0
[2026-03-26T02:43:37.810+0000] {taskinstance.py:3901} INFO - 1 downstream tasks scheduled from follow-on schedule check
[2026-03-26T02:43:37.815+0000] {local_task_job_runner.py:245} INFO - ::endgroup::
