[2026-03-27T21:58:01.181+0000] {local_task_job_runner.py:123} INFO - ::group::Pre task execution logs
[2026-03-27T21:58:01.436+0000] {taskinstance.py:2614} INFO - Dependencies all met for dep_context=non-requeueable deps ti=<TaskInstance: etl_tempo_real.extract manual__2026-03-27T21:57:48.822289+00:00 [queued]>
[2026-03-27T21:58:01.456+0000] {taskinstance.py:2614} INFO - Dependencies all met for dep_context=requeueable deps ti=<TaskInstance: etl_tempo_real.extract manual__2026-03-27T21:57:48.822289+00:00 [queued]>
[2026-03-27T21:58:01.458+0000] {taskinstance.py:2867} INFO - Starting attempt 1 of 3
[2026-03-27T21:58:01.507+0000] {taskinstance.py:2890} INFO - Executing <Task(PythonOperator): extract> on 2026-03-27 21:57:48.822289+00:00
[2026-03-27T21:58:01.526+0000] {warnings.py:112} WARNING - /home/***/.local/lib/python3.12/site-packages/***/task/task_runner/standard_task_runner.py:70: DeprecationWarning: This process (pid=643) is multi-threaded, use of fork() may lead to deadlocks in the child.
  pid = os.fork()

[2026-03-27T21:58:01.531+0000] {standard_task_runner.py:72} INFO - Started process 646 to run task
[2026-03-27T21:58:01.539+0000] {standard_task_runner.py:104} INFO - Running: ['***', 'tasks', 'run', 'etl_tempo_real', 'extract', 'manual__2026-03-27T21:57:48.822289+00:00', '--job-id', '118', '--raw', '--subdir', 'DAGS_FOLDER/etl_tempo_real.py', '--cfg-path', '/tmp/tmp8bl4spt_']
[2026-03-27T21:58:01.541+0000] {standard_task_runner.py:105} INFO - Job 118: Subtask extract
[2026-03-27T21:58:01.667+0000] {task_command.py:467} INFO - Running <TaskInstance: etl_tempo_real.extract manual__2026-03-27T21:57:48.822289+00:00 [running]> on host 1abfc21eb0a8
[2026-03-27T21:58:01.870+0000] {taskinstance.py:3134} INFO - Exporting env vars: AIRFLOW_CTX_DAG_OWNER='***' AIRFLOW_CTX_DAG_ID='etl_tempo_real' AIRFLOW_CTX_TASK_ID='extract' AIRFLOW_CTX_EXECUTION_DATE='2026-03-27T21:57:48.822289+00:00' AIRFLOW_CTX_TRY_NUMBER='1' AIRFLOW_CTX_DAG_RUN_ID='manual__2026-03-27T21:57:48.822289+00:00'
[2026-03-27T21:58:01.873+0000] {logging_mixin.py:190} INFO - Task instance is in running state
[2026-03-27T21:58:01.874+0000] {logging_mixin.py:190} INFO -  Previous state of the Task instance: queued
[2026-03-27T21:58:01.875+0000] {logging_mixin.py:190} INFO - Current task name:extract state:running start_date:2026-03-27 21:58:01.437770+00:00
[2026-03-27T21:58:01.876+0000] {logging_mixin.py:190} INFO - Dag name:etl_tempo_real and current dag run status:running
[2026-03-27T21:58:01.877+0000] {taskinstance.py:732} INFO - ::endgroup::
[2026-03-27T21:58:02.045+0000] {logging_mixin.py:190} INFO - Iniciando extração - Download path: /data_tempo_real
[2026-03-27T21:58:02.048+0000] {logger.py:11} INFO - ====== WebDriver manager ======
[2026-03-27T21:58:02.343+0000] {logger.py:11} INFO - Get LATEST geckodriver version for 140.9 firefox
[2026-03-27T21:58:02.735+0000] {logger.py:11} INFO - Get LATEST geckodriver version for 140.9 firefox
[2026-03-27T21:58:02.881+0000] {logger.py:11} INFO - Driver [/home/***/.wdm/drivers/geckodriver/linux64/v0.36.0/geckodriver] found in cache
[2026-03-27T21:58:13.346+0000] {logging_mixin.py:190} INFO - Página carregada: https://www.tjpe.jus.br/rhsso/realms/tjpeconnect/protocol/openid-connect/auth?response_type=code&client_id=tjpereports&redirect_uri=https%3A%2F%2Fwww.tjpe.jus.br%2Ftjpereports%2Fxhtml%2Flogin.xhtml&state=3b072232-c34f-43eb-ae07-bfc7b76147c1&login=true&scope=openid
[2026-03-27T21:58:13.347+0000] {logging_mixin.py:190} INFO - Download path: /data_tempo_real
[2026-03-27T21:58:18.561+0000] {logging_mixin.py:190} INFO - URL após submit: https://www.tjpe.jus.br/rhsso/realms/tjpeconnect/login-actions/authenticate?execution=86865601-c9df-4b14-9337-25a121f00aca&client_id=tjpereports&tab_id=nJ82t-sf7iI
[2026-03-27T21:58:20.577+0000] {logging_mixin.py:190} INFO - Código TOTP gerado: 882590
[2026-03-27T21:58:23.586+0000] {logging_mixin.py:190} INFO - Campo OTP encontrado
[2026-03-27T21:58:23.618+0000] {logging_mixin.py:190} INFO - Código TOTP inserido
[2026-03-27T21:58:25.652+0000] {logging_mixin.py:190} INFO - Formulário TOTP enviado
[2026-03-27T21:58:42.741+0000] {logging_mixin.py:190} INFO - URL atual: https://www.tjpe.jus.br/tjpereports/xhtml/manterRelatorio/executarRelatorio.xhtml
[2026-03-27T21:59:30.387+0000] {logging_mixin.py:190} INFO - Aguardando download na pasta: /data_tempo_real
[2026-03-27T22:01:30.545+0000] {logging_mixin.py:190} INFO - Timeout esperando download
[2026-03-27T22:01:30.551+0000] {logging_mixin.py:190} INFO - Arquivos na pasta: []
[2026-03-27T22:01:30.561+0000] {logging_mixin.py:190} INFO - Novos arquivos xlsx: []
[2026-03-27T22:01:30.571+0000] {logging_mixin.py:190} INFO - Arquivos xlsx na pasta: []
[2026-03-27T22:01:30.573+0000] {logging_mixin.py:190} INFO - Fechando navegador...
[2026-03-27T22:01:31.388+0000] {logging_mixin.py:190} INFO - Navegador fechado
[2026-03-27T22:01:31.390+0000] {python.py:240} INFO - Done. Returned value was: False
[2026-03-27T22:01:31.462+0000] {taskinstance.py:341} INFO - ::group::Post task execution logs
[2026-03-27T22:01:31.464+0000] {taskinstance.py:353} INFO - Marking task as SUCCESS. dag_id=etl_tempo_real, task_id=extract, run_id=manual__2026-03-27T21:57:48.822289+00:00, execution_date=20260327T215748, start_date=20260327T215801, end_date=20260327T220131
[2026-03-27T22:01:31.517+0000] {logging_mixin.py:190} INFO - Task instance in success state
[2026-03-27T22:01:31.518+0000] {logging_mixin.py:190} INFO -  Previous state of the Task instance: running
[2026-03-27T22:01:31.519+0000] {logging_mixin.py:190} INFO - Dag name:etl_tempo_real queued_at:2026-03-27 21:57:48.971912+00:00
[2026-03-27T22:01:31.520+0000] {logging_mixin.py:190} INFO - Task hostname:1abfc21eb0a8 operator:PythonOperator
[2026-03-27T22:01:31.540+0000] {local_task_job_runner.py:266} INFO - Task exited with return code 0
[2026-03-27T22:01:31.587+0000] {taskinstance.py:3901} INFO - 1 downstream tasks scheduled from follow-on schedule check
[2026-03-27T22:01:31.591+0000] {local_task_job_runner.py:245} INFO - ::endgroup::
[2026-03-27T22:01:31.601+0000] {standard_task_runner.py:217} INFO - Process not found (most likely exited), stop collecting metrics
