[2026-03-27T19:28:39.592+0000] {local_task_job_runner.py:123} INFO - ::group::Pre task execution logs
[2026-03-27T19:28:39.748+0000] {taskinstance.py:2614} INFO - Dependencies all met for dep_context=non-requeueable deps ti=<TaskInstance: etl_tempo_real.transform manual__2026-03-27T19:25:29.229130+00:00 [queued]>
[2026-03-27T19:28:39.761+0000] {taskinstance.py:2614} INFO - Dependencies all met for dep_context=requeueable deps ti=<TaskInstance: etl_tempo_real.transform manual__2026-03-27T19:25:29.229130+00:00 [queued]>
[2026-03-27T19:28:39.763+0000] {taskinstance.py:2867} INFO - Starting attempt 1 of 3
[2026-03-27T19:28:39.781+0000] {taskinstance.py:2890} INFO - Executing <Task(PythonOperator): transform> on 2026-03-27 19:25:29.229130+00:00
[2026-03-27T19:28:39.790+0000] {warnings.py:112} WARNING - /home/***/.local/lib/python3.12/site-packages/***/task/task_runner/standard_task_runner.py:70: DeprecationWarning: This process (pid=835) is multi-threaded, use of fork() may lead to deadlocks in the child.
  pid = os.fork()

[2026-03-27T19:28:39.793+0000] {standard_task_runner.py:72} INFO - Started process 838 to run task
[2026-03-27T19:28:39.793+0000] {standard_task_runner.py:104} INFO - Running: ['***', 'tasks', 'run', 'etl_tempo_real', 'transform', 'manual__2026-03-27T19:25:29.229130+00:00', '--job-id', '98', '--raw', '--subdir', 'DAGS_FOLDER/etl_tempo_real.py', '--cfg-path', '/tmp/tmpsxk1vq5p']
[2026-03-27T19:28:39.795+0000] {standard_task_runner.py:105} INFO - Job 98: Subtask transform
[2026-03-27T19:28:39.861+0000] {task_command.py:467} INFO - Running <TaskInstance: etl_tempo_real.transform manual__2026-03-27T19:25:29.229130+00:00 [running]> on host 1abfc21eb0a8
[2026-03-27T19:28:39.965+0000] {taskinstance.py:3134} INFO - Exporting env vars: AIRFLOW_CTX_DAG_OWNER='***' AIRFLOW_CTX_DAG_ID='etl_tempo_real' AIRFLOW_CTX_TASK_ID='transform' AIRFLOW_CTX_EXECUTION_DATE='2026-03-27T19:25:29.229130+00:00' AIRFLOW_CTX_TRY_NUMBER='1' AIRFLOW_CTX_DAG_RUN_ID='manual__2026-03-27T19:25:29.229130+00:00'
[2026-03-27T19:28:39.967+0000] {logging_mixin.py:190} INFO - Task instance is in running state
[2026-03-27T19:28:39.968+0000] {logging_mixin.py:190} INFO -  Previous state of the Task instance: queued
[2026-03-27T19:28:39.968+0000] {logging_mixin.py:190} INFO - Current task name:transform state:running start_date:2026-03-27 19:28:39.750065+00:00
[2026-03-27T19:28:39.969+0000] {logging_mixin.py:190} INFO - Dag name:etl_tempo_real and current dag run status:running
[2026-03-27T19:28:39.970+0000] {taskinstance.py:732} INFO - ::endgroup::
[2026-03-27T19:28:39.998+0000] {logging_mixin.py:190} INFO - Arquivos encontrados: ['/data_tempo_real/20260327162645_TJPEReports.xlsx']
[2026-03-27T19:28:40.000+0000] {logging_mixin.py:190} INFO - Arquivo mais recente: /data_tempo_real/20260327162645_TJPEReports.xlsx
[2026-03-27T19:28:40.164+0000] {warnings.py:112} WARNING - /home/***/.local/lib/python3.12/site-packages/openpyxl/styles/stylesheet.py:237: UserWarning: Workbook contains no default style, apply openpyxl's default
  warn("Workbook contains no default style, apply openpyxl's default")

[2026-03-27T19:28:44.327+0000] {logging_mixin.py:190} INFO - Número de colunas no DataFrame: 34
[2026-03-27T19:28:45.526+0000] {logging_mixin.py:190} INFO - 
Valores únicos na coluna Núcleo após as substituições:
[2026-03-27T19:28:45.529+0000] {logging_mixin.py:190} INFO - ['5ª CC' '4ª CCJ' '2ª CC' '6ª CCJ' '7ª CC' '3ª CC' '5ª CCJ' '6ª CC'
 '2ª CCJ' '4ª CC' '1ª CCJ' '3ª CCJ' 'PARTIDOR' '1ª CC']
[2026-03-27T19:28:46.252+0000] {logging_mixin.py:190} INFO - Arquivos copiados para contadoria/data_transform e contadoria/data_transform
[2026-03-27T19:28:48.069+0000] {logging_mixin.py:190} INFO - A tabela modificada foi salva como final_tempo_real.xlsx
[2026-03-27T19:28:48.074+0000] {python.py:240} INFO - Done. Returned value was: None
[2026-03-27T19:28:48.091+0000] {taskinstance.py:341} INFO - ::group::Post task execution logs
[2026-03-27T19:28:48.092+0000] {taskinstance.py:353} INFO - Marking task as SUCCESS. dag_id=etl_tempo_real, task_id=transform, run_id=manual__2026-03-27T19:25:29.229130+00:00, execution_date=20260327T192529, start_date=20260327T192839, end_date=20260327T192848
[2026-03-27T19:28:48.136+0000] {logging_mixin.py:190} INFO - Task instance in success state
[2026-03-27T19:28:48.137+0000] {logging_mixin.py:190} INFO -  Previous state of the Task instance: running
[2026-03-27T19:28:48.138+0000] {logging_mixin.py:190} INFO - Dag name:etl_tempo_real queued_at:2026-03-27 19:25:29.257976+00:00
[2026-03-27T19:28:48.140+0000] {logging_mixin.py:190} INFO - Task hostname:1abfc21eb0a8 operator:PythonOperator
[2026-03-27T19:28:48.194+0000] {local_task_job_runner.py:266} INFO - Task exited with return code 0
[2026-03-27T19:28:48.236+0000] {taskinstance.py:3901} INFO - 2 downstream tasks scheduled from follow-on schedule check
[2026-03-27T19:28:48.240+0000] {local_task_job_runner.py:245} INFO - ::endgroup::
