[2026-03-27T18:00:44.121+0000] {local_task_job_runner.py:123} INFO - ::group::Pre task execution logs
[2026-03-27T18:00:44.361+0000] {taskinstance.py:2614} INFO - Dependencies all met for dep_context=non-requeueable deps ti=<TaskInstance: etl_tempo_real.extract manual__2026-03-27T18:00:40.272443+00:00 [queued]>
[2026-03-27T18:00:44.379+0000] {taskinstance.py:2614} INFO - Dependencies all met for dep_context=requeueable deps ti=<TaskInstance: etl_tempo_real.extract manual__2026-03-27T18:00:40.272443+00:00 [queued]>
[2026-03-27T18:00:44.381+0000] {taskinstance.py:2867} INFO - Starting attempt 1 of 3
[2026-03-27T18:00:44.414+0000] {taskinstance.py:2890} INFO - Executing <Task(PythonOperator): extract> on 2026-03-27 18:00:40.272443+00:00
[2026-03-27T18:00:44.426+0000] {warnings.py:112} WARNING - /home/***/.local/lib/python3.12/site-packages/***/task/task_runner/standard_task_runner.py:70: DeprecationWarning: This process (pid=1335) is multi-threaded, use of fork() may lead to deadlocks in the child.
  pid = os.fork()

[2026-03-27T18:00:44.430+0000] {standard_task_runner.py:72} INFO - Started process 1338 to run task
[2026-03-27T18:00:44.431+0000] {standard_task_runner.py:104} INFO - Running: ['***', 'tasks', 'run', 'etl_tempo_real', 'extract', 'manual__2026-03-27T18:00:40.272443+00:00', '--job-id', '74', '--raw', '--subdir', 'DAGS_FOLDER/etl_tempo_real.py', '--cfg-path', '/tmp/tmpfti3hcnd']
[2026-03-27T18:00:44.433+0000] {standard_task_runner.py:105} INFO - Job 74: Subtask extract
[2026-03-27T18:00:44.531+0000] {task_command.py:467} INFO - Running <TaskInstance: etl_tempo_real.extract manual__2026-03-27T18:00:40.272443+00:00 [running]> on host cac596281d8b
[2026-03-27T18:00:44.671+0000] {taskinstance.py:3134} INFO - Exporting env vars: AIRFLOW_CTX_DAG_OWNER='***' AIRFLOW_CTX_DAG_ID='etl_tempo_real' AIRFLOW_CTX_TASK_ID='extract' AIRFLOW_CTX_EXECUTION_DATE='2026-03-27T18:00:40.272443+00:00' AIRFLOW_CTX_TRY_NUMBER='1' AIRFLOW_CTX_DAG_RUN_ID='manual__2026-03-27T18:00:40.272443+00:00'
[2026-03-27T18:00:44.673+0000] {logging_mixin.py:190} INFO - Task instance is in running state
[2026-03-27T18:00:44.675+0000] {logging_mixin.py:190} INFO -  Previous state of the Task instance: queued
[2026-03-27T18:00:44.675+0000] {logging_mixin.py:190} INFO - Current task name:extract state:running start_date:2026-03-27 18:00:44.362328+00:00
[2026-03-27T18:00:44.676+0000] {logging_mixin.py:190} INFO - Dag name:etl_tempo_real and current dag run status:running
[2026-03-27T18:00:44.677+0000] {taskinstance.py:732} INFO - ::endgroup::
[2026-03-27T18:00:44.763+0000] {logger.py:11} INFO - ====== WebDriver manager ======
[2026-03-27T18:00:44.897+0000] {logger.py:11} INFO - Get LATEST geckodriver version for 140.9 firefox
[2026-03-27T18:00:45.232+0000] {logger.py:11} INFO - Get LATEST geckodriver version for 140.9 firefox
[2026-03-27T18:00:45.367+0000] {logger.py:11} INFO - Driver [/home/***/.wdm/drivers/geckodriver/linux64/v0.36.0/geckodriver] found in cache
[2026-03-27T18:00:55.648+0000] {logging_mixin.py:190} INFO - Página carregada: https://www.tjpe.jus.br/rhsso/realms/tjpeconnect/protocol/openid-connect/auth?response_type=code&client_id=tjpereports&redirect_uri=https%3A%2F%2Fwww.tjpe.jus.br%2Ftjpereports%2Fxhtml%2Flogin.xhtml&state=c6a1e4f3-a251-440d-a101-18d8c1a77f89&login=true&scope=openid
[2026-03-27T18:01:00.946+0000] {logging_mixin.py:190} INFO - URL após submit: https://www.tjpe.jus.br/rhsso/realms/tjpeconnect/login-actions/authenticate?execution=86865601-c9df-4b14-9337-25a121f00aca&client_id=tjpereports&tab_id=LR0q-PcLfos
[2026-03-27T18:01:02.977+0000] {logging_mixin.py:190} INFO - Código TOTP gerado: 872553
[2026-03-27T18:01:06.137+0000] {logging_mixin.py:190} INFO - Campo OTP encontrado
[2026-03-27T18:01:06.210+0000] {logging_mixin.py:190} INFO - Código TOTP inserido
[2026-03-27T18:01:08.336+0000] {logging_mixin.py:190} INFO - Formulário TOTP enviado
[2026-03-27T18:01:24.224+0000] {logging_mixin.py:190} INFO - URL atual: https://www.tjpe.jus.br/tjpereports/xhtml/manterRelatorio/executarRelatorio.xhtml
[2026-03-27T18:02:11.744+0000] {logging_mixin.py:190} INFO - Aguardando download na pasta: /data_tempo_real
[2026-03-27T18:02:26.750+0000] {logging_mixin.py:190} INFO - Arquivos antes: []
[2026-03-27T18:03:56.745+0000] {logging_mixin.py:190} INFO - Arquivos depois: []
[2026-03-27T18:03:56.746+0000] {logging_mixin.py:190} INFO - Novos arquivos xlsx: []
[2026-03-27T18:03:56.753+0000] {logging_mixin.py:190} INFO - Arquivos xlsx na pasta: []
[2026-03-27T18:03:56.755+0000] {logging_mixin.py:190} INFO - Fechando navegador...
[2026-03-27T18:03:57.209+0000] {logging_mixin.py:190} INFO - Navegador fechado
[2026-03-27T18:03:57.210+0000] {python.py:240} INFO - Done. Returned value was: False
[2026-03-27T18:03:57.249+0000] {taskinstance.py:341} INFO - ::group::Post task execution logs
[2026-03-27T18:03:57.250+0000] {taskinstance.py:353} INFO - Marking task as SUCCESS. dag_id=etl_tempo_real, task_id=extract, run_id=manual__2026-03-27T18:00:40.272443+00:00, execution_date=20260327T180040, start_date=20260327T180044, end_date=20260327T180357
[2026-03-27T18:03:57.285+0000] {logging_mixin.py:190} INFO - Task instance in success state
[2026-03-27T18:03:57.286+0000] {logging_mixin.py:190} INFO -  Previous state of the Task instance: running
[2026-03-27T18:03:57.287+0000] {logging_mixin.py:190} INFO - Dag name:etl_tempo_real queued_at:2026-03-27 18:00:40.306412+00:00
[2026-03-27T18:03:57.288+0000] {logging_mixin.py:190} INFO - Task hostname:cac596281d8b operator:PythonOperator
[2026-03-27T18:03:57.304+0000] {local_task_job_runner.py:266} INFO - Task exited with return code 0
[2026-03-27T18:03:57.346+0000] {taskinstance.py:3901} INFO - 1 downstream tasks scheduled from follow-on schedule check
[2026-03-27T18:03:57.351+0000] {local_task_job_runner.py:245} INFO - ::endgroup::
