[2026-03-26T02:52:34.162+0000] {local_task_job_runner.py:123} INFO - ::group::Pre task execution logs
[2026-03-26T02:52:34.355+0000] {taskinstance.py:2614} INFO - Dependencies all met for dep_context=non-requeueable deps ti=<TaskInstance: etl_tempo_real.extract manual__2026-03-26T02:28:39.818864+00:00 [queued]>
[2026-03-26T02:52:34.371+0000] {taskinstance.py:2614} INFO - Dependencies all met for dep_context=requeueable deps ti=<TaskInstance: etl_tempo_real.extract manual__2026-03-26T02:28:39.818864+00:00 [queued]>
[2026-03-26T02:52:34.372+0000] {taskinstance.py:2867} INFO - Starting attempt 3 of 3
[2026-03-26T02:52:34.396+0000] {taskinstance.py:2890} INFO - Executing <Task(PythonOperator): extract> on 2026-03-26 02:28:39.818864+00:00
[2026-03-26T02:52:34.424+0000] {warnings.py:112} WARNING - /home/***/.local/lib/python3.12/site-packages/***/task/task_runner/standard_task_runner.py:70: DeprecationWarning: This process (pid=1996) is multi-threaded, use of fork() may lead to deadlocks in the child.
  pid = os.fork()

[2026-03-26T02:52:34.428+0000] {standard_task_runner.py:72} INFO - Started process 1999 to run task
[2026-03-26T02:52:34.428+0000] {standard_task_runner.py:104} INFO - Running: ['***', 'tasks', 'run', 'etl_tempo_real', 'extract', 'manual__2026-03-26T02:28:39.818864+00:00', '--job-id', '46', '--raw', '--subdir', 'DAGS_FOLDER/etl_tempo_real.py', '--cfg-path', '/tmp/tmp83g6b5f8']
[2026-03-26T02:52:34.430+0000] {standard_task_runner.py:105} INFO - Job 46: Subtask extract
[2026-03-26T02:52:34.507+0000] {task_command.py:467} INFO - Running <TaskInstance: etl_tempo_real.extract manual__2026-03-26T02:28:39.818864+00:00 [running]> on host 186b4d63c7f5
[2026-03-26T02:52:34.660+0000] {taskinstance.py:3134} INFO - Exporting env vars: AIRFLOW_CTX_DAG_OWNER='***' AIRFLOW_CTX_DAG_ID='etl_tempo_real' AIRFLOW_CTX_TASK_ID='extract' AIRFLOW_CTX_EXECUTION_DATE='2026-03-26T02:28:39.818864+00:00' AIRFLOW_CTX_TRY_NUMBER='3' AIRFLOW_CTX_DAG_RUN_ID='manual__2026-03-26T02:28:39.818864+00:00'
[2026-03-26T02:52:34.662+0000] {logging_mixin.py:190} INFO - Task instance is in running state
[2026-03-26T02:52:34.663+0000] {logging_mixin.py:190} INFO -  Previous state of the Task instance: queued
[2026-03-26T02:52:34.664+0000] {logging_mixin.py:190} INFO - Current task name:extract state:running start_date:2026-03-26 02:52:34.357312+00:00
[2026-03-26T02:52:34.665+0000] {logging_mixin.py:190} INFO - Dag name:etl_tempo_real and current dag run status:running
[2026-03-26T02:52:34.666+0000] {taskinstance.py:732} INFO - ::endgroup::
[2026-03-26T02:52:34.762+0000] {logger.py:11} INFO - ====== WebDriver manager ======
[2026-03-26T02:52:34.886+0000] {logger.py:11} INFO - Get LATEST geckodriver version for 140.9 firefox
[2026-03-26T02:52:35.442+0000] {logger.py:11} INFO - Get LATEST geckodriver version for 140.9 firefox
[2026-03-26T02:52:36.013+0000] {logger.py:11} INFO - Driver [/home/***/.wdm/drivers/geckodriver/linux64/v0.36.0/geckodriver] found in cache
[2026-03-26T02:52:55.032+0000] {logging_mixin.py:190} INFO - URL após submit: https://www.tjpe.jus.br/rhsso/realms/tjpeconnect/login-actions/authenticate?execution=86865601-c9df-4b14-9337-25a121f00aca&client_id=tjpereports&tab_id=ezxBR1KeT44
[2026-03-26T02:52:57.046+0000] {logging_mixin.py:190} INFO - Código TOTP gerado: 483518
[2026-03-26T02:53:00.059+0000] {logging_mixin.py:190} INFO - Campo OTP encontrado
[2026-03-26T02:53:00.096+0000] {logging_mixin.py:190} INFO - Código TOTP inserido
[2026-03-26T02:53:02.132+0000] {logging_mixin.py:190} INFO - Formulário TOTP enviado
[2026-03-26T02:53:18.591+0000] {logging_mixin.py:190} INFO - URL atual: https://www.tjpe.jus.br/tjpereports/xhtml/manterRelatorio/executarRelatorio.xhtml
[2026-03-26T02:54:06.238+0000] {logging_mixin.py:190} INFO - Aguardando download na pasta: /data_tempo_real
[2026-03-26T02:54:21.239+0000] {logging_mixin.py:190} INFO - Arquivos antes: ['20260325235036_TJPEReports.xlsx']
[2026-03-26T02:55:51.238+0000] {logging_mixin.py:190} INFO - Arquivos depois: ['20260325235036_TJPEReports.xlsx', '20260325235401_TJPEReports.xlsx']
[2026-03-26T02:55:51.240+0000] {logging_mixin.py:190} INFO - Novos arquivos xlsx: ['20260325235401_TJPEReports.xlsx']
[2026-03-26T02:55:52.328+0000] {python.py:240} INFO - Done. Returned value was: None
[2026-03-26T02:55:52.396+0000] {taskinstance.py:341} INFO - ::group::Post task execution logs
[2026-03-26T02:55:52.398+0000] {taskinstance.py:353} INFO - Marking task as SUCCESS. dag_id=etl_tempo_real, task_id=extract, run_id=manual__2026-03-26T02:28:39.818864+00:00, execution_date=20260326T022839, start_date=20260326T025234, end_date=20260326T025552
[2026-03-26T02:55:52.466+0000] {logging_mixin.py:190} INFO - Task instance in success state
[2026-03-26T02:55:52.467+0000] {logging_mixin.py:190} INFO -  Previous state of the Task instance: running
[2026-03-26T02:55:52.468+0000] {logging_mixin.py:190} INFO - Dag name:etl_tempo_real queued_at:2026-03-26 02:28:39.879446+00:00
[2026-03-26T02:55:52.470+0000] {logging_mixin.py:190} INFO - Task hostname:186b4d63c7f5 operator:PythonOperator
[2026-03-26T02:55:52.509+0000] {local_task_job_runner.py:266} INFO - Task exited with return code 0
[2026-03-26T02:55:52.618+0000] {taskinstance.py:3901} INFO - 1 downstream tasks scheduled from follow-on schedule check
[2026-03-26T02:55:52.627+0000] {local_task_job_runner.py:245} INFO - ::endgroup::
