[2026-03-27T20:05:14.923+0000] {local_task_job_runner.py:123} INFO - ::group::Pre task execution logs
[2026-03-27T20:05:15.076+0000] {taskinstance.py:2614} INFO - Dependencies all met for dep_context=non-requeueable deps ti=<TaskInstance: etl_tempo_real.extract manual__2026-03-27T20:05:10.101725+00:00 [queued]>
[2026-03-27T20:05:15.086+0000] {taskinstance.py:2614} INFO - Dependencies all met for dep_context=requeueable deps ti=<TaskInstance: etl_tempo_real.extract manual__2026-03-27T20:05:10.101725+00:00 [queued]>
[2026-03-27T20:05:15.087+0000] {taskinstance.py:2867} INFO - Starting attempt 1 of 3
[2026-03-27T20:05:15.104+0000] {taskinstance.py:2890} INFO - Executing <Task(PythonOperator): extract> on 2026-03-27 20:05:10.101725+00:00
[2026-03-27T20:05:15.113+0000] {warnings.py:112} WARNING - /home/***/.local/lib/python3.12/site-packages/***/task/task_runner/standard_task_runner.py:70: DeprecationWarning: This process (pid=63) is multi-threaded, use of fork() may lead to deadlocks in the child.
  pid = os.fork()

[2026-03-27T20:05:15.115+0000] {standard_task_runner.py:72} INFO - Started process 66 to run task
[2026-03-27T20:05:15.116+0000] {standard_task_runner.py:104} INFO - Running: ['***', 'tasks', 'run', 'etl_tempo_real', 'extract', 'manual__2026-03-27T20:05:10.101725+00:00', '--job-id', '111', '--raw', '--subdir', 'DAGS_FOLDER/etl_tempo_real.py', '--cfg-path', '/tmp/tmpi_ekvlcn']
[2026-03-27T20:05:15.118+0000] {standard_task_runner.py:105} INFO - Job 111: Subtask extract
[2026-03-27T20:05:15.182+0000] {task_command.py:467} INFO - Running <TaskInstance: etl_tempo_real.extract manual__2026-03-27T20:05:10.101725+00:00 [running]> on host 1abfc21eb0a8
[2026-03-27T20:05:15.283+0000] {taskinstance.py:3134} INFO - Exporting env vars: AIRFLOW_CTX_DAG_OWNER='***' AIRFLOW_CTX_DAG_ID='etl_tempo_real' AIRFLOW_CTX_TASK_ID='extract' AIRFLOW_CTX_EXECUTION_DATE='2026-03-27T20:05:10.101725+00:00' AIRFLOW_CTX_TRY_NUMBER='1' AIRFLOW_CTX_DAG_RUN_ID='manual__2026-03-27T20:05:10.101725+00:00'
[2026-03-27T20:05:15.285+0000] {logging_mixin.py:190} INFO - Task instance is in running state
[2026-03-27T20:05:15.286+0000] {logging_mixin.py:190} INFO -  Previous state of the Task instance: queued
[2026-03-27T20:05:15.287+0000] {logging_mixin.py:190} INFO - Current task name:extract state:running start_date:2026-03-27 20:05:15.077221+00:00
[2026-03-27T20:05:15.288+0000] {logging_mixin.py:190} INFO - Dag name:etl_tempo_real and current dag run status:running
[2026-03-27T20:05:15.289+0000] {taskinstance.py:732} INFO - ::endgroup::
[2026-03-27T20:05:15.359+0000] {logger.py:11} INFO - ====== WebDriver manager ======
[2026-03-27T20:05:15.460+0000] {logger.py:11} INFO - Get LATEST geckodriver version for 140.9 firefox
[2026-03-27T20:05:16.232+0000] {logger.py:11} INFO - Get LATEST geckodriver version for 140.9 firefox
[2026-03-27T20:05:16.530+0000] {logger.py:11} INFO - Driver [/home/***/.wdm/drivers/geckodriver/linux64/v0.36.0/geckodriver] found in cache
[2026-03-27T20:05:21.471+0000] {logging_mixin.py:190} INFO - Página carregada: https://www.tjpe.jus.br/rhsso/realms/tjpeconnect/protocol/openid-connect/auth?response_type=code&client_id=tjpereports&redirect_uri=https%3A%2F%2Fwww.tjpe.jus.br%2Ftjpereports%2Fxhtml%2Flogin.xhtml&state=70cd7db8-02e6-45ac-b99a-2d0664432fa3&login=true&scope=openid
[2026-03-27T20:05:26.706+0000] {logging_mixin.py:190} INFO - URL após submit: https://www.tjpe.jus.br/rhsso/realms/tjpeconnect/login-actions/authenticate?execution=86865601-c9df-4b14-9337-25a121f00aca&client_id=tjpereports&tab_id=EVRrwPERcVQ
[2026-03-27T20:05:28.712+0000] {logging_mixin.py:190} INFO - Código TOTP gerado: 672850
[2026-03-27T20:05:31.723+0000] {logging_mixin.py:190} INFO - Campo OTP encontrado
[2026-03-27T20:05:31.755+0000] {logging_mixin.py:190} INFO - Código TOTP inserido
[2026-03-27T20:05:33.789+0000] {logging_mixin.py:190} INFO - Formulário TOTP enviado
[2026-03-27T20:05:50.887+0000] {logging_mixin.py:190} INFO - URL atual: https://www.tjpe.jus.br/tjpereports/xhtml/manterRelatorio/executarRelatorio.xhtml
[2026-03-27T20:06:38.783+0000] {logging_mixin.py:190} INFO - Aguardando download na pasta: /data_tempo_real
[2026-03-27T20:06:53.786+0000] {logging_mixin.py:190} INFO - Arquivos antes: ['20260327164940_TJPEReports.xlsx']
[2026-03-27T20:08:23.785+0000] {logging_mixin.py:190} INFO - Arquivos depois: ['20260327164940_TJPEReports.xlsx', '20260327170632_TJPEReports.xlsx']
[2026-03-27T20:08:23.786+0000] {logging_mixin.py:190} INFO - Novos arquivos xlsx: ['20260327170632_TJPEReports.xlsx']
[2026-03-27T20:08:23.788+0000] {logging_mixin.py:190} INFO - Fechando navegador...
[2026-03-27T20:08:24.309+0000] {logging_mixin.py:190} INFO - Navegador fechado
[2026-03-27T20:08:24.311+0000] {logging_mixin.py:190} INFO - Download concluído: ['20260327170632_TJPEReports.xlsx']
[2026-03-27T20:08:24.312+0000] {python.py:240} INFO - Done. Returned value was: True
[2026-03-27T20:08:24.351+0000] {taskinstance.py:341} INFO - ::group::Post task execution logs
[2026-03-27T20:08:24.352+0000] {taskinstance.py:353} INFO - Marking task as SUCCESS. dag_id=etl_tempo_real, task_id=extract, run_id=manual__2026-03-27T20:05:10.101725+00:00, execution_date=20260327T200510, start_date=20260327T200515, end_date=20260327T200824
[2026-03-27T20:08:24.386+0000] {logging_mixin.py:190} INFO - Task instance in success state
[2026-03-27T20:08:24.387+0000] {logging_mixin.py:190} INFO -  Previous state of the Task instance: running
[2026-03-27T20:08:24.389+0000] {logging_mixin.py:190} INFO - Dag name:etl_tempo_real queued_at:2026-03-27 20:05:10.122942+00:00
[2026-03-27T20:08:24.390+0000] {logging_mixin.py:190} INFO - Task hostname:1abfc21eb0a8 operator:PythonOperator
[2026-03-27T20:08:24.419+0000] {local_task_job_runner.py:266} INFO - Task exited with return code 0
[2026-03-27T20:08:24.455+0000] {taskinstance.py:3901} INFO - 1 downstream tasks scheduled from follow-on schedule check
[2026-03-27T20:08:24.459+0000] {local_task_job_runner.py:245} INFO - ::endgroup::
