[2026-03-27T23:41:52.659+0000] {local_task_job_runner.py:123} INFO - ::group::Pre task execution logs
[2026-03-27T23:41:52.997+0000] {taskinstance.py:2614} INFO - Dependencies all met for dep_context=non-requeueable deps ti=<TaskInstance: etl_tempo_real.load_google_sheets manual__2026-03-27T23:37:53.439957+00:00 [queued]>
[2026-03-27T23:41:53.020+0000] {taskinstance.py:2614} INFO - Dependencies all met for dep_context=requeueable deps ti=<TaskInstance: etl_tempo_real.load_google_sheets manual__2026-03-27T23:37:53.439957+00:00 [queued]>
[2026-03-27T23:41:53.021+0000] {taskinstance.py:2867} INFO - Starting attempt 1 of 3
[2026-03-27T23:41:53.049+0000] {taskinstance.py:2890} INFO - Executing <Task(PythonOperator): load_google_sheets> on 2026-03-27 23:37:53.439957+00:00
[2026-03-27T23:41:53.064+0000] {warnings.py:112} WARNING - /home/***/.local/lib/python3.12/site-packages/***/task/task_runner/standard_task_runner.py:70: DeprecationWarning: This process (pid=1843) is multi-threaded, use of fork() may lead to deadlocks in the child.
  pid = os.fork()

[2026-03-27T23:41:53.068+0000] {standard_task_runner.py:72} INFO - Started process 1849 to run task
[2026-03-27T23:41:53.069+0000] {standard_task_runner.py:104} INFO - Running: ['***', 'tasks', 'run', 'etl_tempo_real', 'load_google_sheets', 'manual__2026-03-27T23:37:53.439957+00:00', '--job-id', '139', '--raw', '--subdir', 'DAGS_FOLDER/etl_tempo_real.py', '--cfg-path', '/tmp/tmpxeycrlky']
[2026-03-27T23:41:53.071+0000] {standard_task_runner.py:105} INFO - Job 139: Subtask load_google_sheets
[2026-03-27T23:41:53.165+0000] {task_command.py:467} INFO - Running <TaskInstance: etl_tempo_real.load_google_sheets manual__2026-03-27T23:37:53.439957+00:00 [running]> on host 25278ba1f35a
[2026-03-27T23:41:53.313+0000] {taskinstance.py:3134} INFO - Exporting env vars: AIRFLOW_CTX_DAG_OWNER='***' AIRFLOW_CTX_DAG_ID='etl_tempo_real' AIRFLOW_CTX_TASK_ID='load_google_sheets' AIRFLOW_CTX_EXECUTION_DATE='2026-03-27T23:37:53.439957+00:00' AIRFLOW_CTX_TRY_NUMBER='1' AIRFLOW_CTX_DAG_RUN_ID='manual__2026-03-27T23:37:53.439957+00:00'
[2026-03-27T23:41:53.316+0000] {logging_mixin.py:190} INFO - Task instance is in running state
[2026-03-27T23:41:53.317+0000] {logging_mixin.py:190} INFO -  Previous state of the Task instance: queued
[2026-03-27T23:41:53.318+0000] {logging_mixin.py:190} INFO - Current task name:load_google_sheets state:running start_date:2026-03-27 23:41:52.998255+00:00
[2026-03-27T23:41:53.319+0000] {logging_mixin.py:190} INFO - Dag name:etl_tempo_real and current dag run status:running
[2026-03-27T23:41:53.321+0000] {taskinstance.py:732} INFO - ::endgroup::
[2026-03-27T23:41:53.384+0000] {__init__.py:49} INFO - file_cache is only supported with oauth2client<4.0.0
[2026-03-27T23:41:59.290+0000] {logging_mixin.py:190} INFO - 2862 células atualizadas na aba 1ª CC.
[2026-03-27T23:42:00.015+0000] {logging_mixin.py:190} INFO - 1404 células atualizadas na aba 1ª CCJ.
[2026-03-27T23:42:00.839+0000] {logging_mixin.py:190} INFO - 1188 células atualizadas na aba 2ª CC.
[2026-03-27T23:42:01.603+0000] {logging_mixin.py:190} INFO - 1374 células atualizadas na aba 2ª CCJ.
[2026-03-27T23:42:02.524+0000] {logging_mixin.py:190} INFO - 2634 células atualizadas na aba 3ª CC.
[2026-03-27T23:42:03.297+0000] {logging_mixin.py:190} INFO - 1194 células atualizadas na aba 3ª CCJ.
[2026-03-27T23:42:03.978+0000] {logging_mixin.py:190} INFO - 2088 células atualizadas na aba 4ª CC.
[2026-03-27T23:42:04.742+0000] {logging_mixin.py:190} INFO - 1362 células atualizadas na aba 4ª CCJ.
[2026-03-27T23:42:05.624+0000] {logging_mixin.py:190} INFO - 4224 células atualizadas na aba 5ª CC.
[2026-03-27T23:42:06.336+0000] {logging_mixin.py:190} INFO - 1440 células atualizadas na aba 5ª CCJ.
[2026-03-27T23:42:07.112+0000] {logging_mixin.py:190} INFO - 2802 células atualizadas na aba 6ª CC.
[2026-03-27T23:42:07.809+0000] {logging_mixin.py:190} INFO - 1536 células atualizadas na aba 6ª CCJ.
[2026-03-27T23:42:08.521+0000] {logging_mixin.py:190} INFO - 1512 células atualizadas na aba 7ª CC.
[2026-03-27T23:42:09.130+0000] {logging_mixin.py:190} INFO - 48 células atualizadas na aba PARTIDOR.
[2026-03-27T23:42:09.757+0000] {logging_mixin.py:190} INFO - 45 células atualizadas na aba QUANTIDADE.
[2026-03-27T23:42:11.239+0000] {logging_mixin.py:190} INFO - 25590 células atualizadas na aba CONSOLIDADO.
[2026-03-27T23:42:11.243+0000] {python.py:240} INFO - Done. Returned value was: None
[2026-03-27T23:42:11.259+0000] {taskinstance.py:341} INFO - ::group::Post task execution logs
[2026-03-27T23:42:11.260+0000] {taskinstance.py:353} INFO - Marking task as SUCCESS. dag_id=etl_tempo_real, task_id=load_google_sheets, run_id=manual__2026-03-27T23:37:53.439957+00:00, execution_date=20260327T233753, start_date=20260327T234152, end_date=20260327T234211
[2026-03-27T23:42:11.298+0000] {logging_mixin.py:190} INFO - Task instance in success state
[2026-03-27T23:42:11.299+0000] {logging_mixin.py:190} INFO -  Previous state of the Task instance: running
[2026-03-27T23:42:11.301+0000] {logging_mixin.py:190} INFO - Dag name:etl_tempo_real queued_at:2026-03-27 23:37:53.739097+00:00
[2026-03-27T23:42:11.302+0000] {logging_mixin.py:190} INFO - Task hostname:25278ba1f35a operator:PythonOperator
[2026-03-27T23:42:11.340+0000] {local_task_job_runner.py:266} INFO - Task exited with return code 0
[2026-03-27T23:42:11.361+0000] {taskinstance.py:3901} INFO - 0 downstream tasks scheduled from follow-on schedule check
[2026-03-27T23:42:11.365+0000] {local_task_job_runner.py:245} INFO - ::endgroup::
