[2026-03-27T18:51:12.882+0000] {local_task_job_runner.py:123} INFO - ::group::Pre task execution logs
[2026-03-27T18:51:12.952+0000] {taskinstance.py:2614} INFO - Dependencies all met for dep_context=non-requeueable deps ti=<TaskInstance: etl_tempo_real.load_google_sheets manual__2026-03-27T18:13:47.332219+00:00 [queued]>
[2026-03-27T18:51:12.999+0000] {taskinstance.py:2614} INFO - Dependencies all met for dep_context=requeueable deps ti=<TaskInstance: etl_tempo_real.load_google_sheets manual__2026-03-27T18:13:47.332219+00:00 [queued]>
[2026-03-27T18:51:13.001+0000] {taskinstance.py:2867} INFO - Starting attempt 2 of 3
[2026-03-27T18:51:13.032+0000] {taskinstance.py:2890} INFO - Executing <Task(PythonOperator): load_google_sheets> on 2026-03-27 18:13:47.332219+00:00
[2026-03-27T18:51:13.050+0000] {warnings.py:112} WARNING - /home/***/.local/lib/python3.12/site-packages/***/task/task_runner/standard_task_runner.py:70: DeprecationWarning: This process (pid=53) is multi-threaded, use of fork() may lead to deadlocks in the child.
  pid = os.fork()

[2026-03-27T18:51:13.057+0000] {standard_task_runner.py:72} INFO - Started process 61 to run task
[2026-03-27T18:51:13.070+0000] {standard_task_runner.py:104} INFO - Running: ['***', 'tasks', 'run', 'etl_tempo_real', 'load_google_sheets', 'manual__2026-03-27T18:13:47.332219+00:00', '--job-id', '88', '--raw', '--subdir', 'DAGS_FOLDER/etl_tempo_real.py', '--cfg-path', '/tmp/tmpbi8ggkp5']
[2026-03-27T18:51:13.072+0000] {standard_task_runner.py:105} INFO - Job 88: Subtask load_google_sheets
[2026-03-27T18:51:13.209+0000] {task_command.py:467} INFO - Running <TaskInstance: etl_tempo_real.load_google_sheets manual__2026-03-27T18:13:47.332219+00:00 [running]> on host 1abfc21eb0a8
[2026-03-27T18:51:13.556+0000] {taskinstance.py:3134} INFO - Exporting env vars: AIRFLOW_CTX_DAG_OWNER='***' AIRFLOW_CTX_DAG_ID='etl_tempo_real' AIRFLOW_CTX_TASK_ID='load_google_sheets' AIRFLOW_CTX_EXECUTION_DATE='2026-03-27T18:13:47.332219+00:00' AIRFLOW_CTX_TRY_NUMBER='2' AIRFLOW_CTX_DAG_RUN_ID='manual__2026-03-27T18:13:47.332219+00:00'
[2026-03-27T18:51:13.584+0000] {logging_mixin.py:190} INFO - Task instance is in running state
[2026-03-27T18:51:13.597+0000] {logging_mixin.py:190} INFO -  Previous state of the Task instance: queued
[2026-03-27T18:51:13.607+0000] {logging_mixin.py:190} INFO - Current task name:load_google_sheets state:running start_date:2026-03-27 18:51:12.956422+00:00
[2026-03-27T18:51:13.628+0000] {logging_mixin.py:190} INFO - Dag name:etl_tempo_real and current dag run status:running
[2026-03-27T18:51:13.635+0000] {taskinstance.py:732} INFO - ::endgroup::
[2026-03-27T18:51:13.809+0000] {taskinstance.py:3313} ERROR - Task failed with exception
Traceback (most recent call last):
  File "/home/airflow/.local/lib/python3.12/site-packages/airflow/models/taskinstance.py", line 768, in _execute_task
    result = _execute_callable(context=context, **execute_callable_kwargs)
             ^^^^^^^^^^^^^^^^^^^^^^^^^^^^^^^^^^^^^^^^^^^^^^^^^^^^^^^^^^^^^
  File "/home/airflow/.local/lib/python3.12/site-packages/airflow/models/taskinstance.py", line 734, in _execute_callable
    return ExecutionCallableRunner(
           ^^^^^^^^^^^^^^^^^^^^^^^^
  File "/home/airflow/.local/lib/python3.12/site-packages/airflow/utils/operator_helpers.py", line 252, in run
    return self.func(*args, **kwargs)
           ^^^^^^^^^^^^^^^^^^^^^^^^^^
  File "/home/airflow/.local/lib/python3.12/site-packages/airflow/models/baseoperator.py", line 424, in wrapper
    return func(self, *args, **kwargs)
           ^^^^^^^^^^^^^^^^^^^^^^^^^^^
  File "/home/airflow/.local/lib/python3.12/site-packages/airflow/operators/python.py", line 238, in execute
    return_value = self.execute_callable()
                   ^^^^^^^^^^^^^^^^^^^^^^^
  File "/home/airflow/.local/lib/python3.12/site-packages/airflow/operators/python.py", line 256, in execute_callable
    return runner.run(*self.op_args, **self.op_kwargs)
           ^^^^^^^^^^^^^^^^^^^^^^^^^^^^^^^^^^^^^^^^^^^
  File "/home/airflow/.local/lib/python3.12/site-packages/airflow/utils/operator_helpers.py", line 252, in run
    return self.func(*args, **kwargs)
           ^^^^^^^^^^^^^^^^^^^^^^^^^^
  File "/opt/airflow/project/src/load_google_tempo_real.py", line 21, in load_tempo_real
    flow = InstalledAppFlow.from_client_secrets_file(
           ^^^^^^^^^^^^^^^^^^^^^^^^^^^^^^^^^^^^^^^^^^
  File "/home/airflow/.local/lib/python3.12/site-packages/google_auth_oauthlib/flow.py", line 198, in from_client_secrets_file
    with open(client_secrets_file, "r") as json_file:
         ^^^^^^^^^^^^^^^^^^^^^^^^^^^^^^
FileNotFoundError: [Errno 2] No such file or directory: 'credentials.json'
[2026-03-27T18:51:13.953+0000] {logging_mixin.py:190} INFO - Task instance in failure state
[2026-03-27T18:51:13.954+0000] {logging_mixin.py:190} INFO - Task start:2026-03-27 18:51:12.956422+00:00 end:2026-03-27 18:51:13.952164+00:00 duration:0.995742
[2026-03-27T18:51:13.955+0000] {logging_mixin.py:190} INFO - Task:<Task(PythonOperator): load_google_sheets> dag:<DAG: etl_tempo_real> dagrun:<DagRun etl_tempo_real @ 2026-03-27 18:13:47.332219+00:00: manual__2026-03-27T18:13:47.332219+00:00, state:running, queued_at: 2026-03-27 18:13:47.369673+00:00. externally triggered: True>
[2026-03-27T18:51:13.956+0000] {logging_mixin.py:190} INFO - Failure caused by [Errno 2] No such file or directory: 'credentials.json'
[2026-03-27T18:51:13.958+0000] {taskinstance.py:1226} INFO - Marking task as UP_FOR_RETRY. dag_id=etl_tempo_real, task_id=load_google_sheets, run_id=manual__2026-03-27T18:13:47.332219+00:00, execution_date=20260327T181347, start_date=20260327T185112, end_date=20260327T185113
[2026-03-27T18:51:14.088+0000] {taskinstance.py:341} INFO - ::group::Post task execution logs
[2026-03-27T18:51:14.101+0000] {standard_task_runner.py:124} ERROR - Failed to execute job 88 for task load_google_sheets ([Errno 2] No such file or directory: 'credentials.json'; 61)
Traceback (most recent call last):
  File "/home/airflow/.local/lib/python3.12/site-packages/airflow/task/task_runner/standard_task_runner.py", line 117, in _start_by_fork
    ret = args.func(args, dag=self.dag)
          ^^^^^^^^^^^^^^^^^^^^^^^^^^^^^
  File "/home/airflow/.local/lib/python3.12/site-packages/airflow/cli/cli_config.py", line 49, in command
    return func(*args, **kwargs)
           ^^^^^^^^^^^^^^^^^^^^^
  File "/home/airflow/.local/lib/python3.12/site-packages/airflow/utils/cli.py", line 116, in wrapper
    return f(*args, **kwargs)
           ^^^^^^^^^^^^^^^^^^
  File "/home/airflow/.local/lib/python3.12/site-packages/airflow/cli/commands/task_command.py", line 483, in task_run
    task_return_code = _run_task_by_selected_method(args, _dag, ti)
                       ^^^^^^^^^^^^^^^^^^^^^^^^^^^^^^^^^^^^^^^^^^^^
  File "/home/airflow/.local/lib/python3.12/site-packages/airflow/cli/commands/task_command.py", line 256, in _run_task_by_selected_method
    return _run_raw_task(args, ti)
           ^^^^^^^^^^^^^^^^^^^^^^^
  File "/home/airflow/.local/lib/python3.12/site-packages/airflow/cli/commands/task_command.py", line 341, in _run_raw_task
    return ti._run_raw_task(
           ^^^^^^^^^^^^^^^^^
  File "/home/airflow/.local/lib/python3.12/site-packages/airflow/utils/session.py", line 97, in wrapper
    return func(*args, session=session, **kwargs)
           ^^^^^^^^^^^^^^^^^^^^^^^^^^^^^^^^^^^^^^
  File "/home/airflow/.local/lib/python3.12/site-packages/airflow/models/taskinstance.py", line 3006, in _run_raw_task
    return _run_raw_task(
           ^^^^^^^^^^^^^^
  File "/home/airflow/.local/lib/python3.12/site-packages/airflow/models/taskinstance.py", line 274, in _run_raw_task
    TaskInstance._execute_task_with_callbacks(
  File "/home/airflow/.local/lib/python3.12/site-packages/airflow/models/taskinstance.py", line 3161, in _execute_task_with_callbacks
    result = self._execute_task(context, task_orig)
             ^^^^^^^^^^^^^^^^^^^^^^^^^^^^^^^^^^^^^^
  File "/home/airflow/.local/lib/python3.12/site-packages/airflow/models/taskinstance.py", line 3185, in _execute_task
    return _execute_task(self, context, task_orig)
           ^^^^^^^^^^^^^^^^^^^^^^^^^^^^^^^^^^^^^^^
  File "/home/airflow/.local/lib/python3.12/site-packages/airflow/models/taskinstance.py", line 768, in _execute_task
    result = _execute_callable(context=context, **execute_callable_kwargs)
             ^^^^^^^^^^^^^^^^^^^^^^^^^^^^^^^^^^^^^^^^^^^^^^^^^^^^^^^^^^^^^
  File "/home/airflow/.local/lib/python3.12/site-packages/airflow/models/taskinstance.py", line 734, in _execute_callable
    return ExecutionCallableRunner(
           ^^^^^^^^^^^^^^^^^^^^^^^^
  File "/home/airflow/.local/lib/python3.12/site-packages/airflow/utils/operator_helpers.py", line 252, in run
    return self.func(*args, **kwargs)
           ^^^^^^^^^^^^^^^^^^^^^^^^^^
  File "/home/airflow/.local/lib/python3.12/site-packages/airflow/models/baseoperator.py", line 424, in wrapper
    return func(self, *args, **kwargs)
           ^^^^^^^^^^^^^^^^^^^^^^^^^^^
  File "/home/airflow/.local/lib/python3.12/site-packages/airflow/operators/python.py", line 238, in execute
    return_value = self.execute_callable()
                   ^^^^^^^^^^^^^^^^^^^^^^^
  File "/home/airflow/.local/lib/python3.12/site-packages/airflow/operators/python.py", line 256, in execute_callable
    return runner.run(*self.op_args, **self.op_kwargs)
           ^^^^^^^^^^^^^^^^^^^^^^^^^^^^^^^^^^^^^^^^^^^
  File "/home/airflow/.local/lib/python3.12/site-packages/airflow/utils/operator_helpers.py", line 252, in run
    return self.func(*args, **kwargs)
           ^^^^^^^^^^^^^^^^^^^^^^^^^^
  File "/opt/airflow/project/src/load_google_tempo_real.py", line 21, in load_tempo_real
    flow = InstalledAppFlow.from_client_secrets_file(
           ^^^^^^^^^^^^^^^^^^^^^^^^^^^^^^^^^^^^^^^^^^
  File "/home/airflow/.local/lib/python3.12/site-packages/google_auth_oauthlib/flow.py", line 198, in from_client_secrets_file
    with open(client_secrets_file, "r") as json_file:
         ^^^^^^^^^^^^^^^^^^^^^^^^^^^^^^
FileNotFoundError: [Errno 2] No such file or directory: 'credentials.json'
[2026-03-27T18:51:14.165+0000] {local_task_job_runner.py:266} INFO - Task exited with return code 1
[2026-03-27T18:51:14.224+0000] {taskinstance.py:3901} INFO - 0 downstream tasks scheduled from follow-on schedule check
[2026-03-27T18:51:14.229+0000] {local_task_job_runner.py:245} INFO - ::endgroup::
