[2026-03-27T17:15:47.652+0000] {local_task_job_runner.py:123} INFO - ::group::Pre task execution logs
[2026-03-27T17:15:47.707+0000] {taskinstance.py:2614} INFO - Dependencies all met for dep_context=non-requeueable deps ti=<TaskInstance: etl_tempo_real.extract scheduled__2026-03-26T06:00:00+00:00 [queued]>
[2026-03-27T17:15:47.727+0000] {taskinstance.py:2614} INFO - Dependencies all met for dep_context=requeueable deps ti=<TaskInstance: etl_tempo_real.extract scheduled__2026-03-26T06:00:00+00:00 [queued]>
[2026-03-27T17:15:47.729+0000] {taskinstance.py:2867} INFO - Starting attempt 1 of 3
[2026-03-27T17:15:47.759+0000] {taskinstance.py:2890} INFO - Executing <Task(PythonOperator): extract> on 2026-03-26 06:00:00+00:00
[2026-03-27T17:15:47.772+0000] {warnings.py:112} WARNING - /home/***/.local/lib/python3.12/site-packages/***/task/task_runner/standard_task_runner.py:70: DeprecationWarning: This process (pid=54) is multi-threaded, use of fork() may lead to deadlocks in the child.
  pid = os.fork()

[2026-03-27T17:15:47.775+0000] {standard_task_runner.py:72} INFO - Started process 61 to run task
[2026-03-27T17:15:47.776+0000] {standard_task_runner.py:104} INFO - Running: ['***', 'tasks', 'run', 'etl_tempo_real', 'extract', 'scheduled__2026-03-26T06:00:00+00:00', '--job-id', '64', '--raw', '--subdir', 'DAGS_FOLDER/etl_tempo_real.py', '--cfg-path', '/tmp/tmp85ow6ebe']
[2026-03-27T17:15:47.778+0000] {standard_task_runner.py:105} INFO - Job 64: Subtask extract
[2026-03-27T17:15:47.946+0000] {task_command.py:467} INFO - Running <TaskInstance: etl_tempo_real.extract scheduled__2026-03-26T06:00:00+00:00 [running]> on host cac596281d8b
[2026-03-27T17:15:48.194+0000] {taskinstance.py:3134} INFO - Exporting env vars: AIRFLOW_CTX_DAG_OWNER='***' AIRFLOW_CTX_DAG_ID='etl_tempo_real' AIRFLOW_CTX_TASK_ID='extract' AIRFLOW_CTX_EXECUTION_DATE='2026-03-26T06:00:00+00:00' AIRFLOW_CTX_TRY_NUMBER='1' AIRFLOW_CTX_DAG_RUN_ID='scheduled__2026-03-26T06:00:00+00:00'
[2026-03-27T17:15:48.210+0000] {logging_mixin.py:190} INFO - Task instance is in running state
[2026-03-27T17:15:48.212+0000] {logging_mixin.py:190} INFO -  Previous state of the Task instance: queued
[2026-03-27T17:15:48.213+0000] {logging_mixin.py:190} INFO - Current task name:extract state:running start_date:2026-03-27 17:15:47.708934+00:00
[2026-03-27T17:15:48.215+0000] {logging_mixin.py:190} INFO - Dag name:etl_tempo_real and current dag run status:running
[2026-03-27T17:15:48.217+0000] {taskinstance.py:732} INFO - ::endgroup::
[2026-03-27T17:15:48.401+0000] {logger.py:11} INFO - ====== WebDriver manager ======
[2026-03-27T17:15:48.640+0000] {logger.py:11} INFO - Get LATEST geckodriver version for 140.9 firefox
[2026-03-27T17:15:49.232+0000] {logger.py:11} INFO - Get LATEST geckodriver version for 140.9 firefox
[2026-03-27T17:15:49.743+0000] {logger.py:11} INFO - There is no [linux64] geckodriver "v0.36.0" for browser firefox "140.9" in cache
[2026-03-27T17:15:49.745+0000] {logger.py:11} INFO - Get LATEST geckodriver version for 140.9 firefox
[2026-03-27T17:15:50.376+0000] {logger.py:11} INFO - Getting latest mozilla release info for v0.36.0
[2026-03-27T17:15:50.631+0000] {logger.py:11} INFO - About to download new driver from https://github.com/mozilla/geckodriver/releases/download/v0.36.0/geckodriver-v0.36.0-linux64.tar.gz
[2026-03-27T17:15:51.215+0000] {logger.py:11} INFO - Driver downloading response is 200
[2026-03-27T17:15:57.335+0000] {logger.py:11} INFO - Get LATEST geckodriver version for 140.9 firefox
[2026-03-27T17:15:59.338+0000] {logger.py:11} INFO - Driver has been saved in cache [/home/***/.wdm/drivers/geckodriver/linux64/v0.36.0]
[2026-03-27T17:16:11.308+0000] {logging_mixin.py:190} INFO - Página carregada: https://www.tjpe.jus.br/rhsso/realms/tjpeconnect/protocol/openid-connect/auth?response_type=code&client_id=tjpereports&redirect_uri=https%3A%2F%2Fwww.tjpe.jus.br%2Ftjpereports%2Fxhtml%2Flogin.xhtml&state=e7d2ad2b-648b-4a5d-9bb6-f0972d7acb9e&login=true&scope=openid
[2026-03-27T17:16:17.670+0000] {logging_mixin.py:190} INFO - URL após submit: https://www.tjpe.jus.br/rhsso/realms/tjpeconnect/login-actions/authenticate?execution=86865601-c9df-4b14-9337-25a121f00aca&client_id=tjpereports&tab_id=MoO-unv4V48
[2026-03-27T17:16:19.685+0000] {logging_mixin.py:190} INFO - Código TOTP gerado: 504965
[2026-03-27T17:16:22.720+0000] {logging_mixin.py:190} INFO - Campo OTP encontrado
[2026-03-27T17:16:22.755+0000] {logging_mixin.py:190} INFO - Código TOTP inserido
[2026-03-27T17:16:24.946+0000] {logging_mixin.py:190} INFO - Formulário TOTP enviado
[2026-03-27T17:16:41.869+0000] {logging_mixin.py:190} INFO - URL atual: https://www.tjpe.jus.br/tjpereports/xhtml/manterRelatorio/executarRelatorio.xhtml
[2026-03-27T17:17:31.368+0000] {logging_mixin.py:190} INFO - Aguardando download na pasta: /data_tempo_real
[2026-03-27T17:17:46.378+0000] {logging_mixin.py:190} INFO - Arquivos antes: []
[2026-03-27T17:19:16.354+0000] {logging_mixin.py:190} INFO - Arquivos depois: ['20260327141726_TJPEReports.xlsx']
[2026-03-27T17:19:16.356+0000] {logging_mixin.py:190} INFO - Novos arquivos xlsx: ['20260327141726_TJPEReports.xlsx']
[2026-03-27T17:19:16.358+0000] {logging_mixin.py:190} INFO - Fechando navegador...
[2026-03-27T17:19:16.889+0000] {logging_mixin.py:190} INFO - Navegador fechado
[2026-03-27T17:19:16.890+0000] {logging_mixin.py:190} INFO - Download concluído: ['20260327141726_TJPEReports.xlsx']
[2026-03-27T17:19:16.891+0000] {python.py:240} INFO - Done. Returned value was: True
[2026-03-27T17:19:16.943+0000] {taskinstance.py:341} INFO - ::group::Post task execution logs
[2026-03-27T17:19:16.945+0000] {taskinstance.py:353} INFO - Marking task as SUCCESS. dag_id=etl_tempo_real, task_id=extract, run_id=scheduled__2026-03-26T06:00:00+00:00, execution_date=20260326T060000, start_date=20260327T171547, end_date=20260327T171916
[2026-03-27T17:19:16.980+0000] {logging_mixin.py:190} INFO - Task instance in success state
[2026-03-27T17:19:16.981+0000] {logging_mixin.py:190} INFO -  Previous state of the Task instance: running
[2026-03-27T17:19:16.982+0000] {logging_mixin.py:190} INFO - Dag name:etl_tempo_real queued_at:2026-03-27 17:15:21.841219+00:00
[2026-03-27T17:19:16.983+0000] {logging_mixin.py:190} INFO - Task hostname:cac596281d8b operator:PythonOperator
[2026-03-27T17:19:17.008+0000] {local_task_job_runner.py:266} INFO - Task exited with return code 0
[2026-03-27T17:19:17.049+0000] {taskinstance.py:3901} INFO - 1 downstream tasks scheduled from follow-on schedule check
[2026-03-27T17:19:17.053+0000] {local_task_job_runner.py:245} INFO - ::endgroup::
