[2026-03-26T02:17:36.640+0000] {local_task_job_runner.py:123} INFO - ::group::Pre task execution logs
[2026-03-26T02:17:36.874+0000] {taskinstance.py:2614} INFO - Dependencies all met for dep_context=non-requeueable deps ti=<TaskInstance: etl_tempo_real.transform manual__2026-03-26T01:55:43.408577+00:00 [queued]>
[2026-03-26T02:17:36.891+0000] {taskinstance.py:2614} INFO - Dependencies all met for dep_context=requeueable deps ti=<TaskInstance: etl_tempo_real.transform manual__2026-03-26T01:55:43.408577+00:00 [queued]>
[2026-03-26T02:17:36.893+0000] {taskinstance.py:2867} INFO - Starting attempt 1 of 3
[2026-03-26T02:17:36.914+0000] {taskinstance.py:2890} INFO - Executing <Task(PythonOperator): transform> on 2026-03-26 01:55:43.408577+00:00
[2026-03-26T02:17:36.927+0000] {warnings.py:112} WARNING - /home/***/.local/lib/python3.12/site-packages/***/task/task_runner/standard_task_runner.py:70: DeprecationWarning: This process (pid=407) is multi-threaded, use of fork() may lead to deadlocks in the child.
  pid = os.fork()

[2026-03-26T02:17:36.931+0000] {standard_task_runner.py:72} INFO - Started process 410 to run task
[2026-03-26T02:17:36.932+0000] {standard_task_runner.py:104} INFO - Running: ['***', 'tasks', 'run', 'etl_tempo_real', 'transform', 'manual__2026-03-26T01:55:43.408577+00:00', '--job-id', '33', '--raw', '--subdir', 'DAGS_FOLDER/etl_tempo_real.py', '--cfg-path', '/tmp/tmpwtu_or3u']
[2026-03-26T02:17:36.934+0000] {standard_task_runner.py:105} INFO - Job 33: Subtask transform
[2026-03-26T02:17:37.017+0000] {task_command.py:467} INFO - Running <TaskInstance: etl_tempo_real.transform manual__2026-03-26T01:55:43.408577+00:00 [running]> on host 2b5dadb52f2a
[2026-03-26T02:17:37.156+0000] {taskinstance.py:3134} INFO - Exporting env vars: AIRFLOW_CTX_DAG_OWNER='***' AIRFLOW_CTX_DAG_ID='etl_tempo_real' AIRFLOW_CTX_TASK_ID='transform' AIRFLOW_CTX_EXECUTION_DATE='2026-03-26T01:55:43.408577+00:00' AIRFLOW_CTX_TRY_NUMBER='1' AIRFLOW_CTX_DAG_RUN_ID='manual__2026-03-26T01:55:43.408577+00:00'
[2026-03-26T02:17:37.158+0000] {logging_mixin.py:190} INFO - Task instance is in running state
[2026-03-26T02:17:37.159+0000] {logging_mixin.py:190} INFO -  Previous state of the Task instance: queued
[2026-03-26T02:17:37.160+0000] {logging_mixin.py:190} INFO - Current task name:transform state:running start_date:2026-03-26 02:17:36.875557+00:00
[2026-03-26T02:17:37.160+0000] {logging_mixin.py:190} INFO - Dag name:etl_tempo_real and current dag run status:running
[2026-03-26T02:17:37.161+0000] {taskinstance.py:732} INFO - ::endgroup::
[2026-03-26T02:17:37.164+0000] {taskinstance.py:3313} ERROR - Task failed with exception
Traceback (most recent call last):
  File "/home/airflow/.local/lib/python3.12/site-packages/airflow/models/taskinstance.py", line 768, in _execute_task
    result = _execute_callable(context=context, **execute_callable_kwargs)
             ^^^^^^^^^^^^^^^^^^^^^^^^^^^^^^^^^^^^^^^^^^^^^^^^^^^^^^^^^^^^^
  File "/home/airflow/.local/lib/python3.12/site-packages/airflow/models/taskinstance.py", line 734, in _execute_callable
    return ExecutionCallableRunner(
           ^^^^^^^^^^^^^^^^^^^^^^^^
  File "/home/airflow/.local/lib/python3.12/site-packages/airflow/utils/operator_helpers.py", line 252, in run
    return self.func(*args, **kwargs)
           ^^^^^^^^^^^^^^^^^^^^^^^^^^
  File "/home/airflow/.local/lib/python3.12/site-packages/airflow/models/baseoperator.py", line 424, in wrapper
    return func(self, *args, **kwargs)
           ^^^^^^^^^^^^^^^^^^^^^^^^^^^
  File "/home/airflow/.local/lib/python3.12/site-packages/airflow/operators/python.py", line 238, in execute
    return_value = self.execute_callable()
                   ^^^^^^^^^^^^^^^^^^^^^^^
  File "/home/airflow/.local/lib/python3.12/site-packages/airflow/operators/python.py", line 256, in execute_callable
    return runner.run(*self.op_args, **self.op_kwargs)
           ^^^^^^^^^^^^^^^^^^^^^^^^^^^^^^^^^^^^^^^^^^^
  File "/home/airflow/.local/lib/python3.12/site-packages/airflow/utils/operator_helpers.py", line 252, in run
    return self.func(*args, **kwargs)
           ^^^^^^^^^^^^^^^^^^^^^^^^^^
  File "/opt/airflow/project/src/transform_tempo_real.py", line 9, in transform_tempo_real
    file_path = max(list_of_files, key=os.path.getctime)
                ^^^^^^^^^^^^^^^^^^^^^^^^^^^^^^^^^^^^^^^^
ValueError: max() iterable argument is empty
[2026-03-26T02:17:37.194+0000] {logging_mixin.py:190} INFO - Task instance in failure state
[2026-03-26T02:17:37.195+0000] {logging_mixin.py:190} INFO - Task start:2026-03-26 02:17:36.875557+00:00 end:2026-03-26 02:17:37.193432+00:00 duration:0.317875
[2026-03-26T02:17:37.196+0000] {logging_mixin.py:190} INFO - Task:<Task(PythonOperator): transform> dag:<DAG: etl_tempo_real> dagrun:<DagRun etl_tempo_real @ 2026-03-26 01:55:43.408577+00:00: manual__2026-03-26T01:55:43.408577+00:00, state:running, queued_at: 2026-03-26 01:55:43.464097+00:00. externally triggered: True>
[2026-03-26T02:17:37.196+0000] {logging_mixin.py:190} INFO - Failure caused by max() iterable argument is empty
[2026-03-26T02:17:37.197+0000] {taskinstance.py:1226} INFO - Marking task as UP_FOR_RETRY. dag_id=etl_tempo_real, task_id=transform, run_id=manual__2026-03-26T01:55:43.408577+00:00, execution_date=20260326T015543, start_date=20260326T021736, end_date=20260326T021737
[2026-03-26T02:17:37.248+0000] {taskinstance.py:341} INFO - ::group::Post task execution logs
[2026-03-26T02:17:37.249+0000] {standard_task_runner.py:124} ERROR - Failed to execute job 33 for task transform (max() iterable argument is empty; 410)
Traceback (most recent call last):
  File "/home/airflow/.local/lib/python3.12/site-packages/airflow/task/task_runner/standard_task_runner.py", line 117, in _start_by_fork
    ret = args.func(args, dag=self.dag)
          ^^^^^^^^^^^^^^^^^^^^^^^^^^^^^
  File "/home/airflow/.local/lib/python3.12/site-packages/airflow/cli/cli_config.py", line 49, in command
    return func(*args, **kwargs)
           ^^^^^^^^^^^^^^^^^^^^^
  File "/home/airflow/.local/lib/python3.12/site-packages/airflow/utils/cli.py", line 116, in wrapper
    return f(*args, **kwargs)
           ^^^^^^^^^^^^^^^^^^
  File "/home/airflow/.local/lib/python3.12/site-packages/airflow/cli/commands/task_command.py", line 483, in task_run
    task_return_code = _run_task_by_selected_method(args, _dag, ti)
                       ^^^^^^^^^^^^^^^^^^^^^^^^^^^^^^^^^^^^^^^^^^^^
  File "/home/airflow/.local/lib/python3.12/site-packages/airflow/cli/commands/task_command.py", line 256, in _run_task_by_selected_method
    return _run_raw_task(args, ti)
           ^^^^^^^^^^^^^^^^^^^^^^^
  File "/home/airflow/.local/lib/python3.12/site-packages/airflow/cli/commands/task_command.py", line 341, in _run_raw_task
    return ti._run_raw_task(
           ^^^^^^^^^^^^^^^^^
  File "/home/airflow/.local/lib/python3.12/site-packages/airflow/utils/session.py", line 97, in wrapper
    return func(*args, session=session, **kwargs)
           ^^^^^^^^^^^^^^^^^^^^^^^^^^^^^^^^^^^^^^
  File "/home/airflow/.local/lib/python3.12/site-packages/airflow/models/taskinstance.py", line 3006, in _run_raw_task
    return _run_raw_task(
           ^^^^^^^^^^^^^^
  File "/home/airflow/.local/lib/python3.12/site-packages/airflow/models/taskinstance.py", line 274, in _run_raw_task
    TaskInstance._execute_task_with_callbacks(
  File "/home/airflow/.local/lib/python3.12/site-packages/airflow/models/taskinstance.py", line 3161, in _execute_task_with_callbacks
    result = self._execute_task(context, task_orig)
             ^^^^^^^^^^^^^^^^^^^^^^^^^^^^^^^^^^^^^^
  File "/home/airflow/.local/lib/python3.12/site-packages/airflow/models/taskinstance.py", line 3185, in _execute_task
    return _execute_task(self, context, task_orig)
           ^^^^^^^^^^^^^^^^^^^^^^^^^^^^^^^^^^^^^^^
  File "/home/airflow/.local/lib/python3.12/site-packages/airflow/models/taskinstance.py", line 768, in _execute_task
    result = _execute_callable(context=context, **execute_callable_kwargs)
             ^^^^^^^^^^^^^^^^^^^^^^^^^^^^^^^^^^^^^^^^^^^^^^^^^^^^^^^^^^^^^
  File "/home/airflow/.local/lib/python3.12/site-packages/airflow/models/taskinstance.py", line 734, in _execute_callable
    return ExecutionCallableRunner(
           ^^^^^^^^^^^^^^^^^^^^^^^^
  File "/home/airflow/.local/lib/python3.12/site-packages/airflow/utils/operator_helpers.py", line 252, in run
    return self.func(*args, **kwargs)
           ^^^^^^^^^^^^^^^^^^^^^^^^^^
  File "/home/airflow/.local/lib/python3.12/site-packages/airflow/models/baseoperator.py", line 424, in wrapper
    return func(self, *args, **kwargs)
           ^^^^^^^^^^^^^^^^^^^^^^^^^^^
  File "/home/airflow/.local/lib/python3.12/site-packages/airflow/operators/python.py", line 238, in execute
    return_value = self.execute_callable()
                   ^^^^^^^^^^^^^^^^^^^^^^^
  File "/home/airflow/.local/lib/python3.12/site-packages/airflow/operators/python.py", line 256, in execute_callable
    return runner.run(*self.op_args, **self.op_kwargs)
           ^^^^^^^^^^^^^^^^^^^^^^^^^^^^^^^^^^^^^^^^^^^
  File "/home/airflow/.local/lib/python3.12/site-packages/airflow/utils/operator_helpers.py", line 252, in run
    return self.func(*args, **kwargs)
           ^^^^^^^^^^^^^^^^^^^^^^^^^^
  File "/opt/airflow/project/src/transform_tempo_real.py", line 9, in transform_tempo_real
    file_path = max(list_of_files, key=os.path.getctime)
                ^^^^^^^^^^^^^^^^^^^^^^^^^^^^^^^^^^^^^^^^
ValueError: max() iterable argument is empty
[2026-03-26T02:17:37.310+0000] {local_task_job_runner.py:266} INFO - Task exited with return code 1
[2026-03-26T02:17:37.367+0000] {taskinstance.py:3901} INFO - 0 downstream tasks scheduled from follow-on schedule check
[2026-03-26T02:17:37.372+0000] {local_task_job_runner.py:245} INFO - ::endgroup::
