[2026-03-27T17:23:40.432+0000] {local_task_job_runner.py:123} INFO - ::group::Pre task execution logs
[2026-03-27T17:23:40.661+0000] {taskinstance.py:2614} INFO - Dependencies all met for dep_context=non-requeueable deps ti=<TaskInstance: etl_tempo_real.extract manual__2026-03-26T15:41:27.216007+00:00 [queued]>
[2026-03-27T17:23:40.677+0000] {taskinstance.py:2614} INFO - Dependencies all met for dep_context=requeueable deps ti=<TaskInstance: etl_tempo_real.extract manual__2026-03-26T15:41:27.216007+00:00 [queued]>
[2026-03-27T17:23:40.678+0000] {taskinstance.py:2867} INFO - Starting attempt 4 of 5
[2026-03-27T17:23:40.708+0000] {taskinstance.py:2890} INFO - Executing <Task(PythonOperator): extract> on 2026-03-26 15:41:27.216007+00:00
[2026-03-27T17:23:40.723+0000] {warnings.py:112} WARNING - /home/***/.local/lib/python3.12/site-packages/***/task/task_runner/standard_task_runner.py:70: DeprecationWarning: This process (pid=815) is multi-threaded, use of fork() may lead to deadlocks in the child.
  pid = os.fork()

[2026-03-27T17:23:40.727+0000] {standard_task_runner.py:72} INFO - Started process 818 to run task
[2026-03-27T17:23:40.727+0000] {standard_task_runner.py:104} INFO - Running: ['***', 'tasks', 'run', 'etl_tempo_real', 'extract', 'manual__2026-03-26T15:41:27.216007+00:00', '--job-id', '68', '--raw', '--subdir', 'DAGS_FOLDER/etl_tempo_real.py', '--cfg-path', '/tmp/tmpbncyd84j']
[2026-03-27T17:23:40.729+0000] {standard_task_runner.py:105} INFO - Job 68: Subtask extract
[2026-03-27T17:23:40.828+0000] {task_command.py:467} INFO - Running <TaskInstance: etl_tempo_real.extract manual__2026-03-26T15:41:27.216007+00:00 [running]> on host cac596281d8b
[2026-03-27T17:23:40.973+0000] {taskinstance.py:3134} INFO - Exporting env vars: AIRFLOW_CTX_DAG_OWNER='***' AIRFLOW_CTX_DAG_ID='etl_tempo_real' AIRFLOW_CTX_TASK_ID='extract' AIRFLOW_CTX_EXECUTION_DATE='2026-03-26T15:41:27.216007+00:00' AIRFLOW_CTX_TRY_NUMBER='4' AIRFLOW_CTX_DAG_RUN_ID='manual__2026-03-26T15:41:27.216007+00:00'
[2026-03-27T17:23:40.977+0000] {logging_mixin.py:190} INFO - Task instance is in running state
[2026-03-27T17:23:40.978+0000] {logging_mixin.py:190} INFO -  Previous state of the Task instance: queued
[2026-03-27T17:23:40.979+0000] {logging_mixin.py:190} INFO - Current task name:extract state:running start_date:2026-03-27 17:23:40.662064+00:00
[2026-03-27T17:23:40.980+0000] {logging_mixin.py:190} INFO - Dag name:etl_tempo_real and current dag run status:running
[2026-03-27T17:23:40.981+0000] {taskinstance.py:732} INFO - ::endgroup::
[2026-03-27T17:23:41.083+0000] {logger.py:11} INFO - ====== WebDriver manager ======
[2026-03-27T17:23:41.200+0000] {logger.py:11} INFO - Get LATEST geckodriver version for 140.9 firefox
[2026-03-27T17:23:41.700+0000] {logger.py:11} INFO - Get LATEST geckodriver version for 140.9 firefox
[2026-03-27T17:23:42.192+0000] {logger.py:11} INFO - Driver [/home/***/.wdm/drivers/geckodriver/linux64/v0.36.0/geckodriver] found in cache
[2026-03-27T17:23:57.083+0000] {logging_mixin.py:190} INFO - Página carregada: https://www.tjpe.jus.br/rhsso/realms/tjpeconnect/protocol/openid-connect/auth?response_type=code&client_id=tjpereports&redirect_uri=https%3A%2F%2Fwww.tjpe.jus.br%2Ftjpereports%2Fxhtml%2Flogin.xhtml&state=449275ef-1760-4901-85d2-589fdd669acd&login=true&scope=openid
[2026-03-27T17:24:02.334+0000] {logging_mixin.py:190} INFO - URL após submit: https://www.tjpe.jus.br/rhsso/realms/tjpeconnect/login-actions/authenticate?execution=86865601-c9df-4b14-9337-25a121f00aca&client_id=tjpereports&tab_id=xcEeuyIk5ss
[2026-03-27T17:24:04.341+0000] {logging_mixin.py:190} INFO - Código TOTP gerado: 457596
[2026-03-27T17:24:07.348+0000] {logging_mixin.py:190} INFO - Campo OTP encontrado
[2026-03-27T17:24:07.377+0000] {logging_mixin.py:190} INFO - Código TOTP inserido
[2026-03-27T17:24:09.405+0000] {logging_mixin.py:190} INFO - Formulário TOTP enviado
[2026-03-27T17:24:24.795+0000] {logging_mixin.py:190} INFO - URL atual: https://www.tjpe.jus.br/tjpereports/xhtml/manterRelatorio/executarRelatorio.xhtml
[2026-03-27T17:25:14.311+0000] {logging_mixin.py:190} INFO - Aguardando download na pasta: /data_tempo_real
[2026-03-27T17:25:29.317+0000] {logging_mixin.py:190} INFO - Arquivos antes: []
[2026-03-27T17:26:59.315+0000] {logging_mixin.py:190} INFO - Arquivos depois: []
[2026-03-27T17:26:59.317+0000] {logging_mixin.py:190} INFO - Novos arquivos xlsx: []
[2026-03-27T17:26:59.322+0000] {logging_mixin.py:190} INFO - Arquivos xlsx na pasta: []
[2026-03-27T17:26:59.323+0000] {logging_mixin.py:190} INFO - Fechando navegador...
[2026-03-27T17:26:59.938+0000] {logging_mixin.py:190} INFO - Navegador fechado
[2026-03-27T17:26:59.939+0000] {python.py:240} INFO - Done. Returned value was: False
[2026-03-27T17:27:00.006+0000] {taskinstance.py:341} INFO - ::group::Post task execution logs
[2026-03-27T17:27:00.008+0000] {taskinstance.py:353} INFO - Marking task as SUCCESS. dag_id=etl_tempo_real, task_id=extract, run_id=manual__2026-03-26T15:41:27.216007+00:00, execution_date=20260326T154127, start_date=20260327T172340, end_date=20260327T172700
[2026-03-27T17:27:00.065+0000] {logging_mixin.py:190} INFO - Task instance in success state
[2026-03-27T17:27:00.066+0000] {logging_mixin.py:190} INFO -  Previous state of the Task instance: running
[2026-03-27T17:27:00.067+0000] {logging_mixin.py:190} INFO - Dag name:etl_tempo_real queued_at:2026-03-26 15:41:27.253148+00:00
[2026-03-27T17:27:00.068+0000] {logging_mixin.py:190} INFO - Task hostname:cac596281d8b operator:PythonOperator
[2026-03-27T17:27:00.116+0000] {local_task_job_runner.py:266} INFO - Task exited with return code 0
[2026-03-27T17:27:00.166+0000] {taskinstance.py:3901} INFO - 1 downstream tasks scheduled from follow-on schedule check
[2026-03-27T17:27:00.169+0000] {local_task_job_runner.py:245} INFO - ::endgroup::
