[2026-03-27T19:28:50.784+0000] {local_task_job_runner.py:123} INFO - ::group::Pre task execution logs
[2026-03-27T19:28:51.015+0000] {taskinstance.py:2614} INFO - Dependencies all met for dep_context=non-requeueable deps ti=<TaskInstance: etl_tempo_real.load_supabase manual__2026-03-27T19:25:29.229130+00:00 [queued]>
[2026-03-27T19:28:51.034+0000] {taskinstance.py:2614} INFO - Dependencies all met for dep_context=requeueable deps ti=<TaskInstance: etl_tempo_real.load_supabase manual__2026-03-27T19:25:29.229130+00:00 [queued]>
[2026-03-27T19:28:51.036+0000] {taskinstance.py:2867} INFO - Starting attempt 1 of 3
[2026-03-27T19:28:51.062+0000] {taskinstance.py:2890} INFO - Executing <Task(PythonOperator): load_supabase> on 2026-03-27 19:25:29.229130+00:00
[2026-03-27T19:28:51.075+0000] {warnings.py:112} WARNING - /home/***/.local/lib/python3.12/site-packages/***/task/task_runner/standard_task_runner.py:70: DeprecationWarning: This process (pid=841) is multi-threaded, use of fork() may lead to deadlocks in the child.
  pid = os.fork()

[2026-03-27T19:28:51.078+0000] {standard_task_runner.py:72} INFO - Started process 846 to run task
[2026-03-27T19:28:51.079+0000] {standard_task_runner.py:104} INFO - Running: ['***', 'tasks', 'run', 'etl_tempo_real', 'load_supabase', 'manual__2026-03-27T19:25:29.229130+00:00', '--job-id', '99', '--raw', '--subdir', 'DAGS_FOLDER/etl_tempo_real.py', '--cfg-path', '/tmp/tmpd8h39vz3']
[2026-03-27T19:28:51.081+0000] {standard_task_runner.py:105} INFO - Job 99: Subtask load_supabase
[2026-03-27T19:28:51.170+0000] {task_command.py:467} INFO - Running <TaskInstance: etl_tempo_real.load_supabase manual__2026-03-27T19:25:29.229130+00:00 [running]> on host 1abfc21eb0a8
[2026-03-27T19:28:51.348+0000] {taskinstance.py:3134} INFO - Exporting env vars: AIRFLOW_CTX_DAG_OWNER='***' AIRFLOW_CTX_DAG_ID='etl_tempo_real' AIRFLOW_CTX_TASK_ID='load_supabase' AIRFLOW_CTX_EXECUTION_DATE='2026-03-27T19:25:29.229130+00:00' AIRFLOW_CTX_TRY_NUMBER='1' AIRFLOW_CTX_DAG_RUN_ID='manual__2026-03-27T19:25:29.229130+00:00'
[2026-03-27T19:28:51.355+0000] {logging_mixin.py:190} INFO - Task instance is in running state
[2026-03-27T19:28:51.356+0000] {logging_mixin.py:190} INFO -  Previous state of the Task instance: queued
[2026-03-27T19:28:51.359+0000] {logging_mixin.py:190} INFO - Current task name:load_supabase state:running start_date:2026-03-27 19:28:51.016250+00:00
[2026-03-27T19:28:51.360+0000] {logging_mixin.py:190} INFO - Dag name:etl_tempo_real and current dag run status:running
[2026-03-27T19:28:51.362+0000] {taskinstance.py:732} INFO - ::endgroup::
[2026-03-27T19:28:56.001+0000] {logging_mixin.py:190} INFO - Arquivo tempo_real_2026-03-27_1a_CC.csv enviado para o Supabase Storage
[2026-03-27T19:28:56.654+0000] {logging_mixin.py:190} INFO - Arquivo tempo_real_2026-03-27_1a_CCJ.csv enviado para o Supabase Storage
[2026-03-27T19:28:57.446+0000] {logging_mixin.py:190} INFO - Arquivo tempo_real_2026-03-27_2a_CC.csv enviado para o Supabase Storage
[2026-03-27T19:28:58.141+0000] {logging_mixin.py:190} INFO - Arquivo tempo_real_2026-03-27_2a_CCJ.csv enviado para o Supabase Storage
[2026-03-27T19:28:58.939+0000] {logging_mixin.py:190} INFO - Arquivo tempo_real_2026-03-27_3a_CC.csv enviado para o Supabase Storage
[2026-03-27T19:28:59.881+0000] {logging_mixin.py:190} INFO - Arquivo tempo_real_2026-03-27_3a_CCJ.csv enviado para o Supabase Storage
[2026-03-27T19:29:00.559+0000] {logging_mixin.py:190} INFO - Arquivo tempo_real_2026-03-27_4a_CC.csv enviado para o Supabase Storage
[2026-03-27T19:29:01.062+0000] {logging_mixin.py:190} INFO - Arquivo tempo_real_2026-03-27_4a_CCJ.csv enviado para o Supabase Storage
[2026-03-27T19:29:01.815+0000] {logging_mixin.py:190} INFO - Arquivo tempo_real_2026-03-27_5a_CC.csv enviado para o Supabase Storage
[2026-03-27T19:29:02.274+0000] {logging_mixin.py:190} INFO - Arquivo tempo_real_2026-03-27_5a_CCJ.csv enviado para o Supabase Storage
[2026-03-27T19:29:02.677+0000] {logging_mixin.py:190} INFO - Arquivo tempo_real_2026-03-27_6a_CC.csv enviado para o Supabase Storage
[2026-03-27T19:29:03.127+0000] {logging_mixin.py:190} INFO - Arquivo tempo_real_2026-03-27_6a_CCJ.csv enviado para o Supabase Storage
[2026-03-27T19:29:03.769+0000] {logging_mixin.py:190} INFO - Arquivo tempo_real_2026-03-27_7a_CC.csv enviado para o Supabase Storage
[2026-03-27T19:29:04.134+0000] {logging_mixin.py:190} INFO - Arquivo tempo_real_2026-03-27_PARTIDOR.csv enviado para o Supabase Storage
[2026-03-27T19:29:04.848+0000] {logging_mixin.py:190} INFO - Arquivo tempo_real_2026-03-27_QUANTIDADE.csv enviado para o Supabase Storage
[2026-03-27T19:29:05.343+0000] {logging_mixin.py:190} INFO - Arquivo tempo_real_2026-03-27_CONSOLIDADO.csv enviado para o Supabase Storage
[2026-03-27T19:29:05.345+0000] {python.py:240} INFO - Done. Returned value was: None
[2026-03-27T19:29:05.359+0000] {taskinstance.py:341} INFO - ::group::Post task execution logs
[2026-03-27T19:29:05.361+0000] {taskinstance.py:353} INFO - Marking task as SUCCESS. dag_id=etl_tempo_real, task_id=load_supabase, run_id=manual__2026-03-27T19:25:29.229130+00:00, execution_date=20260327T192529, start_date=20260327T192851, end_date=20260327T192905
[2026-03-27T19:29:05.427+0000] {logging_mixin.py:190} INFO - Task instance in success state
[2026-03-27T19:29:05.429+0000] {logging_mixin.py:190} INFO -  Previous state of the Task instance: running
[2026-03-27T19:29:05.430+0000] {logging_mixin.py:190} INFO - Dag name:etl_tempo_real queued_at:2026-03-27 19:25:29.257976+00:00
[2026-03-27T19:29:05.431+0000] {logging_mixin.py:190} INFO - Task hostname:1abfc21eb0a8 operator:PythonOperator
[2026-03-27T19:29:05.473+0000] {local_task_job_runner.py:266} INFO - Task exited with return code 0
[2026-03-27T19:29:05.500+0000] {taskinstance.py:3901} INFO - 0 downstream tasks scheduled from follow-on schedule check
[2026-03-27T19:29:05.505+0000] {local_task_job_runner.py:245} INFO - ::endgroup::
