[2026-03-26T01:57:27.615+0000] {local_task_job_runner.py:123} INFO - ::group::Pre task execution logs
[2026-03-26T01:57:27.837+0000] {taskinstance.py:2614} INFO - Dependencies all met for dep_context=non-requeueable deps ti=<TaskInstance: etl_tempo_real.extract manual__2026-03-26T01:52:11.634439+00:00 [queued]>
[2026-03-26T01:57:27.857+0000] {taskinstance.py:2614} INFO - Dependencies all met for dep_context=requeueable deps ti=<TaskInstance: etl_tempo_real.extract manual__2026-03-26T01:52:11.634439+00:00 [queued]>
[2026-03-26T01:57:27.859+0000] {taskinstance.py:2867} INFO - Starting attempt 2 of 3
[2026-03-26T01:57:27.894+0000] {taskinstance.py:2890} INFO - Executing <Task(PythonOperator): extract> on 2026-03-26 01:52:11.634439+00:00
[2026-03-26T01:57:27.908+0000] {warnings.py:112} WARNING - /home/***/.local/lib/python3.12/site-packages/***/task/task_runner/standard_task_runner.py:70: DeprecationWarning: This process (pid=166) is multi-threaded, use of fork() may lead to deadlocks in the child.
  pid = os.fork()

[2026-03-26T01:57:27.912+0000] {standard_task_runner.py:72} INFO - Started process 169 to run task
[2026-03-26T01:57:27.911+0000] {standard_task_runner.py:104} INFO - Running: ['***', 'tasks', 'run', 'etl_tempo_real', 'extract', 'manual__2026-03-26T01:52:11.634439+00:00', '--job-id', '27', '--raw', '--subdir', 'DAGS_FOLDER/etl_tempo_real.py', '--cfg-path', '/tmp/tmp5uxvqjkd']
[2026-03-26T01:57:27.913+0000] {standard_task_runner.py:105} INFO - Job 27: Subtask extract
[2026-03-26T01:57:27.999+0000] {task_command.py:467} INFO - Running <TaskInstance: etl_tempo_real.extract manual__2026-03-26T01:52:11.634439+00:00 [running]> on host c2520d6c2ed2
[2026-03-26T01:57:28.148+0000] {taskinstance.py:3134} INFO - Exporting env vars: AIRFLOW_CTX_DAG_OWNER='***' AIRFLOW_CTX_DAG_ID='etl_tempo_real' AIRFLOW_CTX_TASK_ID='extract' AIRFLOW_CTX_EXECUTION_DATE='2026-03-26T01:52:11.634439+00:00' AIRFLOW_CTX_TRY_NUMBER='2' AIRFLOW_CTX_DAG_RUN_ID='manual__2026-03-26T01:52:11.634439+00:00'
[2026-03-26T01:57:28.150+0000] {logging_mixin.py:190} INFO - Task instance is in running state
[2026-03-26T01:57:28.151+0000] {logging_mixin.py:190} INFO -  Previous state of the Task instance: queued
[2026-03-26T01:57:28.152+0000] {logging_mixin.py:190} INFO - Current task name:extract state:running start_date:2026-03-26 01:57:27.838114+00:00
[2026-03-26T01:57:28.152+0000] {logging_mixin.py:190} INFO - Dag name:etl_tempo_real and current dag run status:running
[2026-03-26T01:57:28.153+0000] {taskinstance.py:732} INFO - ::endgroup::
[2026-03-26T01:57:28.239+0000] {logger.py:11} INFO - ====== WebDriver manager ======
[2026-03-26T01:57:28.271+0000] {logger.py:11} INFO - Get LATEST geckodriver version for None firefox
[2026-03-26T01:57:29.090+0000] {logger.py:11} INFO - Getting latest mozilla release info for v0.36.0
[2026-03-26T01:57:29.848+0000] {logger.py:11} INFO - About to download new driver from https://github.com/mozilla/geckodriver/releases/download/v0.36.0/geckodriver-v0.36.0-linux64.tar.gz
[2026-03-26T01:57:31.935+0000] {logger.py:11} INFO - Driver downloading response is 200
[2026-03-26T01:57:34.634+0000] {logger.py:11} INFO - Get LATEST geckodriver version for None firefox
[2026-03-26T01:57:35.382+0000] {logger.py:11} INFO - Get LATEST geckodriver version for None firefox
[2026-03-26T01:57:36.337+0000] {logger.py:11} INFO - Driver has been saved in cache [/home/***/.wdm/drivers/geckodriver/linux64/v0.36.0]
[2026-03-26T01:57:36.435+0000] {taskinstance.py:3313} ERROR - Task failed with exception
Traceback (most recent call last):
  File "/home/airflow/.local/lib/python3.12/site-packages/airflow/models/taskinstance.py", line 768, in _execute_task
    result = _execute_callable(context=context, **execute_callable_kwargs)
             ^^^^^^^^^^^^^^^^^^^^^^^^^^^^^^^^^^^^^^^^^^^^^^^^^^^^^^^^^^^^^
  File "/home/airflow/.local/lib/python3.12/site-packages/airflow/models/taskinstance.py", line 734, in _execute_callable
    return ExecutionCallableRunner(
           ^^^^^^^^^^^^^^^^^^^^^^^^
  File "/home/airflow/.local/lib/python3.12/site-packages/airflow/utils/operator_helpers.py", line 252, in run
    return self.func(*args, **kwargs)
           ^^^^^^^^^^^^^^^^^^^^^^^^^^
  File "/home/airflow/.local/lib/python3.12/site-packages/airflow/models/baseoperator.py", line 424, in wrapper
    return func(self, *args, **kwargs)
           ^^^^^^^^^^^^^^^^^^^^^^^^^^^
  File "/home/airflow/.local/lib/python3.12/site-packages/airflow/operators/python.py", line 238, in execute
    return_value = self.execute_callable()
                   ^^^^^^^^^^^^^^^^^^^^^^^
  File "/home/airflow/.local/lib/python3.12/site-packages/airflow/operators/python.py", line 256, in execute_callable
    return runner.run(*self.op_args, **self.op_kwargs)
           ^^^^^^^^^^^^^^^^^^^^^^^^^^^^^^^^^^^^^^^^^^^
  File "/home/airflow/.local/lib/python3.12/site-packages/airflow/utils/operator_helpers.py", line 252, in run
    return self.func(*args, **kwargs)
           ^^^^^^^^^^^^^^^^^^^^^^^^^^
  File "/opt/airflow/project/src/extract_tempo_real.py", line 41, in extract_report_tempo_real
    navegador = webdriver.Firefox(options=fp, service=servico)
                ^^^^^^^^^^^^^^^^^^^^^^^^^^^^^^^^^^^^^^^^^^^^^^
  File "/home/airflow/.local/lib/python3.12/site-packages/selenium/webdriver/firefox/webdriver.py", line 69, in __init__
    super().__init__(command_executor=executor, options=self.options)
  File "/home/airflow/.local/lib/python3.12/site-packages/selenium/webdriver/common/webdriver.py", line 25, in __init__
    super().__init__(*args, **kwargs)
  File "/home/airflow/.local/lib/python3.12/site-packages/selenium/webdriver/remote/webdriver.py", line 271, in __init__
    self.start_session(capabilities)
  File "/home/airflow/.local/lib/python3.12/site-packages/selenium/webdriver/remote/webdriver.py", line 366, in start_session
    response = self.execute(Command.NEW_SESSION, caps)["value"]
               ^^^^^^^^^^^^^^^^^^^^^^^^^^^^^^^^^^^^^^^
  File "/home/airflow/.local/lib/python3.12/site-packages/selenium/webdriver/remote/webdriver.py", line 446, in execute
    self.error_handler.check_response(response)
  File "/home/airflow/.local/lib/python3.12/site-packages/selenium/webdriver/remote/errorhandler.py", line 232, in check_response
    raise exception_class(message, screen, stacktrace)
selenium.common.exceptions.SessionNotCreatedException: Message: Expected browser binary location, but unable to find binary in default location, no 'moz:firefoxOptions.binary' capability provided, and no binary flag set on the command line; For documentation on this error, please visit: https://www.selenium.dev/documentation/webdriver/troubleshooting/errors#sessionnotcreatedexception

[2026-03-26T01:57:36.472+0000] {logging_mixin.py:190} INFO - Task instance in failure state
[2026-03-26T01:57:36.473+0000] {logging_mixin.py:190} INFO - Task start:2026-03-26 01:57:27.838114+00:00 end:2026-03-26 01:57:36.471227+00:00 duration:8.633113
[2026-03-26T01:57:36.474+0000] {logging_mixin.py:190} INFO - Task:<Task(PythonOperator): extract> dag:<DAG: etl_tempo_real> dagrun:<DagRun etl_tempo_real @ 2026-03-26 01:52:11.634439+00:00: manual__2026-03-26T01:52:11.634439+00:00, state:running, queued_at: 2026-03-26 01:52:11.666508+00:00. externally triggered: True>
[2026-03-26T01:57:36.475+0000] {logging_mixin.py:190} INFO - Failure caused by Message: Expected browser binary location, but unable to find binary in default location, no 'moz:firefoxOptions.binary' capability provided, and no binary flag set on the command line; For documentation on this error, please visit: https://www.selenium.dev/documentation/webdriver/troubleshooting/errors#sessionnotcreatedexception
[2026-03-26T01:57:36.476+0000] {taskinstance.py:1226} INFO - Marking task as UP_FOR_RETRY. dag_id=etl_tempo_real, task_id=extract, run_id=manual__2026-03-26T01:52:11.634439+00:00, execution_date=20260326T015211, start_date=20260326T015727, end_date=20260326T015736
[2026-03-26T01:57:36.524+0000] {taskinstance.py:341} INFO - ::group::Post task execution logs
[2026-03-26T01:57:36.526+0000] {standard_task_runner.py:124} ERROR - Failed to execute job 27 for task extract (Message: Expected browser binary location, but unable to find binary in default location, no 'moz:firefoxOptions.binary' capability provided, and no binary flag set on the command line; For documentation on this error, please visit: https://www.selenium.dev/documentation/webdriver/troubleshooting/errors#sessionnotcreatedexception
; 169)
Traceback (most recent call last):
  File "/home/airflow/.local/lib/python3.12/site-packages/airflow/task/task_runner/standard_task_runner.py", line 117, in _start_by_fork
    ret = args.func(args, dag=self.dag)
          ^^^^^^^^^^^^^^^^^^^^^^^^^^^^^
  File "/home/airflow/.local/lib/python3.12/site-packages/airflow/cli/cli_config.py", line 49, in command
    return func(*args, **kwargs)
           ^^^^^^^^^^^^^^^^^^^^^
  File "/home/airflow/.local/lib/python3.12/site-packages/airflow/utils/cli.py", line 116, in wrapper
    return f(*args, **kwargs)
           ^^^^^^^^^^^^^^^^^^
  File "/home/airflow/.local/lib/python3.12/site-packages/airflow/cli/commands/task_command.py", line 483, in task_run
    task_return_code = _run_task_by_selected_method(args, _dag, ti)
                       ^^^^^^^^^^^^^^^^^^^^^^^^^^^^^^^^^^^^^^^^^^^^
  File "/home/airflow/.local/lib/python3.12/site-packages/airflow/cli/commands/task_command.py", line 256, in _run_task_by_selected_method
    return _run_raw_task(args, ti)
           ^^^^^^^^^^^^^^^^^^^^^^^
  File "/home/airflow/.local/lib/python3.12/site-packages/airflow/cli/commands/task_command.py", line 341, in _run_raw_task
    return ti._run_raw_task(
           ^^^^^^^^^^^^^^^^^
  File "/home/airflow/.local/lib/python3.12/site-packages/airflow/utils/session.py", line 97, in wrapper
    return func(*args, session=session, **kwargs)
           ^^^^^^^^^^^^^^^^^^^^^^^^^^^^^^^^^^^^^^
  File "/home/airflow/.local/lib/python3.12/site-packages/airflow/models/taskinstance.py", line 3006, in _run_raw_task
    return _run_raw_task(
           ^^^^^^^^^^^^^^
  File "/home/airflow/.local/lib/python3.12/site-packages/airflow/models/taskinstance.py", line 274, in _run_raw_task
    TaskInstance._execute_task_with_callbacks(
  File "/home/airflow/.local/lib/python3.12/site-packages/airflow/models/taskinstance.py", line 3161, in _execute_task_with_callbacks
    result = self._execute_task(context, task_orig)
             ^^^^^^^^^^^^^^^^^^^^^^^^^^^^^^^^^^^^^^
  File "/home/airflow/.local/lib/python3.12/site-packages/airflow/models/taskinstance.py", line 3185, in _execute_task
    return _execute_task(self, context, task_orig)
           ^^^^^^^^^^^^^^^^^^^^^^^^^^^^^^^^^^^^^^^
  File "/home/airflow/.local/lib/python3.12/site-packages/airflow/models/taskinstance.py", line 768, in _execute_task
    result = _execute_callable(context=context, **execute_callable_kwargs)
             ^^^^^^^^^^^^^^^^^^^^^^^^^^^^^^^^^^^^^^^^^^^^^^^^^^^^^^^^^^^^^
  File "/home/airflow/.local/lib/python3.12/site-packages/airflow/models/taskinstance.py", line 734, in _execute_callable
    return ExecutionCallableRunner(
           ^^^^^^^^^^^^^^^^^^^^^^^^
  File "/home/airflow/.local/lib/python3.12/site-packages/airflow/utils/operator_helpers.py", line 252, in run
    return self.func(*args, **kwargs)
           ^^^^^^^^^^^^^^^^^^^^^^^^^^
  File "/home/airflow/.local/lib/python3.12/site-packages/airflow/models/baseoperator.py", line 424, in wrapper
    return func(self, *args, **kwargs)
           ^^^^^^^^^^^^^^^^^^^^^^^^^^^
  File "/home/airflow/.local/lib/python3.12/site-packages/airflow/operators/python.py", line 238, in execute
    return_value = self.execute_callable()
                   ^^^^^^^^^^^^^^^^^^^^^^^
  File "/home/airflow/.local/lib/python3.12/site-packages/airflow/operators/python.py", line 256, in execute_callable
    return runner.run(*self.op_args, **self.op_kwargs)
           ^^^^^^^^^^^^^^^^^^^^^^^^^^^^^^^^^^^^^^^^^^^
  File "/home/airflow/.local/lib/python3.12/site-packages/airflow/utils/operator_helpers.py", line 252, in run
    return self.func(*args, **kwargs)
           ^^^^^^^^^^^^^^^^^^^^^^^^^^
  File "/opt/airflow/project/src/extract_tempo_real.py", line 41, in extract_report_tempo_real
    navegador = webdriver.Firefox(options=fp, service=servico)
                ^^^^^^^^^^^^^^^^^^^^^^^^^^^^^^^^^^^^^^^^^^^^^^
  File "/home/airflow/.local/lib/python3.12/site-packages/selenium/webdriver/firefox/webdriver.py", line 69, in __init__
    super().__init__(command_executor=executor, options=self.options)
  File "/home/airflow/.local/lib/python3.12/site-packages/selenium/webdriver/common/webdriver.py", line 25, in __init__
    super().__init__(*args, **kwargs)
  File "/home/airflow/.local/lib/python3.12/site-packages/selenium/webdriver/remote/webdriver.py", line 271, in __init__
    self.start_session(capabilities)
  File "/home/airflow/.local/lib/python3.12/site-packages/selenium/webdriver/remote/webdriver.py", line 366, in start_session
    response = self.execute(Command.NEW_SESSION, caps)["value"]
               ^^^^^^^^^^^^^^^^^^^^^^^^^^^^^^^^^^^^^^^
  File "/home/airflow/.local/lib/python3.12/site-packages/selenium/webdriver/remote/webdriver.py", line 446, in execute
    self.error_handler.check_response(response)
  File "/home/airflow/.local/lib/python3.12/site-packages/selenium/webdriver/remote/errorhandler.py", line 232, in check_response
    raise exception_class(message, screen, stacktrace)
selenium.common.exceptions.SessionNotCreatedException: Message: Expected browser binary location, but unable to find binary in default location, no 'moz:firefoxOptions.binary' capability provided, and no binary flag set on the command line; For documentation on this error, please visit: https://www.selenium.dev/documentation/webdriver/troubleshooting/errors#sessionnotcreatedexception

[2026-03-26T01:57:36.568+0000] {local_task_job_runner.py:266} INFO - Task exited with return code 1
[2026-03-26T01:57:36.602+0000] {taskinstance.py:3901} INFO - 0 downstream tasks scheduled from follow-on schedule check
[2026-03-26T01:57:36.606+0000] {local_task_job_runner.py:245} INFO - ::endgroup::
