[2026-03-27T19:16:56.602+0000] {local_task_job_runner.py:123} INFO - ::group::Pre task execution logs
[2026-03-27T19:16:56.801+0000] {taskinstance.py:2614} INFO - Dependencies all met for dep_context=non-requeueable deps ti=<TaskInstance: etl_tempo_real.load_supabase manual__2026-03-27T19:13:25.949714+00:00 [queued]>
[2026-03-27T19:16:56.833+0000] {taskinstance.py:2614} INFO - Dependencies all met for dep_context=requeueable deps ti=<TaskInstance: etl_tempo_real.load_supabase manual__2026-03-27T19:13:25.949714+00:00 [queued]>
[2026-03-27T19:16:56.835+0000] {taskinstance.py:2867} INFO - Starting attempt 1 of 3
[2026-03-27T19:16:56.883+0000] {taskinstance.py:2890} INFO - Executing <Task(PythonOperator): load_supabase> on 2026-03-27 19:13:25.949714+00:00
[2026-03-27T19:16:56.898+0000] {warnings.py:112} WARNING - /home/***/.local/lib/python3.12/site-packages/***/task/task_runner/standard_task_runner.py:70: DeprecationWarning: This process (pid=460) is multi-threaded, use of fork() may lead to deadlocks in the child.
  pid = os.fork()

[2026-03-27T19:16:56.906+0000] {standard_task_runner.py:72} INFO - Started process 467 to run task
[2026-03-27T19:16:56.908+0000] {standard_task_runner.py:104} INFO - Running: ['***', 'tasks', 'run', 'etl_tempo_real', 'load_supabase', 'manual__2026-03-27T19:13:25.949714+00:00', '--job-id', '94', '--raw', '--subdir', 'DAGS_FOLDER/etl_tempo_real.py', '--cfg-path', '/tmp/tmpkdfdn6xc']
[2026-03-27T19:16:56.912+0000] {standard_task_runner.py:105} INFO - Job 94: Subtask load_supabase
[2026-03-27T19:16:57.026+0000] {task_command.py:467} INFO - Running <TaskInstance: etl_tempo_real.load_supabase manual__2026-03-27T19:13:25.949714+00:00 [running]> on host 1abfc21eb0a8
[2026-03-27T19:16:57.177+0000] {taskinstance.py:3134} INFO - Exporting env vars: AIRFLOW_CTX_DAG_OWNER='***' AIRFLOW_CTX_DAG_ID='etl_tempo_real' AIRFLOW_CTX_TASK_ID='load_supabase' AIRFLOW_CTX_EXECUTION_DATE='2026-03-27T19:13:25.949714+00:00' AIRFLOW_CTX_TRY_NUMBER='1' AIRFLOW_CTX_DAG_RUN_ID='manual__2026-03-27T19:13:25.949714+00:00'
[2026-03-27T19:16:57.179+0000] {logging_mixin.py:190} INFO - Task instance is in running state
[2026-03-27T19:16:57.179+0000] {logging_mixin.py:190} INFO -  Previous state of the Task instance: queued
[2026-03-27T19:16:57.180+0000] {logging_mixin.py:190} INFO - Current task name:load_supabase state:running start_date:2026-03-27 19:16:56.803296+00:00
[2026-03-27T19:16:57.181+0000] {logging_mixin.py:190} INFO - Dag name:etl_tempo_real and current dag run status:running
[2026-03-27T19:16:57.182+0000] {taskinstance.py:732} INFO - ::endgroup::
[2026-03-27T19:17:00.070+0000] {logging_mixin.py:190} INFO - Arquivo tempo_real_2026-03-27_1a_CC.csv enviado para o Supabase Storage
[2026-03-27T19:17:00.877+0000] {logging_mixin.py:190} INFO - Arquivo tempo_real_2026-03-27_1a_CCJ.csv enviado para o Supabase Storage
[2026-03-27T19:17:01.552+0000] {logging_mixin.py:190} INFO - Arquivo tempo_real_2026-03-27_2a_CC.csv enviado para o Supabase Storage
[2026-03-27T19:17:02.285+0000] {logging_mixin.py:190} INFO - Arquivo tempo_real_2026-03-27_2a_CCJ.csv enviado para o Supabase Storage
[2026-03-27T19:17:02.748+0000] {logging_mixin.py:190} INFO - Arquivo tempo_real_2026-03-27_3a_CC.csv enviado para o Supabase Storage
[2026-03-27T19:17:03.431+0000] {logging_mixin.py:190} INFO - Arquivo tempo_real_2026-03-27_3a_CCJ.csv enviado para o Supabase Storage
[2026-03-27T19:17:04.173+0000] {logging_mixin.py:190} INFO - Arquivo tempo_real_2026-03-27_4a_CC.csv enviado para o Supabase Storage
[2026-03-27T19:17:04.612+0000] {logging_mixin.py:190} INFO - Arquivo tempo_real_2026-03-27_4a_CCJ.csv enviado para o Supabase Storage
[2026-03-27T19:17:05.299+0000] {logging_mixin.py:190} INFO - Arquivo tempo_real_2026-03-27_5a_CC.csv enviado para o Supabase Storage
[2026-03-27T19:17:06.082+0000] {logging_mixin.py:190} INFO - Arquivo tempo_real_2026-03-27_5a_CCJ.csv enviado para o Supabase Storage
[2026-03-27T19:17:06.938+0000] {logging_mixin.py:190} INFO - Arquivo tempo_real_2026-03-27_6a_CC.csv enviado para o Supabase Storage
[2026-03-27T19:17:07.272+0000] {logging_mixin.py:190} INFO - Arquivo tempo_real_2026-03-27_6a_CCJ.csv enviado para o Supabase Storage
[2026-03-27T19:17:07.671+0000] {logging_mixin.py:190} INFO - Arquivo tempo_real_2026-03-27_7a_CC.csv enviado para o Supabase Storage
[2026-03-27T19:17:08.037+0000] {logging_mixin.py:190} INFO - Arquivo tempo_real_2026-03-27_PARTIDOR.csv enviado para o Supabase Storage
[2026-03-27T19:17:08.476+0000] {logging_mixin.py:190} INFO - Arquivo tempo_real_2026-03-27_QUANTIDADE.csv enviado para o Supabase Storage
[2026-03-27T19:17:09.273+0000] {logging_mixin.py:190} INFO - Arquivo tempo_real_2026-03-27_CONSOLIDADO.csv enviado para o Supabase Storage
[2026-03-27T19:17:09.275+0000] {python.py:240} INFO - Done. Returned value was: None
[2026-03-27T19:17:09.289+0000] {taskinstance.py:341} INFO - ::group::Post task execution logs
[2026-03-27T19:17:09.290+0000] {taskinstance.py:353} INFO - Marking task as SUCCESS. dag_id=etl_tempo_real, task_id=load_supabase, run_id=manual__2026-03-27T19:13:25.949714+00:00, execution_date=20260327T191325, start_date=20260327T191656, end_date=20260327T191709
[2026-03-27T19:17:09.329+0000] {logging_mixin.py:190} INFO - Task instance in success state
[2026-03-27T19:17:09.330+0000] {logging_mixin.py:190} INFO -  Previous state of the Task instance: running
[2026-03-27T19:17:09.331+0000] {logging_mixin.py:190} INFO - Dag name:etl_tempo_real queued_at:2026-03-27 19:13:25.982197+00:00
[2026-03-27T19:17:09.332+0000] {logging_mixin.py:190} INFO - Task hostname:1abfc21eb0a8 operator:PythonOperator
[2026-03-27T19:17:09.389+0000] {local_task_job_runner.py:266} INFO - Task exited with return code 0
[2026-03-27T19:17:09.418+0000] {taskinstance.py:3901} INFO - 0 downstream tasks scheduled from follow-on schedule check
[2026-03-27T19:17:09.421+0000] {local_task_job_runner.py:245} INFO - ::endgroup::
