[2026-03-27T22:50:03.985+0000] {local_task_job_runner.py:123} INFO - ::group::Pre task execution logs
[2026-03-27T22:50:04.138+0000] {taskinstance.py:2614} INFO - Dependencies all met for dep_context=non-requeueable deps ti=<TaskInstance: etl_tempo_real.extract manual__2026-03-27T22:32:08.548306+00:00 [queued]>
[2026-03-27T22:50:04.149+0000] {taskinstance.py:2614} INFO - Dependencies all met for dep_context=requeueable deps ti=<TaskInstance: etl_tempo_real.extract manual__2026-03-27T22:32:08.548306+00:00 [queued]>
[2026-03-27T22:50:04.151+0000] {taskinstance.py:2867} INFO - Starting attempt 3 of 3
[2026-03-27T22:50:04.171+0000] {taskinstance.py:2890} INFO - Executing <Task(PythonOperator): extract> on 2026-03-27 22:32:08.548306+00:00
[2026-03-27T22:50:04.180+0000] {warnings.py:112} WARNING - /home/***/.local/lib/python3.12/site-packages/***/task/task_runner/standard_task_runner.py:70: DeprecationWarning: This process (pid=449) is multi-threaded, use of fork() may lead to deadlocks in the child.
  pid = os.fork()

[2026-03-27T22:50:04.182+0000] {standard_task_runner.py:72} INFO - Started process 454 to run task
[2026-03-27T22:50:04.183+0000] {standard_task_runner.py:104} INFO - Running: ['***', 'tasks', 'run', 'etl_tempo_real', 'extract', 'manual__2026-03-27T22:32:08.548306+00:00', '--job-id', '129', '--raw', '--subdir', 'DAGS_FOLDER/etl_tempo_real.py', '--cfg-path', '/tmp/tmpq3beg1g3']
[2026-03-27T22:50:04.184+0000] {standard_task_runner.py:105} INFO - Job 129: Subtask extract
[2026-03-27T22:50:04.254+0000] {task_command.py:467} INFO - Running <TaskInstance: etl_tempo_real.extract manual__2026-03-27T22:32:08.548306+00:00 [running]> on host 25278ba1f35a
[2026-03-27T22:50:04.363+0000] {taskinstance.py:3134} INFO - Exporting env vars: AIRFLOW_CTX_DAG_OWNER='***' AIRFLOW_CTX_DAG_ID='etl_tempo_real' AIRFLOW_CTX_TASK_ID='extract' AIRFLOW_CTX_EXECUTION_DATE='2026-03-27T22:32:08.548306+00:00' AIRFLOW_CTX_TRY_NUMBER='3' AIRFLOW_CTX_DAG_RUN_ID='manual__2026-03-27T22:32:08.548306+00:00'
[2026-03-27T22:50:04.366+0000] {logging_mixin.py:190} INFO - Task instance is in running state
[2026-03-27T22:50:04.367+0000] {logging_mixin.py:190} INFO -  Previous state of the Task instance: queued
[2026-03-27T22:50:04.368+0000] {logging_mixin.py:190} INFO - Current task name:extract state:running start_date:2026-03-27 22:50:04.139573+00:00
[2026-03-27T22:50:04.369+0000] {logging_mixin.py:190} INFO - Dag name:etl_tempo_real and current dag run status:running
[2026-03-27T22:50:04.370+0000] {taskinstance.py:732} INFO - ::endgroup::
[2026-03-27T22:50:04.445+0000] {logging_mixin.py:190} INFO - Iniciando extração - Download path: /data_tempo_real
[2026-03-27T22:50:04.447+0000] {logger.py:11} INFO - ====== WebDriver manager ======
[2026-03-27T22:50:04.548+0000] {logger.py:11} INFO - Get LATEST geckodriver version for 140.9 firefox
[2026-03-27T22:50:04.929+0000] {logger.py:11} INFO - Get LATEST geckodriver version for 140.9 firefox
[2026-03-27T22:50:05.069+0000] {logger.py:11} INFO - Driver [/home/***/.wdm/drivers/geckodriver/linux64/v0.36.0/geckodriver] found in cache
[2026-03-27T22:50:10.329+0000] {logging_mixin.py:190} INFO - Página carregada: https://www.tjpe.jus.br/rhsso/realms/tjpeconnect/protocol/openid-connect/auth?response_type=code&client_id=tjpereports&redirect_uri=https%3A%2F%2Fwww.tjpe.jus.br%2Ftjpereports%2Fxhtml%2Flogin.xhtml&state=69ec77c4-6cb5-4a2a-b04f-102e966db524&login=true&scope=openid
[2026-03-27T22:50:10.331+0000] {logging_mixin.py:190} INFO - Download path: /data_tempo_real
[2026-03-27T22:50:15.670+0000] {logging_mixin.py:190} INFO - URL após submit: https://www.tjpe.jus.br/rhsso/realms/tjpeconnect/login-actions/authenticate?execution=86865601-c9df-4b14-9337-25a121f00aca&client_id=tjpereports&tab_id=-D2L-kTAADo
[2026-03-27T22:50:17.676+0000] {logging_mixin.py:190} INFO - Código TOTP gerado: 631091
[2026-03-27T22:50:20.686+0000] {logging_mixin.py:190} INFO - Campo OTP encontrado
[2026-03-27T22:50:20.718+0000] {logging_mixin.py:190} INFO - Código TOTP inserido
[2026-03-27T22:50:22.788+0000] {logging_mixin.py:190} INFO - Formulário TOTP enviado
[2026-03-27T22:50:38.236+0000] {logging_mixin.py:190} INFO - URL atual: https://www.tjpe.jus.br/tjpereports/xhtml/manterRelatorio/executarRelatorio.xhtml
[2026-03-27T22:51:25.320+0000] {logging_mixin.py:190} INFO - Botão Exportar XLSX clicado
[2026-03-27T22:51:25.322+0000] {logging_mixin.py:190} INFO - Aguardando download na pasta: /data_tempo_real
[2026-03-27T22:53:05.407+0000] {logging_mixin.py:190} INFO - Download detectado: ['20260327195119_TJPEReports.xlsx']
[2026-03-27T22:53:05.410+0000] {logging_mixin.py:190} INFO - Novos arquivos xlsx: ['20260327195119_TJPEReports.xlsx']
[2026-03-27T22:53:05.410+0000] {logging_mixin.py:190} INFO - Fechando navegador...
[2026-03-27T22:55:05.502+0000] {connectionpool.py:868} WARNING - Retrying (Retry(total=2, connect=None, read=None, redirect=None, status=None)) after connection broken by 'ReadTimeoutError("HTTPConnectionPool(host='localhost', port=49995): Read timed out. (read timeout=120)")': /session/2dc42217-b67d-4e69-836f-781a36e86033
[2026-03-27T22:57:05.507+0000] {connectionpool.py:868} WARNING - Retrying (Retry(total=1, connect=None, read=None, redirect=None, status=None)) after connection broken by 'ReadTimeoutError("HTTPConnectionPool(host='localhost', port=49995): Read timed out. (read timeout=120)")': /session/2dc42217-b67d-4e69-836f-781a36e86033
[2026-03-27T22:59:06.516+0000] {connectionpool.py:868} WARNING - Retrying (Retry(total=0, connect=None, read=None, redirect=None, status=None)) after connection broken by 'ReadTimeoutError("HTTPConnectionPool(host='localhost', port=49995): Read timed out. (read timeout=120)")': /session/2dc42217-b67d-4e69-836f-781a36e86033
[2026-03-27T23:08:06.204+0000] {local_task_job_runner.py:346} WARNING - State of this instance has been externally set to failed. Terminating instance.
[2026-03-27T23:08:06.296+0000] {local_task_job_runner.py:245} INFO - ::endgroup::
[2026-03-27T23:08:06.355+0000] {process_utils.py:132} INFO - Sending 15 to group 454. PIDs of all processes in the group: [477, 480, 547, 559, 564, 649, 651, 677, 682, 745, 454]
[2026-03-27T23:08:06.363+0000] {process_utils.py:87} INFO - Sending the signal 15 to group 454
[2026-03-27T23:08:06.464+0000] {taskinstance.py:3094} ERROR - Received SIGTERM. Terminating subprocesses.
[2026-03-27T23:08:06.579+0000] {process_utils.py:80} INFO - Process psutil.Process(pid=564, status='terminated', started='22:50:05') (564) terminated with exit code None
[2026-03-27T23:08:06.584+0000] {process_utils.py:80} INFO - Process psutil.Process(pid=559, status='terminated', started='22:50:05') (559) terminated with exit code None
[2026-03-27T23:08:06.585+0000] {process_utils.py:80} INFO - Process psutil.Process(pid=480, status='terminated', started='22:50:04') (480) terminated with exit code None
[2026-03-27T23:08:06.601+0000] {process_utils.py:80} INFO - Process psutil.Process(pid=677, status='terminated', started='22:50:07') (677) terminated with exit code None
[2026-03-27T23:08:06.629+0000] {process_utils.py:80} INFO - Process psutil.Process(pid=745, status='terminated', started='22:50:09') (745) terminated with exit code None
[2026-03-27T23:08:06.631+0000] {process_utils.py:80} INFO - Process psutil.Process(pid=651, status='terminated', started='22:50:07') (651) terminated with exit code None
[2026-03-27T23:08:06.632+0000] {process_utils.py:80} INFO - Process psutil.Process(pid=547, status='terminated', started='22:50:04') (547) terminated with exit code None
[2026-03-27T23:08:06.634+0000] {process_utils.py:80} INFO - Process psutil.Process(pid=649, status='terminated', started='22:50:07') (649) terminated with exit code None
[2026-03-27T23:08:06.635+0000] {process_utils.py:80} INFO - Process psutil.Process(pid=682, status='terminated', started='22:50:07') (682) terminated with exit code None
[2026-03-27T23:08:07.330+0000] {taskinstance.py:3095} ERROR - Stacktrace: 
  File "/home/***/.local/bin/***", line 8, in <module>
    sys.exit(main())
  File "/home/***/.local/lib/python3.12/site-packages/***/__main__.py", line 62, in main
    args.func(args)
  File "/home/***/.local/lib/python3.12/site-packages/***/cli/cli_config.py", line 49, in command
    return func(*args, **kwargs)
  File "/home/***/.local/lib/python3.12/site-packages/***/utils/cli.py", line 116, in wrapper
    return f(*args, **kwargs)
  File "/home/***/.local/lib/python3.12/site-packages/***/providers/celery/cli/celery_command.py", line 64, in wrapper
    providers_configuration_loaded(func)(*args, **kwargs)
  File "/home/***/.local/lib/python3.12/site-packages/***/utils/providers_configuration_loader.py", line 55, in wrapped_function
    return func(*args, **kwargs)
  File "/home/***/.local/lib/python3.12/site-packages/***/providers/celery/cli/celery_command.py", line 237, in worker
    _run_command_with_daemon_option(
  File "/home/***/.local/lib/python3.12/site-packages/***/providers/celery/cli/celery_command.py", line 50, in _run_command_with_daemon_option
    run_command_with_daemon_option(*args, **kwargs)
  File "/home/***/.local/lib/python3.12/site-packages/***/cli/commands/daemon_utils.py", line 86, in run_command_with_daemon_option
    callback()
  File "/home/***/.local/lib/python3.12/site-packages/***/providers/celery/cli/celery_command.py", line 230, in run_celery_worker
    celery_app.worker_main(options)
  File "/home/***/.local/lib/python3.12/site-packages/celery/app/base.py", line 391, in worker_main
    self.start(argv=argv)
  File "/home/***/.local/lib/python3.12/site-packages/celery/app/base.py", line 371, in start
    celery.main(args=argv, standalone_mode=False)
  File "/home/***/.local/lib/python3.12/site-packages/click/core.py", line 1082, in main
    rv = self.invoke(ctx)
  File "/home/***/.local/lib/python3.12/site-packages/click/core.py", line 1697, in invoke
    return _process_result(sub_ctx.command.invoke(sub_ctx))
  File "/home/***/.local/lib/python3.12/site-packages/click/core.py", line 1443, in invoke
    return ctx.invoke(self.callback, **ctx.params)
  File "/home/***/.local/lib/python3.12/site-packages/click/core.py", line 788, in invoke
    return __callback(*args, **kwargs)
  File "/home/***/.local/lib/python3.12/site-packages/click/decorators.py", line 33, in new_func
    return f(get_current_context(), *args, **kwargs)
  File "/home/***/.local/lib/python3.12/site-packages/celery/bin/base.py", line 135, in caller
    return f(ctx, *args, **kwargs)
  File "/home/***/.local/lib/python3.12/site-packages/celery/bin/worker.py", line 356, in worker
    worker.start()
  File "/home/***/.local/lib/python3.12/site-packages/celery/worker/worker.py", line 202, in start
    self.blueprint.start(self)
  File "/home/***/.local/lib/python3.12/site-packages/celery/bootsteps.py", line 116, in start
    step.start(parent)
  File "/home/***/.local/lib/python3.12/site-packages/celery/bootsteps.py", line 365, in start
    return self.obj.start()
  File "/home/***/.local/lib/python3.12/site-packages/celery/concurrency/base.py", line 130, in start
    self.on_start()
  File "/home/***/.local/lib/python3.12/site-packages/celery/concurrency/prefork.py", line 109, in on_start
    P = self._pool = Pool(processes=self.limit,
  File "/home/***/.local/lib/python3.12/site-packages/celery/concurrency/asynpool.py", line 464, in __init__
    super().__init__(processes, *args, **kwargs)
  File "/home/***/.local/lib/python3.12/site-packages/billiard/pool.py", line 1046, in __init__
    self._create_worker_process(i)
  File "/home/***/.local/lib/python3.12/site-packages/celery/concurrency/asynpool.py", line 482, in _create_worker_process
    return super()._create_worker_process(i)
  File "/home/***/.local/lib/python3.12/site-packages/billiard/pool.py", line 1158, in _create_worker_process
    w.start()
  File "/home/***/.local/lib/python3.12/site-packages/billiard/process.py", line 120, in start
    self._popen = self._Popen(self)
  File "/home/***/.local/lib/python3.12/site-packages/billiard/context.py", line 331, in _Popen
    return Popen(process_obj)
  File "/home/***/.local/lib/python3.12/site-packages/billiard/popen_fork.py", line 22, in __init__
    self._launch(process_obj)
  File "/home/***/.local/lib/python3.12/site-packages/billiard/popen_fork.py", line 77, in _launch
    code = process_obj._bootstrap()
  File "/home/***/.local/lib/python3.12/site-packages/billiard/process.py", line 323, in _bootstrap
    self.run()
  File "/home/***/.local/lib/python3.12/site-packages/billiard/process.py", line 110, in run
    self._target(*self._args, **self._kwargs)
  File "/home/***/.local/lib/python3.12/site-packages/billiard/pool.py", line 292, in __call__
    sys.exit(self.workloop(pid=pid))
  File "/home/***/.local/lib/python3.12/site-packages/billiard/pool.py", line 362, in workloop
    result = (True, prepare_result(fun(*args, **kwargs)))
  File "/home/***/.local/lib/python3.12/site-packages/celery/app/trace.py", line 651, in fast_trace_task
    R, I, T, Rstr = tasks[task].__trace__(
  File "/home/***/.local/lib/python3.12/site-packages/celery/app/trace.py", line 453, in trace_task
    R = retval = fun(*args, **kwargs)
  File "/home/***/.local/lib/python3.12/site-packages/celery/app/trace.py", line 736, in __protected_call__
    return self.run(*args, **kwargs)
  File "/home/***/.local/lib/python3.12/site-packages/***/providers/celery/executors/celery_executor_utils.py", line 139, in execute_command
    _execute_in_fork(command_to_exec, celery_task_id)
  File "/home/***/.local/lib/python3.12/site-packages/***/providers/celery/executors/celery_executor_utils.py", line 171, in _execute_in_fork
    args.func(args)
  File "/home/***/.local/lib/python3.12/site-packages/***/cli/cli_config.py", line 49, in command
    return func(*args, **kwargs)
  File "/home/***/.local/lib/python3.12/site-packages/***/utils/cli.py", line 116, in wrapper
    return f(*args, **kwargs)
  File "/home/***/.local/lib/python3.12/site-packages/***/cli/commands/task_command.py", line 483, in task_run
    task_return_code = _run_task_by_selected_method(args, _dag, ti)
  File "/home/***/.local/lib/python3.12/site-packages/***/cli/commands/task_command.py", line 254, in _run_task_by_selected_method
    return _run_task_by_local_task_job(args, ti)
  File "/home/***/.local/lib/python3.12/site-packages/***/cli/commands/task_command.py", line 322, in _run_task_by_local_task_job
    ret = run_job(job=job_runner.job, execute_callable=job_runner._execute)
  File "/home/***/.local/lib/python3.12/site-packages/***/utils/session.py", line 97, in wrapper
    return func(*args, session=session, **kwargs)
  File "/home/***/.local/lib/python3.12/site-packages/***/jobs/job.py", line 421, in run_job
    return execute_job(job, execute_callable=execute_callable)
  File "/home/***/.local/lib/python3.12/site-packages/***/jobs/job.py", line 450, in execute_job
    ret = execute_callable()
  File "/home/***/.local/lib/python3.12/site-packages/***/jobs/local_task_job_runner.py", line 171, in _execute
    self.task_runner.start()
  File "/home/***/.local/lib/python3.12/site-packages/***/task/task_runner/standard_task_runner.py", line 55, in start
    self.process = self._start_by_fork()
  File "/home/***/.local/lib/python3.12/site-packages/***/task/task_runner/standard_task_runner.py", line 117, in _start_by_fork
    ret = args.func(args, dag=self.dag)
  File "/home/***/.local/lib/python3.12/site-packages/***/cli/cli_config.py", line 49, in command
    return func(*args, **kwargs)
  File "/home/***/.local/lib/python3.12/site-packages/***/utils/cli.py", line 116, in wrapper
    return f(*args, **kwargs)
  File "/home/***/.local/lib/python3.12/site-packages/***/cli/commands/task_command.py", line 483, in task_run
    task_return_code = _run_task_by_selected_method(args, _dag, ti)
  File "/home/***/.local/lib/python3.12/site-packages/***/cli/commands/task_command.py", line 256, in _run_task_by_selected_method
    return _run_raw_task(args, ti)
  File "/home/***/.local/lib/python3.12/site-packages/***/cli/commands/task_command.py", line 341, in _run_raw_task
    return ti._run_raw_task(
  File "/home/***/.local/lib/python3.12/site-packages/***/utils/session.py", line 97, in wrapper
    return func(*args, session=session, **kwargs)
  File "/home/***/.local/lib/python3.12/site-packages/***/models/taskinstance.py", line 3006, in _run_raw_task
    return _run_raw_task(
  File "/home/***/.local/lib/python3.12/site-packages/***/models/taskinstance.py", line 274, in _run_raw_task
    TaskInstance._execute_task_with_callbacks(
  File "/home/***/.local/lib/python3.12/site-packages/***/models/taskinstance.py", line 3161, in _execute_task_with_callbacks
    result = self._execute_task(context, task_orig)
  File "/home/***/.local/lib/python3.12/site-packages/***/models/taskinstance.py", line 3185, in _execute_task
    return _execute_task(self, context, task_orig)
  File "/home/***/.local/lib/python3.12/site-packages/***/models/taskinstance.py", line 768, in _execute_task
    result = _execute_callable(context=context, **execute_callable_kwargs)
  File "/home/***/.local/lib/python3.12/site-packages/***/models/taskinstance.py", line 734, in _execute_callable
    return ExecutionCallableRunner(
  File "/home/***/.local/lib/python3.12/site-packages/***/utils/operator_helpers.py", line 252, in run
    return self.func(*args, **kwargs)
  File "/home/***/.local/lib/python3.12/site-packages/***/models/baseoperator.py", line 424, in wrapper
    return func(self, *args, **kwargs)
  File "/home/***/.local/lib/python3.12/site-packages/***/operators/python.py", line 238, in execute
    return_value = self.execute_callable()
  File "/home/***/.local/lib/python3.12/site-packages/***/operators/python.py", line 256, in execute_callable
    return runner.run(*self.op_args, **self.op_kwargs)
  File "/home/***/.local/lib/python3.12/site-packages/***/utils/operator_helpers.py", line 252, in run
    return self.func(*args, **kwargs)
  File "/opt/***/project/src/extract_tempo_real.py", line 184, in extract_report_tempo_real
  File "/home/***/.local/lib/python3.12/site-packages/selenium/webdriver/common/webdriver.py", line 42, in quit
    self.service.stop()
  File "/home/***/.local/lib/python3.12/site-packages/selenium/webdriver/common/service.py", line 157, in stop
    self.send_remote_shutdown_command()
  File "/home/***/.local/lib/python3.12/site-packages/selenium/webdriver/common/service.py", line 138, in send_remote_shutdown_command
    request.urlopen(f"{self.service_url}/shutdown")
  File "/usr/local/lib/python3.12/urllib/request.py", line 215, in urlopen
    return opener.open(url, data, timeout)
  File "/usr/local/lib/python3.12/urllib/request.py", line 515, in open
    response = self._open(req, data)
  File "/usr/local/lib/python3.12/urllib/request.py", line 532, in _open
    result = self._call_chain(self.handle_open, protocol, protocol +
  File "/usr/local/lib/python3.12/urllib/request.py", line 492, in _call_chain
    result = func(*args)
  File "/usr/local/lib/python3.12/urllib/request.py", line 1373, in http_open
    return self.do_open(http.client.HTTPConnection, req)
  File "/usr/local/lib/python3.12/urllib/request.py", line 1348, in do_open
    r = h.getresponse()
  File "/usr/local/lib/python3.12/http/client.py", line 1430, in getresponse
    response.begin()
  File "/usr/local/lib/python3.12/http/client.py", line 331, in begin
    version, status, reason = self._read_status()
  File "/usr/local/lib/python3.12/http/client.py", line 292, in _read_status
    line = str(self.fp.readline(_MAXLINE + 1), "iso-8859-1")
  File "/usr/local/lib/python3.12/socket.py", line 720, in readinto
    return self._sock.recv_into(b)
  File "/home/***/.local/lib/python3.12/site-packages/***/models/taskinstance.py", line 3095, in signal_handler
    self.log.error("Stacktrace: \n%s", "".join(traceback.format_stack()))

[2026-03-27T23:08:07.801+0000] {process_utils.py:80} INFO - Process psutil.Process(pid=477, status='terminated', started='22:50:04') (477) terminated with exit code None
[2026-03-27T23:08:08.009+0000] {taskinstance.py:341} INFO - ::group::Post task execution logs
[2026-03-27T23:08:08.224+0000] {process_utils.py:80} INFO - Process psutil.Process(pid=454, status='terminated', exitcode=0, started='22:50:03') (454) terminated with exit code 0
