[2026-03-27T23:41:35.093+0000] {local_task_job_runner.py:123} INFO - ::group::Pre task execution logs
[2026-03-27T23:41:35.273+0000] {taskinstance.py:2614} INFO - Dependencies all met for dep_context=non-requeueable deps ti=<TaskInstance: etl_tempo_real.transform manual__2026-03-27T23:37:53.439957+00:00 [queued]>
[2026-03-27T23:41:35.290+0000] {taskinstance.py:2614} INFO - Dependencies all met for dep_context=requeueable deps ti=<TaskInstance: etl_tempo_real.transform manual__2026-03-27T23:37:53.439957+00:00 [queued]>
[2026-03-27T23:41:35.291+0000] {taskinstance.py:2867} INFO - Starting attempt 1 of 3
[2026-03-27T23:41:35.313+0000] {taskinstance.py:2890} INFO - Executing <Task(PythonOperator): transform> on 2026-03-27 23:37:53.439957+00:00
[2026-03-27T23:41:35.325+0000] {warnings.py:112} WARNING - /home/***/.local/lib/python3.12/site-packages/***/task/task_runner/standard_task_runner.py:70: DeprecationWarning: This process (pid=1832) is multi-threaded, use of fork() may lead to deadlocks in the child.
  pid = os.fork()

[2026-03-27T23:41:35.328+0000] {standard_task_runner.py:72} INFO - Started process 1835 to run task
[2026-03-27T23:41:35.329+0000] {standard_task_runner.py:104} INFO - Running: ['***', 'tasks', 'run', 'etl_tempo_real', 'transform', 'manual__2026-03-27T23:37:53.439957+00:00', '--job-id', '137', '--raw', '--subdir', 'DAGS_FOLDER/etl_tempo_real.py', '--cfg-path', '/tmp/tmpawt82783']
[2026-03-27T23:41:35.332+0000] {standard_task_runner.py:105} INFO - Job 137: Subtask transform
[2026-03-27T23:41:35.400+0000] {task_command.py:467} INFO - Running <TaskInstance: etl_tempo_real.transform manual__2026-03-27T23:37:53.439957+00:00 [running]> on host 25278ba1f35a
[2026-03-27T23:41:35.513+0000] {taskinstance.py:3134} INFO - Exporting env vars: AIRFLOW_CTX_DAG_OWNER='***' AIRFLOW_CTX_DAG_ID='etl_tempo_real' AIRFLOW_CTX_TASK_ID='transform' AIRFLOW_CTX_EXECUTION_DATE='2026-03-27T23:37:53.439957+00:00' AIRFLOW_CTX_TRY_NUMBER='1' AIRFLOW_CTX_DAG_RUN_ID='manual__2026-03-27T23:37:53.439957+00:00'
[2026-03-27T23:41:35.515+0000] {logging_mixin.py:190} INFO - Task instance is in running state
[2026-03-27T23:41:35.516+0000] {logging_mixin.py:190} INFO -  Previous state of the Task instance: queued
[2026-03-27T23:41:35.517+0000] {logging_mixin.py:190} INFO - Current task name:transform state:running start_date:2026-03-27 23:41:35.274250+00:00
[2026-03-27T23:41:35.518+0000] {logging_mixin.py:190} INFO - Dag name:etl_tempo_real and current dag run status:running
[2026-03-27T23:41:35.519+0000] {taskinstance.py:732} INFO - ::endgroup::
[2026-03-27T23:41:35.541+0000] {logging_mixin.py:190} INFO - Arquivos encontrados: ['/data_tempo_real/20260327193335_TJPEReports.xlsx', '/data_tempo_real/20260327194616_TJPEReports.xlsx', '/data_tempo_real/20260327195119_TJPEReports.xlsx', '/data_tempo_real/20260327203943_TJPEReports.xlsx']
[2026-03-27T23:41:35.549+0000] {logging_mixin.py:190} INFO - Arquivo mais recente: /data_tempo_real/20260327203943_TJPEReports.xlsx
[2026-03-27T23:41:35.952+0000] {warnings.py:112} WARNING - /home/***/.local/lib/python3.12/site-packages/openpyxl/styles/stylesheet.py:237: UserWarning: Workbook contains no default style, apply openpyxl's default
  warn("Workbook contains no default style, apply openpyxl's default")

[2026-03-27T23:41:42.545+0000] {logging_mixin.py:190} INFO - Número de colunas no DataFrame: 34
[2026-03-27T23:41:43.603+0000] {logging_mixin.py:190} INFO - 
Valores únicos na coluna Núcleo após as substituições:
[2026-03-27T23:41:43.605+0000] {logging_mixin.py:190} INFO - ['5ª CC' '4ª CCJ' '2ª CC' '6ª CCJ' '7ª CC' '3ª CC' '5ª CCJ' '6ª CC'
 '2ª CCJ' '4ª CC' '1ª CCJ' '3ª CCJ' 'PARTIDOR' '1ª CC']
[2026-03-27T23:41:44.497+0000] {logging_mixin.py:190} INFO - Arquivos copiados para /opt/***/project/contadoria/data_transform e /opt/***/project/contadoria/data_transform
[2026-03-27T23:41:46.201+0000] {logging_mixin.py:190} INFO - A tabela modificada foi salva como /opt/***/project/data_transform/final_tempo_real.xlsx
[2026-03-27T23:41:46.205+0000] {python.py:240} INFO - Done. Returned value was: None
[2026-03-27T23:41:46.219+0000] {taskinstance.py:341} INFO - ::group::Post task execution logs
[2026-03-27T23:41:46.221+0000] {taskinstance.py:353} INFO - Marking task as SUCCESS. dag_id=etl_tempo_real, task_id=transform, run_id=manual__2026-03-27T23:37:53.439957+00:00, execution_date=20260327T233753, start_date=20260327T234135, end_date=20260327T234146
[2026-03-27T23:41:46.254+0000] {logging_mixin.py:190} INFO - Task instance in success state
[2026-03-27T23:41:46.255+0000] {logging_mixin.py:190} INFO -  Previous state of the Task instance: running
[2026-03-27T23:41:46.257+0000] {logging_mixin.py:190} INFO - Dag name:etl_tempo_real queued_at:2026-03-27 23:37:53.739097+00:00
[2026-03-27T23:41:46.258+0000] {logging_mixin.py:190} INFO - Task hostname:25278ba1f35a operator:PythonOperator
[2026-03-27T23:41:46.301+0000] {local_task_job_runner.py:266} INFO - Task exited with return code 0
[2026-03-27T23:41:46.332+0000] {taskinstance.py:3901} INFO - 2 downstream tasks scheduled from follow-on schedule check
[2026-03-27T23:41:46.336+0000] {local_task_job_runner.py:245} INFO - ::endgroup::
