[2026-03-26T02:13:54.642+0000] {local_task_job_runner.py:123} INFO - ::group::Pre task execution logs
[2026-03-26T02:13:54.682+0000] {taskinstance.py:2614} INFO - Dependencies all met for dep_context=non-requeueable deps ti=<TaskInstance: etl_tempo_real.extract manual__2026-03-26T01:55:43.408577+00:00 [queued]>
[2026-03-26T02:13:54.699+0000] {taskinstance.py:2614} INFO - Dependencies all met for dep_context=requeueable deps ti=<TaskInstance: etl_tempo_real.extract manual__2026-03-26T01:55:43.408577+00:00 [queued]>
[2026-03-26T02:13:54.700+0000] {taskinstance.py:2867} INFO - Starting attempt 3 of 3
[2026-03-26T02:13:54.731+0000] {taskinstance.py:2890} INFO - Executing <Task(PythonOperator): extract> on 2026-03-26 01:55:43.408577+00:00
[2026-03-26T02:13:54.746+0000] {warnings.py:112} WARNING - /home/***/.local/lib/python3.12/site-packages/***/task/task_runner/standard_task_runner.py:70: DeprecationWarning: This process (pid=59) is multi-threaded, use of fork() may lead to deadlocks in the child.
  pid = os.fork()

[2026-03-26T02:13:54.749+0000] {standard_task_runner.py:72} INFO - Started process 62 to run task
[2026-03-26T02:13:54.750+0000] {standard_task_runner.py:104} INFO - Running: ['***', 'tasks', 'run', 'etl_tempo_real', 'extract', 'manual__2026-03-26T01:55:43.408577+00:00', '--job-id', '32', '--raw', '--subdir', 'DAGS_FOLDER/etl_tempo_real.py', '--cfg-path', '/tmp/tmpzyb56jjh']
[2026-03-26T02:13:54.753+0000] {standard_task_runner.py:105} INFO - Job 32: Subtask extract
[2026-03-26T02:13:54.852+0000] {task_command.py:467} INFO - Running <TaskInstance: etl_tempo_real.extract manual__2026-03-26T01:55:43.408577+00:00 [running]> on host 2b5dadb52f2a
[2026-03-26T02:13:55.037+0000] {taskinstance.py:3134} INFO - Exporting env vars: AIRFLOW_CTX_DAG_OWNER='***' AIRFLOW_CTX_DAG_ID='etl_tempo_real' AIRFLOW_CTX_TASK_ID='extract' AIRFLOW_CTX_EXECUTION_DATE='2026-03-26T01:55:43.408577+00:00' AIRFLOW_CTX_TRY_NUMBER='3' AIRFLOW_CTX_DAG_RUN_ID='manual__2026-03-26T01:55:43.408577+00:00'
[2026-03-26T02:13:55.042+0000] {logging_mixin.py:190} INFO - Task instance is in running state
[2026-03-26T02:13:55.043+0000] {logging_mixin.py:190} INFO -  Previous state of the Task instance: queued
[2026-03-26T02:13:55.045+0000] {logging_mixin.py:190} INFO - Current task name:extract state:running start_date:2026-03-26 02:13:54.683214+00:00
[2026-03-26T02:13:55.045+0000] {logging_mixin.py:190} INFO - Dag name:etl_tempo_real and current dag run status:running
[2026-03-26T02:13:55.046+0000] {taskinstance.py:732} INFO - ::endgroup::
[2026-03-26T02:13:55.215+0000] {logger.py:11} INFO - ====== WebDriver manager ======
[2026-03-26T02:13:55.404+0000] {logger.py:11} INFO - Get LATEST geckodriver version for 140.9 firefox
[2026-03-26T02:13:55.868+0000] {logger.py:11} INFO - Get LATEST geckodriver version for 140.9 firefox
[2026-03-26T02:13:56.244+0000] {logger.py:11} INFO - There is no [linux64] geckodriver "v0.36.0" for browser firefox "140.9" in cache
[2026-03-26T02:13:56.245+0000] {logger.py:11} INFO - Get LATEST geckodriver version for 140.9 firefox
[2026-03-26T02:13:56.810+0000] {logger.py:11} INFO - Getting latest mozilla release info for v0.36.0
[2026-03-26T02:13:57.506+0000] {logger.py:11} INFO - About to download new driver from https://github.com/mozilla/geckodriver/releases/download/v0.36.0/geckodriver-v0.36.0-linux64.tar.gz
[2026-03-26T02:13:57.992+0000] {logger.py:11} INFO - Driver downloading response is 200
[2026-03-26T02:14:00.119+0000] {logger.py:11} INFO - Get LATEST geckodriver version for 140.9 firefox
[2026-03-26T02:14:00.573+0000] {logger.py:11} INFO - Driver has been saved in cache [/home/***/.wdm/drivers/geckodriver/linux64/v0.36.0]
[2026-03-26T02:14:15.500+0000] {logging_mixin.py:190} INFO - URL após submit: https://www.tjpe.jus.br/rhsso/realms/tjpeconnect/login-actions/authenticate?execution=86865601-c9df-4b14-9337-25a121f00aca&client_id=tjpereports&tab_id=l4vEaIEAW6I
[2026-03-26T02:14:17.514+0000] {logging_mixin.py:190} INFO - Código TOTP gerado: 719612
[2026-03-26T02:14:20.533+0000] {logging_mixin.py:190} INFO - Campo OTP encontrado
[2026-03-26T02:14:20.613+0000] {logging_mixin.py:190} INFO - Código TOTP inserido
[2026-03-26T02:14:22.664+0000] {logging_mixin.py:190} INFO - Formulário TOTP enviado
[2026-03-26T02:14:41.730+0000] {logging_mixin.py:190} INFO - URL atual: https://www.tjpe.jus.br/tjpereports/xhtml/manterRelatorio/executarRelatorio.xhtml
[2026-03-26T02:15:29.655+0000] {logging_mixin.py:190} INFO - Aguardando download na pasta: C:\Users\lipea\Documents\12_projetos_portifolio\projeto_1_1\data_tempo_real
[2026-03-26T02:15:39.654+0000] {logging_mixin.py:190} INFO - Arquivos antes: []
[2026-03-26T02:17:29.644+0000] {logging_mixin.py:190} INFO - Arquivos depois: []
[2026-03-26T02:17:30.732+0000] {python.py:240} INFO - Done. Returned value was: None
[2026-03-26T02:17:30.754+0000] {taskinstance.py:341} INFO - ::group::Post task execution logs
[2026-03-26T02:17:30.755+0000] {taskinstance.py:353} INFO - Marking task as SUCCESS. dag_id=etl_tempo_real, task_id=extract, run_id=manual__2026-03-26T01:55:43.408577+00:00, execution_date=20260326T015543, start_date=20260326T021354, end_date=20260326T021730
[2026-03-26T02:17:30.803+0000] {logging_mixin.py:190} INFO - Task instance in success state
[2026-03-26T02:17:30.804+0000] {logging_mixin.py:190} INFO -  Previous state of the Task instance: running
[2026-03-26T02:17:30.805+0000] {logging_mixin.py:190} INFO - Dag name:etl_tempo_real queued_at:2026-03-26 01:55:43.464097+00:00
[2026-03-26T02:17:30.805+0000] {logging_mixin.py:190} INFO - Task hostname:2b5dadb52f2a operator:PythonOperator
[2026-03-26T02:17:30.854+0000] {local_task_job_runner.py:266} INFO - Task exited with return code 0
[2026-03-26T02:17:30.905+0000] {taskinstance.py:3901} INFO - 1 downstream tasks scheduled from follow-on schedule check
[2026-03-26T02:17:30.908+0000] {local_task_job_runner.py:245} INFO - ::endgroup::
