[2026-03-27T23:38:16.050+0000] {local_task_job_runner.py:123} INFO - ::group::Pre task execution logs
[2026-03-27T23:38:16.275+0000] {taskinstance.py:2614} INFO - Dependencies all met for dep_context=non-requeueable deps ti=<TaskInstance: etl_tempo_real.extract manual__2026-03-27T23:37:53.439957+00:00 [queued]>
[2026-03-27T23:38:16.296+0000] {taskinstance.py:2614} INFO - Dependencies all met for dep_context=requeueable deps ti=<TaskInstance: etl_tempo_real.extract manual__2026-03-27T23:37:53.439957+00:00 [queued]>
[2026-03-27T23:38:16.297+0000] {taskinstance.py:2867} INFO - Starting attempt 1 of 3
[2026-03-27T23:38:16.332+0000] {taskinstance.py:2890} INFO - Executing <Task(PythonOperator): extract> on 2026-03-27 23:37:53.439957+00:00
[2026-03-27T23:38:16.360+0000] {warnings.py:112} WARNING - /home/***/.local/lib/python3.12/site-packages/***/task/task_runner/standard_task_runner.py:70: DeprecationWarning: This process (pid=1447) is multi-threaded, use of fork() may lead to deadlocks in the child.
  pid = os.fork()

[2026-03-27T23:38:16.363+0000] {standard_task_runner.py:72} INFO - Started process 1450 to run task
[2026-03-27T23:38:16.363+0000] {standard_task_runner.py:104} INFO - Running: ['***', 'tasks', 'run', 'etl_tempo_real', 'extract', 'manual__2026-03-27T23:37:53.439957+00:00', '--job-id', '136', '--raw', '--subdir', 'DAGS_FOLDER/etl_tempo_real.py', '--cfg-path', '/tmp/tmpgrowf1vm']
[2026-03-27T23:38:16.365+0000] {standard_task_runner.py:105} INFO - Job 136: Subtask extract
[2026-03-27T23:38:16.448+0000] {task_command.py:467} INFO - Running <TaskInstance: etl_tempo_real.extract manual__2026-03-27T23:37:53.439957+00:00 [running]> on host 25278ba1f35a
[2026-03-27T23:38:16.630+0000] {taskinstance.py:3134} INFO - Exporting env vars: AIRFLOW_CTX_DAG_OWNER='***' AIRFLOW_CTX_DAG_ID='etl_tempo_real' AIRFLOW_CTX_TASK_ID='extract' AIRFLOW_CTX_EXECUTION_DATE='2026-03-27T23:37:53.439957+00:00' AIRFLOW_CTX_TRY_NUMBER='1' AIRFLOW_CTX_DAG_RUN_ID='manual__2026-03-27T23:37:53.439957+00:00'
[2026-03-27T23:38:16.634+0000] {logging_mixin.py:190} INFO - Task instance is in running state
[2026-03-27T23:38:16.637+0000] {logging_mixin.py:190} INFO -  Previous state of the Task instance: queued
[2026-03-27T23:38:16.639+0000] {logging_mixin.py:190} INFO - Current task name:extract state:running start_date:2026-03-27 23:38:16.276497+00:00
[2026-03-27T23:38:16.641+0000] {logging_mixin.py:190} INFO - Dag name:etl_tempo_real and current dag run status:running
[2026-03-27T23:38:16.643+0000] {taskinstance.py:732} INFO - ::endgroup::
[2026-03-27T23:38:16.850+0000] {logging_mixin.py:190} INFO - Iniciando extração - Download path: /data_tempo_real
[2026-03-27T23:38:16.854+0000] {logger.py:11} INFO - ====== WebDriver manager ======
[2026-03-27T23:38:17.931+0000] {logger.py:11} INFO - Get LATEST geckodriver version for 140.9 firefox
[2026-03-27T23:38:18.755+0000] {logger.py:11} INFO - Get LATEST geckodriver version for 140.9 firefox
[2026-03-27T23:38:19.046+0000] {logger.py:11} INFO - Driver [/home/***/.wdm/drivers/geckodriver/linux64/v0.36.0/geckodriver] found in cache
[2026-03-27T23:38:32.001+0000] {logging_mixin.py:190} INFO - Página carregada: https://www.tjpe.jus.br/rhsso/realms/tjpeconnect/protocol/openid-connect/auth?response_type=code&client_id=tjpereports&redirect_uri=https%3A%2F%2Fwww.tjpe.jus.br%2Ftjpereports%2Fxhtml%2Flogin.xhtml&state=4e9210dd-febf-42c4-bf4b-e46cbfc8cb82&login=true&scope=openid
[2026-03-27T23:38:32.004+0000] {logging_mixin.py:190} INFO - Download path: /data_tempo_real
[2026-03-27T23:38:37.949+0000] {logging_mixin.py:190} INFO - URL após submit: https://www.tjpe.jus.br/rhsso/realms/tjpeconnect/login-actions/authenticate?execution=86865601-c9df-4b14-9337-25a121f00aca&client_id=tjpereports&tab_id=oBpF1sqDoV0
[2026-03-27T23:38:39.974+0000] {logging_mixin.py:190} INFO - Código TOTP gerado: 727263
[2026-03-27T23:38:42.995+0000] {logging_mixin.py:190} INFO - Campo OTP encontrado
[2026-03-27T23:38:43.040+0000] {logging_mixin.py:190} INFO - Código TOTP inserido
[2026-03-27T23:38:46.126+0000] {logging_mixin.py:190} INFO - Formulário TOTP enviado
[2026-03-27T23:39:02.236+0000] {logging_mixin.py:190} INFO - URL atual: https://www.tjpe.jus.br/tjpereports/xhtml/manterRelatorio/executarRelatorio.xhtml
[2026-03-27T23:39:49.763+0000] {logging_mixin.py:190} INFO - Botão Exportar XLSX clicado
[2026-03-27T23:39:49.764+0000] {logging_mixin.py:190} INFO - Aguardando download na pasta: /data_tempo_real
[2026-03-27T23:41:30.741+0000] {logging_mixin.py:190} INFO - Download detectado: ['20260327203943_TJPEReports.xlsx']
[2026-03-27T23:41:30.746+0000] {logging_mixin.py:190} INFO - Novos arquivos xlsx: ['20260327203943_TJPEReports.xlsx']
[2026-03-27T23:41:30.747+0000] {logging_mixin.py:190} INFO - Fechando navegador...
[2026-03-27T23:41:31.607+0000] {logging_mixin.py:190} INFO - Navegador fechado
[2026-03-27T23:41:31.608+0000] {logging_mixin.py:190} INFO - Download concluído: ['20260327203943_TJPEReports.xlsx']
[2026-03-27T23:41:31.610+0000] {python.py:240} INFO - Done. Returned value was: True
[2026-03-27T23:41:31.675+0000] {taskinstance.py:341} INFO - ::group::Post task execution logs
[2026-03-27T23:41:31.676+0000] {taskinstance.py:353} INFO - Marking task as SUCCESS. dag_id=etl_tempo_real, task_id=extract, run_id=manual__2026-03-27T23:37:53.439957+00:00, execution_date=20260327T233753, start_date=20260327T233816, end_date=20260327T234131
[2026-03-27T23:41:31.726+0000] {logging_mixin.py:190} INFO - Task instance in success state
[2026-03-27T23:41:31.727+0000] {logging_mixin.py:190} INFO -  Previous state of the Task instance: running
[2026-03-27T23:41:31.728+0000] {logging_mixin.py:190} INFO - Dag name:etl_tempo_real queued_at:2026-03-27 23:37:53.739097+00:00
[2026-03-27T23:41:31.729+0000] {logging_mixin.py:190} INFO - Task hostname:25278ba1f35a operator:PythonOperator
[2026-03-27T23:41:31.778+0000] {local_task_job_runner.py:266} INFO - Task exited with return code 0
[2026-03-27T23:41:31.832+0000] {taskinstance.py:3901} INFO - 1 downstream tasks scheduled from follow-on schedule check
[2026-03-27T23:41:31.836+0000] {local_task_job_runner.py:245} INFO - ::endgroup::
