[2026-03-26T03:04:41.994+0000] {local_task_job_runner.py:123} INFO - ::group::Pre task execution logs
[2026-03-26T03:04:42.187+0000] {taskinstance.py:2614} INFO - Dependencies all met for dep_context=non-requeueable deps ti=<TaskInstance: etl_tempo_real.extract manual__2026-03-26T03:04:34.519049+00:00 [queued]>
[2026-03-26T03:04:42.203+0000] {taskinstance.py:2614} INFO - Dependencies all met for dep_context=requeueable deps ti=<TaskInstance: etl_tempo_real.extract manual__2026-03-26T03:04:34.519049+00:00 [queued]>
[2026-03-26T03:04:42.204+0000] {taskinstance.py:2867} INFO - Starting attempt 1 of 3
[2026-03-26T03:04:42.225+0000] {taskinstance.py:2890} INFO - Executing <Task(PythonOperator): extract> on 2026-03-26 03:04:34.519049+00:00
[2026-03-26T03:04:42.241+0000] {warnings.py:112} WARNING - /home/***/.local/lib/python3.12/site-packages/***/task/task_runner/standard_task_runner.py:70: DeprecationWarning: This process (pid=2452) is multi-threaded, use of fork() may lead to deadlocks in the child.
  pid = os.fork()

[2026-03-26T03:04:42.244+0000] {standard_task_runner.py:72} INFO - Started process 2456 to run task
[2026-03-26T03:04:42.244+0000] {standard_task_runner.py:104} INFO - Running: ['***', 'tasks', 'run', 'etl_tempo_real', 'extract', 'manual__2026-03-26T03:04:34.519049+00:00', '--job-id', '50', '--raw', '--subdir', 'DAGS_FOLDER/etl_tempo_real.py', '--cfg-path', '/tmp/tmp23ljsbja']
[2026-03-26T03:04:42.246+0000] {standard_task_runner.py:105} INFO - Job 50: Subtask extract
[2026-03-26T03:04:42.339+0000] {task_command.py:467} INFO - Running <TaskInstance: etl_tempo_real.extract manual__2026-03-26T03:04:34.519049+00:00 [running]> on host 186b4d63c7f5
[2026-03-26T03:04:42.479+0000] {taskinstance.py:3134} INFO - Exporting env vars: AIRFLOW_CTX_DAG_OWNER='***' AIRFLOW_CTX_DAG_ID='etl_tempo_real' AIRFLOW_CTX_TASK_ID='extract' AIRFLOW_CTX_EXECUTION_DATE='2026-03-26T03:04:34.519049+00:00' AIRFLOW_CTX_TRY_NUMBER='1' AIRFLOW_CTX_DAG_RUN_ID='manual__2026-03-26T03:04:34.519049+00:00'
[2026-03-26T03:04:42.482+0000] {logging_mixin.py:190} INFO - Task instance is in running state
[2026-03-26T03:04:42.483+0000] {logging_mixin.py:190} INFO -  Previous state of the Task instance: queued
[2026-03-26T03:04:42.484+0000] {logging_mixin.py:190} INFO - Current task name:extract state:running start_date:2026-03-26 03:04:42.188069+00:00
[2026-03-26T03:04:42.484+0000] {logging_mixin.py:190} INFO - Dag name:etl_tempo_real and current dag run status:running
[2026-03-26T03:04:42.485+0000] {taskinstance.py:732} INFO - ::endgroup::
[2026-03-26T03:04:42.654+0000] {logger.py:11} INFO - ====== WebDriver manager ======
[2026-03-26T03:04:42.954+0000] {logger.py:11} INFO - Get LATEST geckodriver version for 140.9 firefox
[2026-03-26T03:04:43.568+0000] {logger.py:11} INFO - Get LATEST geckodriver version for 140.9 firefox
[2026-03-26T03:04:43.765+0000] {logger.py:11} INFO - Driver [/home/***/.wdm/drivers/geckodriver/linux64/v0.36.0/geckodriver] found in cache
[2026-03-26T03:04:54.349+0000] {logging_mixin.py:190} INFO - Página carregada: https://www.tjpe.jus.br/rhsso/realms/tjpeconnect/protocol/openid-connect/auth?response_type=code&client_id=tjpereports&redirect_uri=https%3A%2F%2Fwww.tjpe.jus.br%2Ftjpereports%2Fxhtml%2Flogin.xhtml&state=3a83f0b4-d06d-4b22-9958-a63f20a053df&login=true&scope=openid
[2026-03-26T03:04:59.655+0000] {logging_mixin.py:190} INFO - URL após submit: https://www.tjpe.jus.br/rhsso/realms/tjpeconnect/login-actions/authenticate?execution=86865601-c9df-4b14-9337-25a121f00aca&client_id=tjpereports&tab_id=FQz-9Mf3LRg
[2026-03-26T03:05:01.666+0000] {logging_mixin.py:190} INFO - Código TOTP gerado: 048904
[2026-03-26T03:05:04.682+0000] {logging_mixin.py:190} INFO - Campo OTP encontrado
[2026-03-26T03:05:04.750+0000] {logging_mixin.py:190} INFO - Código TOTP inserido
[2026-03-26T03:05:06.799+0000] {logging_mixin.py:190} INFO - Formulário TOTP enviado
[2026-03-26T03:05:22.277+0000] {logging_mixin.py:190} INFO - URL atual: https://www.tjpe.jus.br/tjpereports/xhtml/manterRelatorio/executarRelatorio.xhtml
[2026-03-26T03:06:10.748+0000] {logging_mixin.py:190} INFO - Aguardando download na pasta: /data_tempo_real
[2026-03-26T03:06:25.749+0000] {logging_mixin.py:190} INFO - Arquivos antes: ['20260325235036_TJPEReports.xlsx', '20260325235401_TJPEReports.xlsx']
[2026-03-26T03:07:55.745+0000] {logging_mixin.py:190} INFO - Arquivos depois: ['20260325235036_TJPEReports.xlsx', '20260325235401_TJPEReports.xlsx', '20260326000606_TJPEReports.xlsx']
[2026-03-26T03:07:55.747+0000] {logging_mixin.py:190} INFO - Novos arquivos xlsx: ['20260326000606_TJPEReports.xlsx']
[2026-03-26T03:07:55.749+0000] {logging_mixin.py:190} INFO - Fechando navegador...
[2026-03-26T03:07:57.049+0000] {logging_mixin.py:190} INFO - Navegador fechado
[2026-03-26T03:07:57.051+0000] {logging_mixin.py:190} INFO - Download concluído: ['20260326000606_TJPEReports.xlsx']
[2026-03-26T03:07:57.054+0000] {python.py:240} INFO - Done. Returned value was: True
[2026-03-26T03:07:57.149+0000] {taskinstance.py:341} INFO - ::group::Post task execution logs
[2026-03-26T03:07:57.152+0000] {taskinstance.py:353} INFO - Marking task as SUCCESS. dag_id=etl_tempo_real, task_id=extract, run_id=manual__2026-03-26T03:04:34.519049+00:00, execution_date=20260326T030434, start_date=20260326T030442, end_date=20260326T030757
[2026-03-26T03:07:57.223+0000] {logging_mixin.py:190} INFO - Task instance in success state
[2026-03-26T03:07:57.226+0000] {logging_mixin.py:190} INFO -  Previous state of the Task instance: running
[2026-03-26T03:07:57.229+0000] {logging_mixin.py:190} INFO - Dag name:etl_tempo_real queued_at:2026-03-26 03:04:34.659978+00:00
[2026-03-26T03:07:57.231+0000] {logging_mixin.py:190} INFO - Task hostname:186b4d63c7f5 operator:PythonOperator
[2026-03-26T03:07:57.298+0000] {local_task_job_runner.py:266} INFO - Task exited with return code 0
[2026-03-26T03:07:57.386+0000] {taskinstance.py:3901} INFO - 1 downstream tasks scheduled from follow-on schedule check
[2026-03-26T03:07:57.390+0000] {local_task_job_runner.py:245} INFO - ::endgroup::
