[2026-03-27T18:22:24.857+0000] {local_task_job_runner.py:123} INFO - ::group::Pre task execution logs
[2026-03-27T18:22:25.053+0000] {taskinstance.py:2614} INFO - Dependencies all met for dep_context=non-requeueable deps ti=<TaskInstance: etl_tempo_real.transform manual__2026-03-27T18:13:47.332219+00:00 [queued]>
[2026-03-27T18:22:25.069+0000] {taskinstance.py:2614} INFO - Dependencies all met for dep_context=requeueable deps ti=<TaskInstance: etl_tempo_real.transform manual__2026-03-27T18:13:47.332219+00:00 [queued]>
[2026-03-27T18:22:25.070+0000] {taskinstance.py:2867} INFO - Starting attempt 2 of 3
[2026-03-27T18:22:25.088+0000] {taskinstance.py:2890} INFO - Executing <Task(PythonOperator): transform> on 2026-03-27 18:13:47.332219+00:00
[2026-03-27T18:22:25.099+0000] {warnings.py:112} WARNING - /home/***/.local/lib/python3.12/site-packages/***/task/task_runner/standard_task_runner.py:70: DeprecationWarning: This process (pid=441) is multi-threaded, use of fork() may lead to deadlocks in the child.
  pid = os.fork()

[2026-03-27T18:22:25.101+0000] {standard_task_runner.py:72} INFO - Started process 444 to run task
[2026-03-27T18:22:25.102+0000] {standard_task_runner.py:104} INFO - Running: ['***', 'tasks', 'run', 'etl_tempo_real', 'transform', 'manual__2026-03-27T18:13:47.332219+00:00', '--job-id', '82', '--raw', '--subdir', 'DAGS_FOLDER/etl_tempo_real.py', '--cfg-path', '/tmp/tmp1ep94k8x']
[2026-03-27T18:22:25.103+0000] {standard_task_runner.py:105} INFO - Job 82: Subtask transform
[2026-03-27T18:22:25.166+0000] {task_command.py:467} INFO - Running <TaskInstance: etl_tempo_real.transform manual__2026-03-27T18:13:47.332219+00:00 [running]> on host d67a7f6b0afd
[2026-03-27T18:22:25.267+0000] {taskinstance.py:3134} INFO - Exporting env vars: AIRFLOW_CTX_DAG_OWNER='***' AIRFLOW_CTX_DAG_ID='etl_tempo_real' AIRFLOW_CTX_TASK_ID='transform' AIRFLOW_CTX_EXECUTION_DATE='2026-03-27T18:13:47.332219+00:00' AIRFLOW_CTX_TRY_NUMBER='2' AIRFLOW_CTX_DAG_RUN_ID='manual__2026-03-27T18:13:47.332219+00:00'
[2026-03-27T18:22:25.269+0000] {logging_mixin.py:190} INFO - Task instance is in running state
[2026-03-27T18:22:25.270+0000] {logging_mixin.py:190} INFO -  Previous state of the Task instance: queued
[2026-03-27T18:22:25.271+0000] {logging_mixin.py:190} INFO - Current task name:transform state:running start_date:2026-03-27 18:22:25.054421+00:00
[2026-03-27T18:22:25.272+0000] {logging_mixin.py:190} INFO - Dag name:etl_tempo_real and current dag run status:running
[2026-03-27T18:22:25.273+0000] {taskinstance.py:732} INFO - ::endgroup::
[2026-03-27T18:22:25.305+0000] {logging_mixin.py:190} INFO - Arquivos encontrados: ['/data_tempo_real/20260327151521_TJPEReports.xlsx']
[2026-03-27T18:22:25.308+0000] {logging_mixin.py:190} INFO - Arquivo mais recente: /data_tempo_real/20260327151521_TJPEReports.xlsx
[2026-03-27T18:22:25.597+0000] {warnings.py:112} WARNING - /home/***/.local/lib/python3.12/site-packages/openpyxl/styles/stylesheet.py:237: UserWarning: Workbook contains no default style, apply openpyxl's default
  warn("Workbook contains no default style, apply openpyxl's default")

[2026-03-27T18:22:30.042+0000] {logging_mixin.py:190} INFO - Número de colunas no DataFrame: 34
[2026-03-27T18:22:31.461+0000] {logging_mixin.py:190} INFO - 
Valores únicos na coluna Núcleo após as substituições:
[2026-03-27T18:22:31.463+0000] {logging_mixin.py:190} INFO - ['5ª CC' '4ª CCJ' '2ª CC' '6ª CCJ' '7ª CC' '3ª CC' '5ª CCJ' '6ª CC'
 '2ª CCJ' '4ª CC' '1ª CCJ' '3ª CCJ' 'PARTIDOR' '1ª CC']
[2026-03-27T18:22:34.137+0000] {logging_mixin.py:190} INFO - Arquivos copiados para contadoria/data_transform e contadoria/data_transform
[2026-03-27T18:22:35.772+0000] {logging_mixin.py:190} INFO - A tabela modificada foi salva como final_tempo_real.xlsx
[2026-03-27T18:22:35.775+0000] {python.py:240} INFO - Done. Returned value was: None
[2026-03-27T18:22:35.791+0000] {taskinstance.py:341} INFO - ::group::Post task execution logs
[2026-03-27T18:22:35.792+0000] {taskinstance.py:353} INFO - Marking task as SUCCESS. dag_id=etl_tempo_real, task_id=transform, run_id=manual__2026-03-27T18:13:47.332219+00:00, execution_date=20260327T181347, start_date=20260327T182225, end_date=20260327T182235
[2026-03-27T18:22:35.830+0000] {logging_mixin.py:190} INFO - Task instance in success state
[2026-03-27T18:22:35.831+0000] {logging_mixin.py:190} INFO -  Previous state of the Task instance: running
[2026-03-27T18:22:35.832+0000] {logging_mixin.py:190} INFO - Dag name:etl_tempo_real queued_at:2026-03-27 18:13:47.369673+00:00
[2026-03-27T18:22:35.833+0000] {logging_mixin.py:190} INFO - Task hostname:d67a7f6b0afd operator:PythonOperator
[2026-03-27T18:22:35.876+0000] {local_task_job_runner.py:266} INFO - Task exited with return code 0
[2026-03-27T18:22:35.924+0000] {taskinstance.py:3901} INFO - 2 downstream tasks scheduled from follow-on schedule check
[2026-03-27T18:22:35.929+0000] {local_task_job_runner.py:245} INFO - ::endgroup::
