[2026-03-27T23:08:30.201+0000] {local_task_job_runner.py:123} INFO - ::group::Pre task execution logs
[2026-03-27T23:08:30.393+0000] {taskinstance.py:2614} INFO - Dependencies all met for dep_context=non-requeueable deps ti=<TaskInstance: etl_tempo_real.extract manual__2026-03-27T23:08:16.897755+00:00 [queued]>
[2026-03-27T23:08:30.406+0000] {taskinstance.py:2614} INFO - Dependencies all met for dep_context=requeueable deps ti=<TaskInstance: etl_tempo_real.extract manual__2026-03-27T23:08:16.897755+00:00 [queued]>
[2026-03-27T23:08:30.408+0000] {taskinstance.py:2867} INFO - Starting attempt 1 of 3
[2026-03-27T23:08:30.430+0000] {taskinstance.py:2890} INFO - Executing <Task(PythonOperator): extract> on 2026-03-27 23:08:16.897755+00:00
[2026-03-27T23:08:30.442+0000] {warnings.py:112} WARNING - /home/***/.local/lib/python3.12/site-packages/***/task/task_runner/standard_task_runner.py:70: DeprecationWarning: This process (pid=934) is multi-threaded, use of fork() may lead to deadlocks in the child.
  pid = os.fork()

[2026-03-27T23:08:30.445+0000] {standard_task_runner.py:72} INFO - Started process 937 to run task
[2026-03-27T23:08:30.446+0000] {standard_task_runner.py:104} INFO - Running: ['***', 'tasks', 'run', 'etl_tempo_real', 'extract', 'manual__2026-03-27T23:08:16.897755+00:00', '--job-id', '130', '--raw', '--subdir', 'DAGS_FOLDER/etl_tempo_real.py', '--cfg-path', '/tmp/tmpkkk_kepy']
[2026-03-27T23:08:30.448+0000] {standard_task_runner.py:105} INFO - Job 130: Subtask extract
[2026-03-27T23:08:30.519+0000] {task_command.py:467} INFO - Running <TaskInstance: etl_tempo_real.extract manual__2026-03-27T23:08:16.897755+00:00 [running]> on host 25278ba1f35a
[2026-03-27T23:08:30.827+0000] {taskinstance.py:3134} INFO - Exporting env vars: AIRFLOW_CTX_DAG_OWNER='***' AIRFLOW_CTX_DAG_ID='etl_tempo_real' AIRFLOW_CTX_TASK_ID='extract' AIRFLOW_CTX_EXECUTION_DATE='2026-03-27T23:08:16.897755+00:00' AIRFLOW_CTX_TRY_NUMBER='1' AIRFLOW_CTX_DAG_RUN_ID='manual__2026-03-27T23:08:16.897755+00:00'
[2026-03-27T23:08:30.830+0000] {logging_mixin.py:190} INFO - Task instance is in running state
[2026-03-27T23:08:30.831+0000] {logging_mixin.py:190} INFO -  Previous state of the Task instance: queued
[2026-03-27T23:08:30.832+0000] {logging_mixin.py:190} INFO - Current task name:extract state:running start_date:2026-03-27 23:08:30.394075+00:00
[2026-03-27T23:08:30.833+0000] {logging_mixin.py:190} INFO - Dag name:etl_tempo_real and current dag run status:running
[2026-03-27T23:08:30.835+0000] {taskinstance.py:732} INFO - ::endgroup::
[2026-03-27T23:08:31.241+0000] {logging_mixin.py:190} INFO - Iniciando extração - Download path: /data_tempo_real
[2026-03-27T23:08:31.243+0000] {logger.py:11} INFO - ====== WebDriver manager ======
[2026-03-27T23:08:31.974+0000] {logger.py:11} INFO - Get LATEST geckodriver version for 140.9 firefox
[2026-03-27T23:08:32.394+0000] {logger.py:11} INFO - Get LATEST geckodriver version for 140.9 firefox
[2026-03-27T23:08:32.872+0000] {logger.py:11} INFO - Driver [/home/***/.wdm/drivers/geckodriver/linux64/v0.36.0/geckodriver] found in cache
[2026-03-27T23:08:46.668+0000] {logging_mixin.py:190} INFO - Página carregada: https://www.tjpe.jus.br/rhsso/realms/tjpeconnect/protocol/openid-connect/auth?response_type=code&client_id=tjpereports&redirect_uri=https%3A%2F%2Fwww.tjpe.jus.br%2Ftjpereports%2Fxhtml%2Flogin.xhtml&state=9a30e445-0ca3-4984-9909-cfc0aa041ade&login=true&scope=openid
[2026-03-27T23:08:46.670+0000] {logging_mixin.py:190} INFO - Download path: /data_tempo_real
[2026-03-27T23:08:52.101+0000] {logging_mixin.py:190} INFO - URL após submit: https://www.tjpe.jus.br/rhsso/realms/tjpeconnect/login-actions/authenticate?execution=86865601-c9df-4b14-9337-25a121f00aca&client_id=tjpereports&tab_id=DsumAeESOTs
[2026-03-27T23:08:54.712+0000] {logging_mixin.py:190} INFO - Código TOTP gerado: 205199
[2026-03-27T23:08:57.720+0000] {logging_mixin.py:190} INFO - Campo OTP encontrado
[2026-03-27T23:08:57.751+0000] {logging_mixin.py:190} INFO - Código TOTP inserido
[2026-03-27T23:09:00.769+0000] {logging_mixin.py:190} INFO - Formulário TOTP enviado
[2026-03-27T23:09:18.128+0000] {logging_mixin.py:190} INFO - URL atual: https://www.tjpe.jus.br/tjpereports/xhtml/manterRelatorio/executarRelatorio.xhtml
[2026-03-27T23:10:07.515+0000] {logging_mixin.py:190} INFO - Botão Exportar XLSX clicado
[2026-03-27T23:10:07.516+0000] {logging_mixin.py:190} INFO - Aguardando download na pasta: /data_tempo_real
[2026-03-27T23:11:47.612+0000] {logging_mixin.py:190} INFO - Download detectado: ['20260327201001_TJPEReports.xlsx']
[2026-03-27T23:11:47.615+0000] {logging_mixin.py:190} INFO - Novos arquivos xlsx: ['20260327201001_TJPEReports.xlsx']
[2026-03-27T23:11:47.616+0000] {logging_mixin.py:190} INFO - Fechando navegador...
[2026-03-27T23:12:02.617+0000] {logging_mixin.py:190} INFO - Timeout ao fechar navegador, continuando...
[2026-03-27T23:12:02.619+0000] {logging_mixin.py:190} INFO - Download concluído: ['20260327201001_TJPEReports.xlsx']
[2026-03-27T23:12:02.621+0000] {python.py:240} INFO - Done. Returned value was: True
[2026-03-27T23:12:02.662+0000] {taskinstance.py:341} INFO - ::group::Post task execution logs
[2026-03-27T23:12:02.664+0000] {taskinstance.py:353} INFO - Marking task as SUCCESS. dag_id=etl_tempo_real, task_id=extract, run_id=manual__2026-03-27T23:08:16.897755+00:00, execution_date=20260327T230816, start_date=20260327T230830, end_date=20260327T231202
[2026-03-27T23:12:02.701+0000] {logging_mixin.py:190} INFO - Task instance in success state
[2026-03-27T23:12:02.703+0000] {logging_mixin.py:190} INFO -  Previous state of the Task instance: running
[2026-03-27T23:12:02.704+0000] {logging_mixin.py:190} INFO - Dag name:etl_tempo_real queued_at:2026-03-27 23:08:17.256061+00:00
[2026-03-27T23:12:02.705+0000] {logging_mixin.py:190} INFO - Task hostname:25278ba1f35a operator:PythonOperator
[2026-03-27T23:12:02.752+0000] {local_task_job_runner.py:266} INFO - Task exited with return code 0
[2026-03-27T23:12:02.799+0000] {taskinstance.py:3901} INFO - 1 downstream tasks scheduled from follow-on schedule check
[2026-03-27T23:12:02.802+0000] {local_task_job_runner.py:245} INFO - ::endgroup::
